[5.685s] DEBUG:colcon:Command line arguments: ['/usr/bin/colcon', 'build']
[5.686s] DEBUG:colcon:Parsed command line arguments: Namespace(log_base=None, log_level=None, verb_name='build', build_base='build', install_base='install', merge_install=False, symlink_install=False, test_result_base=None, continue_on_error=False, executor='parallel', parallel_workers=8, event_handlers=None, ignore_user_meta=False, metas=['./colcon.meta'], base_paths=['.'], packages_ignore=None, packages_ignore_regex=None, paths=None, packages_up_to=None, packages_up_to_regex=None, packages_above=None, packages_above_and_dependencies=None, packages_above_depth=None, packages_select_by_dep=None, packages_skip_by_dep=None, packages_skip_up_to=None, packages_select_build_failed=False, packages_skip_build_finished=False, packages_select_test_failures=False, packages_skip_test_passed=False, packages_select=None, packages_skip=None, packages_select_regex=None, packages_skip_regex=None, packages_start=None, packages_end=None, lookup_in_workspace=False, cargo_args=None, clean_build=False, cmake_args=None, cmake_target=None, cmake_target_skip_unavailable=False, cmake_clean_cache=False, cmake_clean_first=False, cmake_force_configure=False, ament_cmake_args=None, catkin_cmake_args=None, catkin_skip_building_tests=False, mixin_files=None, mixin=None, verb_parser=<colcon_mixin.mixin.mixin_argument.MixinArgumentDecorator object at 0x7f27b190ca30>, verb_extension=<colcon_core.verb.build.BuildVerb object at 0x7f27b229d960>, main=<bound method BuildVerb.main of <colcon_core.verb.build.BuildVerb object at 0x7f27b229d960>>, mixin_verb=('build',))
[6.095s] Level 1:colcon.colcon_core.package_discovery:discover_packages(colcon_meta) check parameters
[6.095s] Level 1:colcon.colcon_core.package_discovery:discover_packages(recursive) check parameters
[6.095s] Level 1:colcon.colcon_core.package_discovery:discover_packages(ignore) check parameters
[6.095s] Level 1:colcon.colcon_core.package_discovery:discover_packages(path) check parameters
[6.095s] Level 1:colcon.colcon_core.package_discovery:discover_packages(colcon_meta) discover
[6.095s] Level 1:colcon.colcon_core.package_discovery:discover_packages(recursive) discover
[6.095s] INFO:colcon.colcon_core.package_discovery:Crawling recursively for packages in '/home/user/ros2_ws'
[6.095s] Level 1:colcon.colcon_core.package_identification:_identify(.) by extensions ['ignore', 'ignore_ament_install']
[6.096s] Level 1:colcon.colcon_core.package_identification:_identify(.) by extension 'ignore'
[6.096s] Level 1:colcon.colcon_core.package_identification:_identify(.) by extension 'ignore_ament_install'
[6.096s] Level 1:colcon.colcon_core.package_identification:_identify(.) by extensions ['colcon_pkg']
[6.096s] Level 1:colcon.colcon_core.package_identification:_identify(.) by extension 'colcon_pkg'
[6.097s] Level 1:colcon.colcon_core.package_identification:_identify(.) by extensions ['colcon_meta']
[6.097s] Level 1:colcon.colcon_core.package_identification:_identify(.) by extension 'colcon_meta'
[6.097s] Level 1:colcon.colcon_core.package_identification:_identify(.) by extensions ['ament_cargo']
[6.097s] Level 1:colcon.colcon_core.package_identification:_identify(.) by extension 'ament_cargo'
[6.097s] Level 1:colcon.colcon_core.package_identification:_identify(.) by extensions ['ros']
[6.098s] Level 1:colcon.colcon_core.package_identification:_identify(.) by extension 'ros'
[6.173s] Level 1:colcon.colcon_core.package_identification:_identify(.) by extensions ['cargo', 'cmake', 'python']
[6.173s] Level 1:colcon.colcon_core.package_identification:_identify(.) by extension 'cargo'
[6.173s] Level 1:colcon.colcon_core.package_identification:_identify(.) by extension 'cmake'
[6.174s] Level 1:colcon.colcon_core.package_identification:_identify(.) by extension 'python'
[6.174s] Level 1:colcon.colcon_core.package_identification:_identify(.) by extensions ['python_setup_py']
[6.174s] Level 1:colcon.colcon_core.package_identification:_identify(.) by extension 'python_setup_py'
[6.174s] Level 1:colcon.colcon_core.package_identification:_identify(build) by extensions ['ignore', 'ignore_ament_install']
[6.174s] Level 1:colcon.colcon_core.package_identification:_identify(build) by extension 'ignore'
[6.174s] Level 1:colcon.colcon_core.package_identification:_identify(build) ignored
[6.174s] Level 1:colcon.colcon_core.package_identification:_identify(install) by extensions ['ignore', 'ignore_ament_install']
[6.175s] Level 1:colcon.colcon_core.package_identification:_identify(install) by extension 'ignore'
[6.175s] Level 1:colcon.colcon_core.package_identification:_identify(install) ignored
[6.175s] Level 1:colcon.colcon_core.package_identification:_identify(log) by extensions ['ignore', 'ignore_ament_install']
[6.175s] Level 1:colcon.colcon_core.package_identification:_identify(log) by extension 'ignore'
[6.175s] Level 1:colcon.colcon_core.package_identification:_identify(log) ignored
[6.175s] Level 1:colcon.colcon_core.package_identification:_identify(src) by extensions ['ignore', 'ignore_ament_install']
[6.175s] Level 1:colcon.colcon_core.package_identification:_identify(src) by extension 'ignore'
[6.175s] Level 1:colcon.colcon_core.package_identification:_identify(src) by extension 'ignore_ament_install'
[6.175s] Level 1:colcon.colcon_core.package_identification:_identify(src) by extensions ['colcon_pkg']
[6.175s] Level 1:colcon.colcon_core.package_identification:_identify(src) by extension 'colcon_pkg'
[6.175s] Level 1:colcon.colcon_core.package_identification:_identify(src) by extensions ['colcon_meta']
[6.175s] Level 1:colcon.colcon_core.package_identification:_identify(src) by extension 'colcon_meta'
[6.176s] Level 1:colcon.colcon_core.package_identification:_identify(src) by extensions ['ament_cargo']
[6.176s] Level 1:colcon.colcon_core.package_identification:_identify(src) by extension 'ament_cargo'
[6.176s] Level 1:colcon.colcon_core.package_identification:_identify(src) by extensions ['ros']
[6.176s] Level 1:colcon.colcon_core.package_identification:_identify(src) by extension 'ros'
[6.176s] Level 1:colcon.colcon_core.package_identification:_identify(src) by extensions ['cargo', 'cmake', 'python']
[6.176s] Level 1:colcon.colcon_core.package_identification:_identify(src) by extension 'cargo'
[6.176s] Level 1:colcon.colcon_core.package_identification:_identify(src) by extension 'cmake'
[6.177s] Level 1:colcon.colcon_core.package_identification:_identify(src) by extension 'python'
[6.177s] Level 1:colcon.colcon_core.package_identification:_identify(src) by extensions ['python_setup_py']
[6.177s] Level 1:colcon.colcon_core.package_identification:_identify(src) by extension 'python_setup_py'
[6.178s] Level 1:colcon.colcon_core.package_identification:_identify(src/path_planner_server) by extensions ['ignore', 'ignore_ament_install']
[6.178s] Level 1:colcon.colcon_core.package_identification:_identify(src/path_planner_server) by extension 'ignore'
[6.178s] Level 1:colcon.colcon_core.package_identification:_identify(src/path_planner_server) by extension 'ignore_ament_install'
[6.178s] Level 1:colcon.colcon_core.package_identification:_identify(src/path_planner_server) by extensions ['colcon_pkg']
[6.178s] Level 1:colcon.colcon_core.package_identification:_identify(src/path_planner_server) by extension 'colcon_pkg'
[6.178s] Level 1:colcon.colcon_core.package_identification:_identify(src/path_planner_server) by extensions ['colcon_meta']
[6.178s] Level 1:colcon.colcon_core.package_identification:_identify(src/path_planner_server) by extension 'colcon_meta'
[6.178s] Level 1:colcon.colcon_core.package_identification:_identify(src/path_planner_server) by extensions ['ament_cargo']
[6.178s] Level 1:colcon.colcon_core.package_identification:_identify(src/path_planner_server) by extension 'ament_cargo'
[6.179s] Level 1:colcon.colcon_core.package_identification:_identify(src/path_planner_server) by extensions ['ros']
[6.179s] Level 1:colcon.colcon_core.package_identification:_identify(src/path_planner_server) by extension 'ros'
[6.187s] DEBUG:colcon.colcon_core.package_identification:Package 'src/path_planner_server' with type 'ros.ament_python' and name 'path_planner_server'
[6.187s] Level 1:colcon.colcon_core.package_identification:_identify(src/project_localization) by extensions ['ignore', 'ignore_ament_install']
[6.187s] Level 1:colcon.colcon_core.package_identification:_identify(src/project_localization) by extension 'ignore'
[6.187s] Level 1:colcon.colcon_core.package_identification:_identify(src/project_localization) by extension 'ignore_ament_install'
[6.188s] Level 1:colcon.colcon_core.package_identification:_identify(src/project_localization) by extensions ['colcon_pkg']
[6.188s] Level 1:colcon.colcon_core.package_identification:_identify(src/project_localization) by extension 'colcon_pkg'
[6.188s] Level 1:colcon.colcon_core.package_identification:_identify(src/project_localization) by extensions ['colcon_meta']
[6.189s] Level 1:colcon.colcon_core.package_identification:_identify(src/project_localization) by extension 'colcon_meta'
[6.193s] Level 1:colcon.colcon_core.package_identification:_identify(src/project_localization) by extensions ['ament_cargo']
[6.194s] Level 1:colcon.colcon_core.package_identification:_identify(src/project_localization) by extension 'ament_cargo'
[6.194s] Level 1:colcon.colcon_core.package_identification:_identify(src/project_localization) by extensions ['ros']
[6.194s] Level 1:colcon.colcon_core.package_identification:_identify(src/project_localization) by extension 'ros'
[6.195s] DEBUG:colcon.colcon_core.package_identification:Package 'src/project_localization' with type 'ros.ament_python' and name 'project_localization'
[6.195s] Level 1:colcon.colcon_core.package_identification:_identify(src/project_mapping) by extensions ['ignore', 'ignore_ament_install']
[6.196s] Level 1:colcon.colcon_core.package_identification:_identify(src/project_mapping) by extension 'ignore'
[6.196s] Level 1:colcon.colcon_core.package_identification:_identify(src/project_mapping) by extension 'ignore_ament_install'
[6.196s] Level 1:colcon.colcon_core.package_identification:_identify(src/project_mapping) by extensions ['colcon_pkg']
[6.196s] Level 1:colcon.colcon_core.package_identification:_identify(src/project_mapping) by extension 'colcon_pkg'
[6.196s] Level 1:colcon.colcon_core.package_identification:_identify(src/project_mapping) by extensions ['colcon_meta']
[6.196s] Level 1:colcon.colcon_core.package_identification:_identify(src/project_mapping) by extension 'colcon_meta'
[6.196s] Level 1:colcon.colcon_core.package_identification:_identify(src/project_mapping) by extensions ['ament_cargo']
[6.196s] Level 1:colcon.colcon_core.package_identification:_identify(src/project_mapping) by extension 'ament_cargo'
[6.196s] Level 1:colcon.colcon_core.package_identification:_identify(src/project_mapping) by extensions ['ros']
[6.197s] Level 1:colcon.colcon_core.package_identification:_identify(src/project_mapping) by extension 'ros'
[6.202s] DEBUG:colcon.colcon_core.package_identification:Package 'src/project_mapping' with type 'ros.ament_python' and name 'project_mapping'
[6.202s] Level 1:colcon.colcon_core.package_identification:_identify(src/ros2_nav_files) by extensions ['ignore', 'ignore_ament_install']
[6.202s] Level 1:colcon.colcon_core.package_identification:_identify(src/ros2_nav_files) by extension 'ignore'
[6.203s] Level 1:colcon.colcon_core.package_identification:_identify(src/ros2_nav_files) by extension 'ignore_ament_install'
[6.203s] Level 1:colcon.colcon_core.package_identification:_identify(src/ros2_nav_files) by extensions ['colcon_pkg']
[6.203s] Level 1:colcon.colcon_core.package_identification:_identify(src/ros2_nav_files) by extension 'colcon_pkg'
[6.203s] Level 1:colcon.colcon_core.package_identification:_identify(src/ros2_nav_files) by extensions ['colcon_meta']
[6.203s] Level 1:colcon.colcon_core.package_identification:_identify(src/ros2_nav_files) by extension 'colcon_meta'
[6.203s] Level 1:colcon.colcon_core.package_identification:_identify(src/ros2_nav_files) by extensions ['ament_cargo']
[6.203s] Level 1:colcon.colcon_core.package_identification:_identify(src/ros2_nav_files) by extension 'ament_cargo'
[6.203s] Level 1:colcon.colcon_core.package_identification:_identify(src/ros2_nav_files) by extensions ['ros']
[6.204s] Level 1:colcon.colcon_core.package_identification:_identify(src/ros2_nav_files) by extension 'ros'
[6.204s] Level 1:colcon.colcon_core.package_identification:_identify(src/ros2_nav_files) by extensions ['cargo', 'cmake', 'python']
[6.204s] Level 1:colcon.colcon_core.package_identification:_identify(src/ros2_nav_files) by extension 'cargo'
[6.204s] Level 1:colcon.colcon_core.package_identification:_identify(src/ros2_nav_files) by extension 'cmake'
[6.205s] Level 1:colcon.colcon_core.package_identification:_identify(src/ros2_nav_files) by extension 'python'
[6.205s] Level 1:colcon.colcon_core.package_identification:_identify(src/ros2_nav_files) by extensions ['python_setup_py']
[6.205s] Level 1:colcon.colcon_core.package_identification:_identify(src/ros2_nav_files) by extension 'python_setup_py'
[6.205s] Level 1:colcon.colcon_core.package_identification:_identify(src/ros2_nav_files/nav2_course) by extensions ['ignore', 'ignore_ament_install']
[6.206s] Level 1:colcon.colcon_core.package_identification:_identify(src/ros2_nav_files/nav2_course) by extension 'ignore'
[6.207s] Level 1:colcon.colcon_core.package_identification:_identify(src/ros2_nav_files/nav2_course) by extension 'ignore_ament_install'
[6.207s] Level 1:colcon.colcon_core.package_identification:_identify(src/ros2_nav_files/nav2_course) by extensions ['colcon_pkg']
[6.207s] Level 1:colcon.colcon_core.package_identification:_identify(src/ros2_nav_files/nav2_course) by extension 'colcon_pkg'
[6.207s] Level 1:colcon.colcon_core.package_identification:_identify(src/ros2_nav_files/nav2_course) by extensions ['colcon_meta']
[6.207s] Level 1:colcon.colcon_core.package_identification:_identify(src/ros2_nav_files/nav2_course) by extension 'colcon_meta'
[6.207s] Level 1:colcon.colcon_core.package_identification:_identify(src/ros2_nav_files/nav2_course) by extensions ['ament_cargo']
[6.207s] Level 1:colcon.colcon_core.package_identification:_identify(src/ros2_nav_files/nav2_course) by extension 'ament_cargo'
[6.207s] Level 1:colcon.colcon_core.package_identification:_identify(src/ros2_nav_files/nav2_course) by extensions ['ros']
[6.207s] Level 1:colcon.colcon_core.package_identification:_identify(src/ros2_nav_files/nav2_course) by extension 'ros'
[6.263s] DEBUG:colcon.colcon_core.package_identification:Package 'src/ros2_nav_files/nav2_course' with type 'ros.ament_cmake' and name 'nav2_course'
[6.263s] Level 1:colcon.colcon_core.package_identification:_identify(src/ros2_nav_files/nav2_project) by extensions ['ignore', 'ignore_ament_install']
[6.264s] Level 1:colcon.colcon_core.package_identification:_identify(src/ros2_nav_files/nav2_project) by extension 'ignore'
[6.264s] Level 1:colcon.colcon_core.package_identification:_identify(src/ros2_nav_files/nav2_project) by extension 'ignore_ament_install'
[6.264s] Level 1:colcon.colcon_core.package_identification:_identify(src/ros2_nav_files/nav2_project) by extensions ['colcon_pkg']
[6.264s] Level 1:colcon.colcon_core.package_identification:_identify(src/ros2_nav_files/nav2_project) by extension 'colcon_pkg'
[6.264s] Level 1:colcon.colcon_core.package_identification:_identify(src/ros2_nav_files/nav2_project) by extensions ['colcon_meta']
[6.264s] Level 1:colcon.colcon_core.package_identification:_identify(src/ros2_nav_files/nav2_project) by extension 'colcon_meta'
[6.264s] Level 1:colcon.colcon_core.package_identification:_identify(src/ros2_nav_files/nav2_project) by extensions ['ament_cargo']
[6.264s] Level 1:colcon.colcon_core.package_identification:_identify(src/ros2_nav_files/nav2_project) by extension 'ament_cargo'
[6.264s] Level 1:colcon.colcon_core.package_identification:_identify(src/ros2_nav_files/nav2_project) by extensions ['ros']
[6.264s] Level 1:colcon.colcon_core.package_identification:_identify(src/ros2_nav_files/nav2_project) by extension 'ros'
[6.273s] DEBUG:colcon.colcon_core.package_identification:Package 'src/ros2_nav_files/nav2_project' with type 'ros.ament_python' and name 'nav2_project'
[6.273s] Level 1:colcon.colcon_core.package_identification:_identify(src/ros2_nav_files/rviz) by extensions ['ignore', 'ignore_ament_install']
[6.275s] Level 1:colcon.colcon_core.package_identification:_identify(src/ros2_nav_files/rviz) by extension 'ignore'
[6.280s] Level 1:colcon.colcon_core.package_identification:_identify(src/ros2_nav_files/rviz) by extension 'ignore_ament_install'
[6.280s] Level 1:colcon.colcon_core.package_identification:_identify(src/ros2_nav_files/rviz) by extensions ['colcon_pkg']
[6.281s] Level 1:colcon.colcon_core.package_identification:_identify(src/ros2_nav_files/rviz) by extension 'colcon_pkg'
[6.281s] Level 1:colcon.colcon_core.package_identification:_identify(src/ros2_nav_files/rviz) by extensions ['colcon_meta']
[6.281s] Level 1:colcon.colcon_core.package_identification:_identify(src/ros2_nav_files/rviz) by extension 'colcon_meta'
[6.281s] Level 1:colcon.colcon_core.package_identification:_identify(src/ros2_nav_files/rviz) by extensions ['ament_cargo']
[6.282s] Level 1:colcon.colcon_core.package_identification:_identify(src/ros2_nav_files/rviz) by extension 'ament_cargo'
[6.282s] Level 1:colcon.colcon_core.package_identification:_identify(src/ros2_nav_files/rviz) by extensions ['ros']
[6.282s] Level 1:colcon.colcon_core.package_identification:_identify(src/ros2_nav_files/rviz) by extension 'ros'
[6.282s] Level 1:colcon.colcon_core.package_identification:_identify(src/ros2_nav_files/rviz) by extensions ['cargo', 'cmake', 'python']
[6.283s] Level 1:colcon.colcon_core.package_identification:_identify(src/ros2_nav_files/rviz) by extension 'cargo'
[6.283s] Level 1:colcon.colcon_core.package_identification:_identify(src/ros2_nav_files/rviz) by extension 'cmake'
[6.283s] Level 1:colcon.colcon_core.package_identification:_identify(src/ros2_nav_files/rviz) by extension 'python'
[6.283s] Level 1:colcon.colcon_core.package_identification:_identify(src/ros2_nav_files/rviz) by extensions ['python_setup_py']
[6.284s] Level 1:colcon.colcon_core.package_identification:_identify(src/ros2_nav_files/rviz) by extension 'python_setup_py'
[6.284s] Level 1:colcon.colcon_core.package_discovery:discover_packages(recursive) using defaults
[6.284s] Level 1:colcon.colcon_core.package_discovery:discover_packages(ignore) discover
[6.284s] Level 1:colcon.colcon_core.package_discovery:discover_packages(ignore) using defaults
[6.284s] Level 1:colcon.colcon_core.package_discovery:discover_packages(path) discover
[6.285s] Level 1:colcon.colcon_core.package_discovery:discover_packages(path) using defaults
[6.564s] Level 5:colcon.colcon_core.verb:set package 'nav2_course' build argument 'lookup_in_workspace' from command line to 'False'
[6.564s] Level 5:colcon.colcon_core.verb:set package 'nav2_course' build argument 'cargo_args' from command line to 'None'
[6.564s] Level 5:colcon.colcon_core.verb:set package 'nav2_course' build argument 'clean_build' from command line to 'False'
[6.564s] Level 5:colcon.colcon_core.verb:set package 'nav2_course' build argument 'cmake_args' from command line to 'None'
[6.564s] Level 5:colcon.colcon_core.verb:set package 'nav2_course' build argument 'cmake_target' from command line to 'None'
[6.564s] Level 5:colcon.colcon_core.verb:set package 'nav2_course' build argument 'cmake_target_skip_unavailable' from command line to 'False'
[6.564s] Level 5:colcon.colcon_core.verb:set package 'nav2_course' build argument 'cmake_clean_cache' from command line to 'False'
[6.564s] Level 5:colcon.colcon_core.verb:set package 'nav2_course' build argument 'cmake_clean_first' from command line to 'False'
[6.564s] Level 5:colcon.colcon_core.verb:set package 'nav2_course' build argument 'cmake_force_configure' from command line to 'False'
[6.564s] Level 5:colcon.colcon_core.verb:set package 'nav2_course' build argument 'ament_cmake_args' from command line to 'None'
[6.564s] Level 5:colcon.colcon_core.verb:set package 'nav2_course' build argument 'catkin_cmake_args' from command line to 'None'
[6.564s] Level 5:colcon.colcon_core.verb:set package 'nav2_course' build argument 'catkin_skip_building_tests' from command line to 'False'
[6.564s] DEBUG:colcon.colcon_core.verb:Building package 'nav2_course' with the following arguments: {'ament_cmake_args': None, 'build_base': '/home/user/ros2_ws/build/nav2_course', 'cargo_args': None, 'catkin_cmake_args': None, 'catkin_skip_building_tests': False, 'clean_build': False, 'cmake_args': None, 'cmake_clean_cache': False, 'cmake_clean_first': False, 'cmake_force_configure': False, 'cmake_target': None, 'cmake_target_skip_unavailable': False, 'install_base': '/home/user/ros2_ws/install/nav2_course', 'lookup_in_workspace': False, 'merge_install': False, 'path': '/home/user/ros2_ws/src/ros2_nav_files/nav2_course', 'symlink_install': False, 'test_result_base': None}
[6.571s] Level 5:colcon.colcon_core.verb:set package 'nav2_project' build argument 'lookup_in_workspace' from command line to 'False'
[6.571s] Level 5:colcon.colcon_core.verb:set package 'nav2_project' build argument 'cargo_args' from command line to 'None'
[6.571s] Level 5:colcon.colcon_core.verb:set package 'nav2_project' build argument 'clean_build' from command line to 'False'
[6.571s] Level 5:colcon.colcon_core.verb:set package 'nav2_project' build argument 'cmake_args' from command line to 'None'
[6.571s] Level 5:colcon.colcon_core.verb:set package 'nav2_project' build argument 'cmake_target' from command line to 'None'
[6.571s] Level 5:colcon.colcon_core.verb:set package 'nav2_project' build argument 'cmake_target_skip_unavailable' from command line to 'False'
[6.571s] Level 5:colcon.colcon_core.verb:set package 'nav2_project' build argument 'cmake_clean_cache' from command line to 'False'
[6.571s] Level 5:colcon.colcon_core.verb:set package 'nav2_project' build argument 'cmake_clean_first' from command line to 'False'
[6.571s] Level 5:colcon.colcon_core.verb:set package 'nav2_project' build argument 'cmake_force_configure' from command line to 'False'
[6.571s] Level 5:colcon.colcon_core.verb:set package 'nav2_project' build argument 'ament_cmake_args' from command line to 'None'
[6.571s] Level 5:colcon.colcon_core.verb:set package 'nav2_project' build argument 'catkin_cmake_args' from command line to 'None'
[6.571s] Level 5:colcon.colcon_core.verb:set package 'nav2_project' build argument 'catkin_skip_building_tests' from command line to 'False'
[6.571s] DEBUG:colcon.colcon_core.verb:Building package 'nav2_project' with the following arguments: {'ament_cmake_args': None, 'build_base': '/home/user/ros2_ws/build/nav2_project', 'cargo_args': None, 'catkin_cmake_args': None, 'catkin_skip_building_tests': False, 'clean_build': False, 'cmake_args': None, 'cmake_clean_cache': False, 'cmake_clean_first': False, 'cmake_force_configure': False, 'cmake_target': None, 'cmake_target_skip_unavailable': False, 'install_base': '/home/user/ros2_ws/install/nav2_project', 'lookup_in_workspace': False, 'merge_install': False, 'path': '/home/user/ros2_ws/src/ros2_nav_files/nav2_project', 'symlink_install': False, 'test_result_base': None}
[6.580s] Level 5:colcon.colcon_core.verb:set package 'path_planner_server' build argument 'lookup_in_workspace' from command line to 'False'
[6.580s] Level 5:colcon.colcon_core.verb:set package 'path_planner_server' build argument 'cargo_args' from command line to 'None'
[6.580s] Level 5:colcon.colcon_core.verb:set package 'path_planner_server' build argument 'clean_build' from command line to 'False'
[6.580s] Level 5:colcon.colcon_core.verb:set package 'path_planner_server' build argument 'cmake_args' from command line to 'None'
[6.580s] Level 5:colcon.colcon_core.verb:set package 'path_planner_server' build argument 'cmake_target' from command line to 'None'
[6.580s] Level 5:colcon.colcon_core.verb:set package 'path_planner_server' build argument 'cmake_target_skip_unavailable' from command line to 'False'
[6.580s] Level 5:colcon.colcon_core.verb:set package 'path_planner_server' build argument 'cmake_clean_cache' from command line to 'False'
[6.580s] Level 5:colcon.colcon_core.verb:set package 'path_planner_server' build argument 'cmake_clean_first' from command line to 'False'
[6.580s] Level 5:colcon.colcon_core.verb:set package 'path_planner_server' build argument 'cmake_force_configure' from command line to 'False'
[6.580s] Level 5:colcon.colcon_core.verb:set package 'path_planner_server' build argument 'ament_cmake_args' from command line to 'None'
[6.580s] Level 5:colcon.colcon_core.verb:set package 'path_planner_server' build argument 'catkin_cmake_args' from command line to 'None'
[6.580s] Level 5:colcon.colcon_core.verb:set package 'path_planner_server' build argument 'catkin_skip_building_tests' from command line to 'False'
[6.580s] DEBUG:colcon.colcon_core.verb:Building package 'path_planner_server' with the following arguments: {'ament_cmake_args': None, 'build_base': '/home/user/ros2_ws/build/path_planner_server', 'cargo_args': None, 'catkin_cmake_args': None, 'catkin_skip_building_tests': False, 'clean_build': False, 'cmake_args': None, 'cmake_clean_cache': False, 'cmake_clean_first': False, 'cmake_force_configure': False, 'cmake_target': None, 'cmake_target_skip_unavailable': False, 'install_base': '/home/user/ros2_ws/install/path_planner_server', 'lookup_in_workspace': False, 'merge_install': False, 'path': '/home/user/ros2_ws/src/path_planner_server', 'symlink_install': False, 'test_result_base': None}
[6.606s] Level 5:colcon.colcon_core.verb:set package 'project_localization' build argument 'lookup_in_workspace' from command line to 'False'
[6.606s] Level 5:colcon.colcon_core.verb:set package 'project_localization' build argument 'cargo_args' from command line to 'None'
[6.606s] Level 5:colcon.colcon_core.verb:set package 'project_localization' build argument 'clean_build' from command line to 'False'
[6.606s] Level 5:colcon.colcon_core.verb:set package 'project_localization' build argument 'cmake_args' from command line to 'None'
[6.606s] Level 5:colcon.colcon_core.verb:set package 'project_localization' build argument 'cmake_target' from command line to 'None'
[6.606s] Level 5:colcon.colcon_core.verb:set package 'project_localization' build argument 'cmake_target_skip_unavailable' from command line to 'False'
[6.606s] Level 5:colcon.colcon_core.verb:set package 'project_localization' build argument 'cmake_clean_cache' from command line to 'False'
[6.607s] Level 5:colcon.colcon_core.verb:set package 'project_localization' build argument 'cmake_clean_first' from command line to 'False'
[6.607s] Level 5:colcon.colcon_core.verb:set package 'project_localization' build argument 'cmake_force_configure' from command line to 'False'
[6.607s] Level 5:colcon.colcon_core.verb:set package 'project_localization' build argument 'ament_cmake_args' from command line to 'None'
[6.607s] Level 5:colcon.colcon_core.verb:set package 'project_localization' build argument 'catkin_cmake_args' from command line to 'None'
[6.607s] Level 5:colcon.colcon_core.verb:set package 'project_localization' build argument 'catkin_skip_building_tests' from command line to 'False'
[6.607s] DEBUG:colcon.colcon_core.verb:Building package 'project_localization' with the following arguments: {'ament_cmake_args': None, 'build_base': '/home/user/ros2_ws/build/project_localization', 'cargo_args': None, 'catkin_cmake_args': None, 'catkin_skip_building_tests': False, 'clean_build': False, 'cmake_args': None, 'cmake_clean_cache': False, 'cmake_clean_first': False, 'cmake_force_configure': False, 'cmake_target': None, 'cmake_target_skip_unavailable': False, 'install_base': '/home/user/ros2_ws/install/project_localization', 'lookup_in_workspace': False, 'merge_install': False, 'path': '/home/user/ros2_ws/src/project_localization', 'symlink_install': False, 'test_result_base': None}
[6.674s] Level 5:colcon.colcon_core.verb:set package 'project_mapping' build argument 'lookup_in_workspace' from command line to 'False'
[6.680s] Level 5:colcon.colcon_core.verb:set package 'project_mapping' build argument 'cargo_args' from command line to 'None'
[6.680s] Level 5:colcon.colcon_core.verb:set package 'project_mapping' build argument 'clean_build' from command line to 'False'
[6.680s] Level 5:colcon.colcon_core.verb:set package 'project_mapping' build argument 'cmake_args' from command line to 'None'
[6.680s] Level 5:colcon.colcon_core.verb:set package 'project_mapping' build argument 'cmake_target' from command line to 'None'
[6.680s] Level 5:colcon.colcon_core.verb:set package 'project_mapping' build argument 'cmake_target_skip_unavailable' from command line to 'False'
[6.680s] Level 5:colcon.colcon_core.verb:set package 'project_mapping' build argument 'cmake_clean_cache' from command line to 'False'
[6.680s] Level 5:colcon.colcon_core.verb:set package 'project_mapping' build argument 'cmake_clean_first' from command line to 'False'
[6.680s] Level 5:colcon.colcon_core.verb:set package 'project_mapping' build argument 'cmake_force_configure' from command line to 'False'
[6.680s] Level 5:colcon.colcon_core.verb:set package 'project_mapping' build argument 'ament_cmake_args' from command line to 'None'
[6.681s] Level 5:colcon.colcon_core.verb:set package 'project_mapping' build argument 'catkin_cmake_args' from command line to 'None'
[6.681s] Level 5:colcon.colcon_core.verb:set package 'project_mapping' build argument 'catkin_skip_building_tests' from command line to 'False'
[6.681s] DEBUG:colcon.colcon_core.verb:Building package 'project_mapping' with the following arguments: {'ament_cmake_args': None, 'build_base': '/home/user/ros2_ws/build/project_mapping', 'cargo_args': None, 'catkin_cmake_args': None, 'catkin_skip_building_tests': False, 'clean_build': False, 'cmake_args': None, 'cmake_clean_cache': False, 'cmake_clean_first': False, 'cmake_force_configure': False, 'cmake_target': None, 'cmake_target_skip_unavailable': False, 'install_base': '/home/user/ros2_ws/install/project_mapping', 'lookup_in_workspace': False, 'merge_install': False, 'path': '/home/user/ros2_ws/src/project_mapping', 'symlink_install': False, 'test_result_base': None}
[6.682s] INFO:colcon.colcon_core.executor:Executing jobs using 'parallel' executor
[6.691s] DEBUG:colcon.colcon_parallel_executor.executor.parallel:run_until_complete
[6.691s] INFO:colcon.colcon_ros.task.ament_cmake.build:Building ROS package in '/home/user/ros2_ws/src/ros2_nav_files/nav2_course' with build type 'ament_cmake'
[6.693s] INFO:colcon.colcon_cmake.task.cmake.build:Building CMake package in '/home/user/ros2_ws/src/ros2_nav_files/nav2_course'
[6.786s] INFO:colcon.colcon_core.plugin_system:Skipping extension 'colcon_core.shell.bat': Not used on non-Windows systems
[6.786s] INFO:colcon.colcon_core.shell:Skip shell extension 'powershell' for command environment: Not usable outside of PowerShell
[6.786s] DEBUG:colcon.colcon_core.shell:Skip shell extension 'dsv' for command environment
[6.929s] INFO:colcon.colcon_ros.task.ament_python.build:Building ROS package in '/home/user/ros2_ws/src/ros2_nav_files/nav2_project' with build type 'ament_python'
[6.930s] Level 1:colcon.colcon_core.shell:create_environment_hook('nav2_project', 'ament_prefix_path')
[6.932s] INFO:colcon.colcon_core.shell:Creating environment hook '/home/user/ros2_ws/install/nav2_project/share/nav2_project/hook/ament_prefix_path.ps1'
[6.933s] INFO:colcon.colcon_core.shell:Creating environment descriptor '/home/user/ros2_ws/install/nav2_project/share/nav2_project/hook/ament_prefix_path.dsv'
[6.964s] INFO:colcon.colcon_core.shell:Creating environment hook '/home/user/ros2_ws/install/nav2_project/share/nav2_project/hook/ament_prefix_path.sh'
[6.972s] INFO:colcon.colcon_core.shell:Skip shell extension 'powershell' for command environment: Not usable outside of PowerShell
[6.972s] DEBUG:colcon.colcon_core.shell:Skip shell extension 'dsv' for command environment
[6.996s] INFO:colcon.colcon_ros.task.ament_python.build:Building ROS package in '/home/user/ros2_ws/src/path_planner_server' with build type 'ament_python'
[6.998s] Level 1:colcon.colcon_core.shell:create_environment_hook('path_planner_server', 'ament_prefix_path')
[7.000s] INFO:colcon.colcon_core.shell:Creating environment hook '/home/user/ros2_ws/install/path_planner_server/share/path_planner_server/hook/ament_prefix_path.ps1'
[7.002s] INFO:colcon.colcon_core.shell:Creating environment descriptor '/home/user/ros2_ws/install/path_planner_server/share/path_planner_server/hook/ament_prefix_path.dsv'
[7.003s] INFO:colcon.colcon_core.shell:Creating environment hook '/home/user/ros2_ws/install/path_planner_server/share/path_planner_server/hook/ament_prefix_path.sh'
[7.006s] INFO:colcon.colcon_core.shell:Skip shell extension 'powershell' for command environment: Not usable outside of PowerShell
[7.006s] DEBUG:colcon.colcon_core.shell:Skip shell extension 'dsv' for command environment
[7.081s] INFO:colcon.colcon_ros.task.ament_python.build:Building ROS package in '/home/user/ros2_ws/src/project_localization' with build type 'ament_python'
[7.082s] Level 1:colcon.colcon_core.shell:create_environment_hook('project_localization', 'ament_prefix_path')
[7.086s] INFO:colcon.colcon_core.shell:Creating environment hook '/home/user/ros2_ws/install/project_localization/share/project_localization/hook/ament_prefix_path.ps1'
[7.087s] INFO:colcon.colcon_core.shell:Creating environment descriptor '/home/user/ros2_ws/install/project_localization/share/project_localization/hook/ament_prefix_path.dsv'
[7.087s] INFO:colcon.colcon_core.shell:Creating environment hook '/home/user/ros2_ws/install/project_localization/share/project_localization/hook/ament_prefix_path.sh'
[7.091s] INFO:colcon.colcon_core.shell:Skip shell extension 'powershell' for command environment: Not usable outside of PowerShell
[7.091s] DEBUG:colcon.colcon_core.shell:Skip shell extension 'dsv' for command environment
[7.182s] INFO:colcon.colcon_ros.task.ament_python.build:Building ROS package in '/home/user/ros2_ws/src/project_mapping' with build type 'ament_python'
[7.182s] Level 1:colcon.colcon_core.shell:create_environment_hook('project_mapping', 'ament_prefix_path')
[7.190s] INFO:colcon.colcon_core.shell:Creating environment hook '/home/user/ros2_ws/install/project_mapping/share/project_mapping/hook/ament_prefix_path.ps1'
[7.191s] INFO:colcon.colcon_core.shell:Creating environment descriptor '/home/user/ros2_ws/install/project_mapping/share/project_mapping/hook/ament_prefix_path.dsv'
[7.192s] INFO:colcon.colcon_core.shell:Creating environment hook '/home/user/ros2_ws/install/project_mapping/share/project_mapping/hook/ament_prefix_path.sh'
[7.195s] INFO:colcon.colcon_core.shell:Skip shell extension 'powershell' for command environment: Not usable outside of PowerShell
[7.203s] DEBUG:colcon.colcon_core.shell:Skip shell extension 'dsv' for command environment
[7.382s] DEBUG:colcon.colcon_core.event_handler.log_command:Invoking command in '/home/user/ros2_ws/build/nav2_course': CMAKE_PREFIX_PATH=${CMAKE_PREFIX_PATH}:/home/simulations/ros2_sims_ws/install/rclrs_tests:/home/simulations/ros2_sims_ws/install/examples_rclrs_minimal_client_service:/home/simulations/ros2_sims_ws/install/sensor_msgs_py:/home/simulations/ros2_sims_ws/install/examples_rclrs_minimal_pub_sub:/home/simulations/ros2_sims_ws/install/examples_rclrs_message_demo:/home/simulations/ros2_sims_ws/install/rclrs:/home/simulations/ros2_sims_ws/install/rosidl_runtime_rs:/home/user/ros2_ws/install/project_mapping:/home/user/ros2_ws/install/project_localization:/home/user/ros2_ws/install/path_planner_server:/home/user/ros2_ws/install/nav2_project:/opt/ros/humble _=/usr/bin/env /usr/bin/cmake --build /home/user/ros2_ws/build/nav2_course -- -j8 -l8
[9.363s] INFO:colcon.colcon_core.task.python.build:Building Python package in '/home/user/ros2_ws/src/ros2_nav_files/nav2_project'
[9.368s] INFO:colcon.colcon_core.shell:Skip shell extension 'powershell' for command environment: Not usable outside of PowerShell
[9.368s] DEBUG:colcon.colcon_core.shell:Skip shell extension 'dsv' for command environment
[11.204s] INFO:colcon.colcon_core.task.python.build:Building Python package in '/home/user/ros2_ws/src/path_planner_server'
[11.208s] INFO:colcon.colcon_core.shell:Skip shell extension 'powershell' for command environment: Not usable outside of PowerShell
[11.208s] DEBUG:colcon.colcon_core.shell:Skip shell extension 'dsv' for command environment
[13.169s] INFO:colcon.colcon_core.task.python.build:Building Python package in '/home/user/ros2_ws/src/project_localization'
[13.172s] INFO:colcon.colcon_core.shell:Skip shell extension 'powershell' for command environment: Not usable outside of PowerShell
[13.172s] DEBUG:colcon.colcon_core.shell:Skip shell extension 'dsv' for command environment
[15.096s] INFO:colcon.colcon_core.task.python.build:Building Python package in '/home/user/ros2_ws/src/project_mapping'
[15.168s] INFO:colcon.colcon_core.shell:Skip shell extension 'powershell' for command environment: Not usable outside of PowerShell
[15.168s] DEBUG:colcon.colcon_core.shell:Skip shell extension 'dsv' for command environment
[15.314s] DEBUG:colcon.colcon_core.event_handler.log_command:Invoked command in '/home/user/ros2_ws/build/nav2_course' returned '0': CMAKE_PREFIX_PATH=${CMAKE_PREFIX_PATH}:/home/simulations/ros2_sims_ws/install/rclrs_tests:/home/simulations/ros2_sims_ws/install/examples_rclrs_minimal_client_service:/home/simulations/ros2_sims_ws/install/sensor_msgs_py:/home/simulations/ros2_sims_ws/install/examples_rclrs_minimal_pub_sub:/home/simulations/ros2_sims_ws/install/examples_rclrs_message_demo:/home/simulations/ros2_sims_ws/install/rclrs:/home/simulations/ros2_sims_ws/install/rosidl_runtime_rs:/home/user/ros2_ws/install/project_mapping:/home/user/ros2_ws/install/project_localization:/home/user/ros2_ws/install/path_planner_server:/home/user/ros2_ws/install/nav2_project:/opt/ros/humble _=/usr/bin/env /usr/bin/cmake --build /home/user/ros2_ws/build/nav2_course -- -j8 -l8
[16.178s] DEBUG:colcon.colcon_core.event_handler.log_command:Invoking command in '/home/user/ros2_ws/build/nav2_course': CMAKE_PREFIX_PATH=${CMAKE_PREFIX_PATH}:/home/simulations/ros2_sims_ws/install/rclrs_tests:/home/simulations/ros2_sims_ws/install/examples_rclrs_minimal_client_service:/home/simulations/ros2_sims_ws/install/sensor_msgs_py:/home/simulations/ros2_sims_ws/install/examples_rclrs_minimal_pub_sub:/home/simulations/ros2_sims_ws/install/examples_rclrs_message_demo:/home/simulations/ros2_sims_ws/install/rclrs:/home/simulations/ros2_sims_ws/install/rosidl_runtime_rs:/home/user/ros2_ws/install/project_mapping:/home/user/ros2_ws/install/project_localization:/home/user/ros2_ws/install/path_planner_server:/home/user/ros2_ws/install/nav2_project:/opt/ros/humble _=/usr/bin/env /usr/bin/cmake --install /home/user/ros2_ws/build/nav2_course
[16.376s] Level 1:colcon.colcon_core.environment:create_environment_scripts_only(nav2_course)
[16.382s] DEBUG:colcon.colcon_core.event_handler.log_command:Invoked command in '/home/user/ros2_ws/build/nav2_course' returned '0': CMAKE_PREFIX_PATH=${CMAKE_PREFIX_PATH}:/home/simulations/ros2_sims_ws/install/rclrs_tests:/home/simulations/ros2_sims_ws/install/examples_rclrs_minimal_client_service:/home/simulations/ros2_sims_ws/install/sensor_msgs_py:/home/simulations/ros2_sims_ws/install/examples_rclrs_minimal_pub_sub:/home/simulations/ros2_sims_ws/install/examples_rclrs_message_demo:/home/simulations/ros2_sims_ws/install/rclrs:/home/simulations/ros2_sims_ws/install/rosidl_runtime_rs:/home/user/ros2_ws/install/project_mapping:/home/user/ros2_ws/install/project_localization:/home/user/ros2_ws/install/path_planner_server:/home/user/ros2_ws/install/nav2_project:/opt/ros/humble _=/usr/bin/env /usr/bin/cmake --install /home/user/ros2_ws/build/nav2_course
[16.466s] Level 1:colcon.colcon_core.environment:checking '/home/user/ros2_ws/install/nav2_course' for CMake module files
[16.467s] Level 1:colcon.colcon_core.environment:checking '/home/user/ros2_ws/install/nav2_course' for CMake config files
[16.468s] Level 1:colcon.colcon_core.shell:create_environment_hook('nav2_course', 'cmake_prefix_path')
[16.473s] INFO:colcon.colcon_core.shell:Creating environment hook '/home/user/ros2_ws/install/nav2_course/share/nav2_course/hook/cmake_prefix_path.ps1'
[16.486s] INFO:colcon.colcon_core.shell:Creating environment descriptor '/home/user/ros2_ws/install/nav2_course/share/nav2_course/hook/cmake_prefix_path.dsv'
[16.486s] INFO:colcon.colcon_core.shell:Creating environment hook '/home/user/ros2_ws/install/nav2_course/share/nav2_course/hook/cmake_prefix_path.sh'
[16.488s] Level 1:colcon.colcon_core.environment:checking '/home/user/ros2_ws/install/nav2_course/bin'
[16.488s] Level 1:colcon.colcon_core.environment:checking '/home/user/ros2_ws/install/nav2_course/lib/pkgconfig/nav2_course.pc'
[16.488s] Level 1:colcon.colcon_core.environment:checking '/home/user/ros2_ws/install/nav2_course/lib/python3.10/site-packages'
[16.489s] Level 1:colcon.colcon_core.environment:checking '/home/user/ros2_ws/install/nav2_course/bin'
[16.491s] INFO:colcon.colcon_core.shell:Creating package script '/home/user/ros2_ws/install/nav2_course/share/nav2_course/package.ps1'
[16.562s] INFO:colcon.colcon_core.shell:Creating package descriptor '/home/user/ros2_ws/install/nav2_course/share/nav2_course/package.dsv'
[16.565s] INFO:colcon.colcon_core.shell:Creating package script '/home/user/ros2_ws/install/nav2_course/share/nav2_course/package.sh'
[16.567s] INFO:colcon.colcon_core.shell:Creating package script '/home/user/ros2_ws/install/nav2_course/share/nav2_course/package.bash'
[16.573s] INFO:colcon.colcon_core.shell:Creating package script '/home/user/ros2_ws/install/nav2_course/share/nav2_course/package.zsh'
[16.578s] Level 1:colcon.colcon_core.environment:create_file_with_runtime_dependencies(/home/user/ros2_ws/install/nav2_course/share/colcon-core/packages/nav2_course)
[17.400s] Level 1:colcon.colcon_core.environment:create_environment_scripts_only(nav2_course)
[17.404s] Level 1:colcon.colcon_core.environment:checking '/home/user/ros2_ws/install/nav2_course' for CMake module files
[17.405s] Level 1:colcon.colcon_core.environment:checking '/home/user/ros2_ws/install/nav2_course' for CMake config files
[17.406s] Level 1:colcon.colcon_core.shell:create_environment_hook('nav2_course', 'cmake_prefix_path')
[17.408s] INFO:colcon.colcon_core.shell:Creating environment hook '/home/user/ros2_ws/install/nav2_course/share/nav2_course/hook/cmake_prefix_path.ps1'
[17.410s] INFO:colcon.colcon_core.shell:Creating environment descriptor '/home/user/ros2_ws/install/nav2_course/share/nav2_course/hook/cmake_prefix_path.dsv'
[17.411s] INFO:colcon.colcon_core.shell:Creating environment hook '/home/user/ros2_ws/install/nav2_course/share/nav2_course/hook/cmake_prefix_path.sh'
[17.411s] Level 1:colcon.colcon_core.environment:checking '/home/user/ros2_ws/install/nav2_course/bin'
[17.412s] Level 1:colcon.colcon_core.environment:checking '/home/user/ros2_ws/install/nav2_course/lib/pkgconfig/nav2_course.pc'
[17.412s] Level 1:colcon.colcon_core.environment:checking '/home/user/ros2_ws/install/nav2_course/lib/python3.10/site-packages'
[17.412s] Level 1:colcon.colcon_core.environment:checking '/home/user/ros2_ws/install/nav2_course/bin'
[17.415s] INFO:colcon.colcon_core.shell:Creating package script '/home/user/ros2_ws/install/nav2_course/share/nav2_course/package.ps1'
[17.463s] INFO:colcon.colcon_core.shell:Creating package descriptor '/home/user/ros2_ws/install/nav2_course/share/nav2_course/package.dsv'
[17.464s] INFO:colcon.colcon_core.shell:Creating package script '/home/user/ros2_ws/install/nav2_course/share/nav2_course/package.sh'
[17.464s] INFO:colcon.colcon_core.shell:Creating package script '/home/user/ros2_ws/install/nav2_course/share/nav2_course/package.bash'
[17.468s] INFO:colcon.colcon_core.shell:Creating package script '/home/user/ros2_ws/install/nav2_course/share/nav2_course/package.zsh'
[17.470s] Level 1:colcon.colcon_core.environment:create_file_with_runtime_dependencies(/home/user/ros2_ws/install/nav2_course/share/colcon-core/packages/nav2_course)
[20.267s] DEBUG:colcon.colcon_core.event_handler.log_command:Invoking command in '/home/user/ros2_ws/src/project_mapping': PYTHONPATH=/home/user/ros2_ws/build/project_mapping/prefix_override:/home/user/ros2_ws/install/project_mapping/lib/python3.10/site-packages:${PYTHONPATH} _=/usr/bin/env /usr/bin/python3 setup.py egg_info --egg-base ../../build/project_mapping build --build-base /home/user/ros2_ws/build/project_mapping/build install --record /home/user/ros2_ws/build/project_mapping/install.log --single-version-externally-managed
[20.282s] DEBUG:colcon.colcon_core.event_handler.log_command:Invoking command in '/home/user/ros2_ws/src/ros2_nav_files/nav2_project': PYTHONPATH=/home/user/ros2_ws/build/nav2_project/prefix_override:/home/user/ros2_ws/install/nav2_project/lib/python3.10/site-packages:${PYTHONPATH} _=/usr/bin/env /usr/bin/python3 setup.py egg_info --egg-base ../../../build/nav2_project build --build-base /home/user/ros2_ws/build/nav2_project/build install --record /home/user/ros2_ws/build/nav2_project/install.log --install-scripts $base/lib/nav2_project --single-version-externally-managed
[20.295s] DEBUG:colcon.colcon_core.event_handler.log_command:Invoking command in '/home/user/ros2_ws/src/path_planner_server': PYTHONPATH=/home/user/ros2_ws/build/path_planner_server/prefix_override:/home/user/ros2_ws/install/path_planner_server/lib/python3.10/site-packages:${PYTHONPATH} _=/usr/bin/env /usr/bin/python3 setup.py egg_info --egg-base ../../build/path_planner_server build --build-base /home/user/ros2_ws/build/path_planner_server/build install --record /home/user/ros2_ws/build/path_planner_server/install.log --single-version-externally-managed
[20.481s] DEBUG:colcon.colcon_core.event_handler.log_command:Invoking command in '/home/user/ros2_ws/src/project_localization': PYTHONPATH=/home/user/ros2_ws/build/project_localization/prefix_override:/home/user/ros2_ws/install/project_localization/lib/python3.10/site-packages:${PYTHONPATH} _=/usr/bin/env /usr/bin/python3 setup.py egg_info --egg-base ../../build/project_localization build --build-base /home/user/ros2_ws/build/project_localization/build install --record /home/user/ros2_ws/build/project_localization/install.log --single-version-externally-managed
[23.268s] Level 1:colcon.colcon_core.environment:checking '/home/user/ros2_ws/install/project_mapping' for CMake module files
[23.270s] Level 1:colcon.colcon_core.environment:checking '/home/user/ros2_ws/install/project_mapping' for CMake config files
[23.269s] DEBUG:colcon.colcon_core.event_handler.log_command:Invoked command in '/home/user/ros2_ws/src/project_mapping' returned '0': PYTHONPATH=/home/user/ros2_ws/build/project_mapping/prefix_override:/home/user/ros2_ws/install/project_mapping/lib/python3.10/site-packages:${PYTHONPATH} _=/usr/bin/env /usr/bin/python3 setup.py egg_info --egg-base ../../build/project_mapping build --build-base /home/user/ros2_ws/build/project_mapping/build install --record /home/user/ros2_ws/build/project_mapping/install.log --single-version-externally-managed
[23.272s] Level 1:colcon.colcon_core.environment:checking '/home/user/ros2_ws/install/project_mapping/lib'
[23.273s] Level 1:colcon.colcon_core.environment:checking '/home/user/ros2_ws/install/project_mapping/bin'
[23.273s] Level 1:colcon.colcon_core.environment:checking '/home/user/ros2_ws/install/project_mapping/lib/pkgconfig/project_mapping.pc'
[23.274s] Level 1:colcon.colcon_core.environment:checking '/home/user/ros2_ws/install/project_mapping/lib/python3.10/site-packages'
[23.274s] Level 1:colcon.colcon_core.shell:create_environment_hook('project_mapping', 'pythonpath')
[23.278s] INFO:colcon.colcon_core.shell:Creating environment hook '/home/user/ros2_ws/install/project_mapping/share/project_mapping/hook/pythonpath.ps1'
[23.279s] INFO:colcon.colcon_core.shell:Creating environment descriptor '/home/user/ros2_ws/install/project_mapping/share/project_mapping/hook/pythonpath.dsv'
[23.280s] INFO:colcon.colcon_core.shell:Creating environment hook '/home/user/ros2_ws/install/project_mapping/share/project_mapping/hook/pythonpath.sh'
[23.282s] Level 1:colcon.colcon_core.environment:checking '/home/user/ros2_ws/install/project_mapping/bin'
[23.282s] Level 1:colcon.colcon_core.environment:create_environment_scripts_only(project_mapping)
[23.285s] INFO:colcon.colcon_core.shell:Creating package script '/home/user/ros2_ws/install/project_mapping/share/project_mapping/package.ps1'
[23.286s] INFO:colcon.colcon_core.shell:Creating package descriptor '/home/user/ros2_ws/install/project_mapping/share/project_mapping/package.dsv'
[23.297s] INFO:colcon.colcon_core.shell:Creating package script '/home/user/ros2_ws/install/project_mapping/share/project_mapping/package.sh'
[23.298s] INFO:colcon.colcon_core.shell:Creating package script '/home/user/ros2_ws/install/project_mapping/share/project_mapping/package.bash'
[23.298s] INFO:colcon.colcon_core.shell:Creating package script '/home/user/ros2_ws/install/project_mapping/share/project_mapping/package.zsh'
[23.299s] Level 1:colcon.colcon_core.environment:create_file_with_runtime_dependencies(/home/user/ros2_ws/install/project_mapping/share/colcon-core/packages/project_mapping)
[23.674s] Level 1:colcon.colcon_core.environment:checking '/home/user/ros2_ws/install/nav2_project' for CMake module files
[23.676s] Level 1:colcon.colcon_core.environment:checking '/home/user/ros2_ws/install/nav2_project' for CMake config files
[23.675s] DEBUG:colcon.colcon_core.event_handler.log_command:Invoked command in '/home/user/ros2_ws/src/ros2_nav_files/nav2_project' returned '0': PYTHONPATH=/home/user/ros2_ws/build/nav2_project/prefix_override:/home/user/ros2_ws/install/nav2_project/lib/python3.10/site-packages:${PYTHONPATH} _=/usr/bin/env /usr/bin/python3 setup.py egg_info --egg-base ../../../build/nav2_project build --build-base /home/user/ros2_ws/build/nav2_project/build install --record /home/user/ros2_ws/build/nav2_project/install.log --install-scripts $base/lib/nav2_project --single-version-externally-managed
[23.677s] Level 1:colcon.colcon_core.environment:checking '/home/user/ros2_ws/install/nav2_project/lib'
[23.678s] Level 1:colcon.colcon_core.environment:checking '/home/user/ros2_ws/install/nav2_project/bin'
[23.678s] Level 1:colcon.colcon_core.environment:checking '/home/user/ros2_ws/install/nav2_project/lib/pkgconfig/nav2_project.pc'
[23.678s] Level 1:colcon.colcon_core.environment:checking '/home/user/ros2_ws/install/nav2_project/lib/python3.10/site-packages'
[23.678s] Level 1:colcon.colcon_core.shell:create_environment_hook('nav2_project', 'pythonpath')
[23.681s] INFO:colcon.colcon_core.shell:Creating environment hook '/home/user/ros2_ws/install/nav2_project/share/nav2_project/hook/pythonpath.ps1'
[23.682s] INFO:colcon.colcon_core.shell:Creating environment descriptor '/home/user/ros2_ws/install/nav2_project/share/nav2_project/hook/pythonpath.dsv'
[23.682s] INFO:colcon.colcon_core.shell:Creating environment hook '/home/user/ros2_ws/install/nav2_project/share/nav2_project/hook/pythonpath.sh'
[23.683s] Level 1:colcon.colcon_core.environment:checking '/home/user/ros2_ws/install/nav2_project/bin'
[23.684s] Level 1:colcon.colcon_core.environment:create_environment_scripts_only(nav2_project)
[23.693s] INFO:colcon.colcon_core.shell:Creating package script '/home/user/ros2_ws/install/nav2_project/share/nav2_project/package.ps1'
[23.700s] INFO:colcon.colcon_core.shell:Creating package descriptor '/home/user/ros2_ws/install/nav2_project/share/nav2_project/package.dsv'
[23.701s] INFO:colcon.colcon_core.shell:Creating package script '/home/user/ros2_ws/install/nav2_project/share/nav2_project/package.sh'
[23.702s] INFO:colcon.colcon_core.shell:Creating package script '/home/user/ros2_ws/install/nav2_project/share/nav2_project/package.bash'
[23.702s] INFO:colcon.colcon_core.shell:Creating package script '/home/user/ros2_ws/install/nav2_project/share/nav2_project/package.zsh'
[23.703s] Level 1:colcon.colcon_core.environment:create_file_with_runtime_dependencies(/home/user/ros2_ws/install/nav2_project/share/colcon-core/packages/nav2_project)
[23.872s] Level 1:colcon.colcon_core.environment:checking '/home/user/ros2_ws/install/path_planner_server' for CMake module files
[23.874s] DEBUG:colcon.colcon_core.event_handler.log_command:Invoked command in '/home/user/ros2_ws/src/path_planner_server' returned '0': PYTHONPATH=/home/user/ros2_ws/build/path_planner_server/prefix_override:/home/user/ros2_ws/install/path_planner_server/lib/python3.10/site-packages:${PYTHONPATH} _=/usr/bin/env /usr/bin/python3 setup.py egg_info --egg-base ../../build/path_planner_server build --build-base /home/user/ros2_ws/build/path_planner_server/build install --record /home/user/ros2_ws/build/path_planner_server/install.log --single-version-externally-managed
[23.876s] Level 1:colcon.colcon_core.environment:checking '/home/user/ros2_ws/install/path_planner_server' for CMake config files
[23.880s] Level 1:colcon.colcon_core.environment:checking '/home/user/ros2_ws/install/path_planner_server/lib'
[23.880s] Level 1:colcon.colcon_core.environment:checking '/home/user/ros2_ws/install/path_planner_server/bin'
[23.881s] Level 1:colcon.colcon_core.environment:checking '/home/user/ros2_ws/install/path_planner_server/lib/pkgconfig/path_planner_server.pc'
[23.881s] Level 1:colcon.colcon_core.environment:checking '/home/user/ros2_ws/install/path_planner_server/lib/python3.10/site-packages'
[23.882s] Level 1:colcon.colcon_core.shell:create_environment_hook('path_planner_server', 'pythonpath')
[23.886s] INFO:colcon.colcon_core.shell:Creating environment hook '/home/user/ros2_ws/install/path_planner_server/share/path_planner_server/hook/pythonpath.ps1'
[23.887s] INFO:colcon.colcon_core.shell:Creating environment descriptor '/home/user/ros2_ws/install/path_planner_server/share/path_planner_server/hook/pythonpath.dsv'
[23.888s] INFO:colcon.colcon_core.shell:Creating environment hook '/home/user/ros2_ws/install/path_planner_server/share/path_planner_server/hook/pythonpath.sh'
[23.892s] Level 1:colcon.colcon_core.environment:checking '/home/user/ros2_ws/install/path_planner_server/bin'
[23.892s] Level 1:colcon.colcon_core.environment:create_environment_scripts_only(path_planner_server)
[23.898s] INFO:colcon.colcon_core.shell:Creating package script '/home/user/ros2_ws/install/path_planner_server/share/path_planner_server/package.ps1'
[23.902s] INFO:colcon.colcon_core.shell:Creating package descriptor '/home/user/ros2_ws/install/path_planner_server/share/path_planner_server/package.dsv'
[23.902s] INFO:colcon.colcon_core.shell:Creating package script '/home/user/ros2_ws/install/path_planner_server/share/path_planner_server/package.sh'
[23.905s] INFO:colcon.colcon_core.shell:Creating package script '/home/user/ros2_ws/install/path_planner_server/share/path_planner_server/package.bash'
[23.906s] INFO:colcon.colcon_core.shell:Creating package script '/home/user/ros2_ws/install/path_planner_server/share/path_planner_server/package.zsh'
[23.906s] Level 1:colcon.colcon_core.environment:create_file_with_runtime_dependencies(/home/user/ros2_ws/install/path_planner_server/share/colcon-core/packages/path_planner_server)
[24.199s] DEBUG:colcon.colcon_core.event_handler.log_command:Invoked command in '/home/user/ros2_ws/src/project_localization' returned '0': PYTHONPATH=/home/user/ros2_ws/build/project_localization/prefix_override:/home/user/ros2_ws/install/project_localization/lib/python3.10/site-packages:${PYTHONPATH} _=/usr/bin/env /usr/bin/python3 setup.py egg_info --egg-base ../../build/project_localization build --build-base /home/user/ros2_ws/build/project_localization/build install --record /home/user/ros2_ws/build/project_localization/install.log --single-version-externally-managed
[24.199s] Level 1:colcon.colcon_core.environment:checking '/home/user/ros2_ws/install/project_localization' for CMake module files
[24.201s] Level 1:colcon.colcon_core.environment:checking '/home/user/ros2_ws/install/project_localization' for CMake config files
[24.203s] Level 1:colcon.colcon_core.environment:checking '/home/user/ros2_ws/install/project_localization/lib'
[24.203s] Level 1:colcon.colcon_core.environment:checking '/home/user/ros2_ws/install/project_localization/bin'
[24.203s] Level 1:colcon.colcon_core.environment:checking '/home/user/ros2_ws/install/project_localization/lib/pkgconfig/project_localization.pc'
[24.204s] Level 1:colcon.colcon_core.environment:checking '/home/user/ros2_ws/install/project_localization/lib/python3.10/site-packages'
[24.204s] Level 1:colcon.colcon_core.shell:create_environment_hook('project_localization', 'pythonpath')
[24.207s] INFO:colcon.colcon_core.shell:Creating environment hook '/home/user/ros2_ws/install/project_localization/share/project_localization/hook/pythonpath.ps1'
[24.208s] INFO:colcon.colcon_core.shell:Creating environment descriptor '/home/user/ros2_ws/install/project_localization/share/project_localization/hook/pythonpath.dsv'
[24.208s] INFO:colcon.colcon_core.shell:Creating environment hook '/home/user/ros2_ws/install/project_localization/share/project_localization/hook/pythonpath.sh'
[24.265s] Level 1:colcon.colcon_core.environment:checking '/home/user/ros2_ws/install/project_localization/bin'
[24.266s] Level 1:colcon.colcon_core.environment:create_environment_scripts_only(project_localization)
[24.282s] INFO:colcon.colcon_core.shell:Creating package script '/home/user/ros2_ws/install/project_localization/share/project_localization/package.ps1'
[24.283s] INFO:colcon.colcon_core.shell:Creating package descriptor '/home/user/ros2_ws/install/project_localization/share/project_localization/package.dsv'
[24.284s] INFO:colcon.colcon_core.shell:Creating package script '/home/user/ros2_ws/install/project_localization/share/project_localization/package.sh'
[24.290s] INFO:colcon.colcon_core.shell:Creating package script '/home/user/ros2_ws/install/project_localization/share/project_localization/package.bash'
[24.297s] INFO:colcon.colcon_core.shell:Creating package script '/home/user/ros2_ws/install/project_localization/share/project_localization/package.zsh'
[24.298s] Level 1:colcon.colcon_core.environment:create_file_with_runtime_dependencies(/home/user/ros2_ws/install/project_localization/share/colcon-core/packages/project_localization)
[24.298s] DEBUG:colcon.colcon_parallel_executor.executor.parallel:closing loop
[24.299s] DEBUG:colcon.colcon_parallel_executor.executor.parallel:loop closed
[24.299s] DEBUG:colcon.colcon_parallel_executor.executor.parallel:run_until_complete finished with '0'
[24.300s] DEBUG:colcon.colcon_core.event_reactor:joining thread
[24.388s] INFO:colcon.colcon_core.plugin_system:Skipping extension 'colcon_notification.desktop_notification.notify_send': Could not find 'notify-send'
[24.388s] INFO:colcon.colcon_core.plugin_system:Skipping extension 'colcon_notification.desktop_notification.terminal_notifier': Not used on non-Darwin systems
[24.388s] INFO:colcon.colcon_core.plugin_system:Skipping extension 'colcon_notification.desktop_notification.win32': Not used on non-Windows systems
[24.388s] INFO:colcon.colcon_notification.desktop_notification:Sending desktop notification using 'notify2'
[24.418s] DEBUG:colcon.colcon_notification.desktop_notification.notify2:Failed to initialize notify2: org.freedesktop.DBus.Error.Spawn.ExecFailed: /usr/bin/dbus-launch terminated abnormally without any error message
[24.419s] DEBUG:colcon.colcon_core.event_reactor:joined thread
[24.423s] INFO:colcon.colcon_core.shell:Creating prefix script '/home/user/ros2_ws/install/local_setup.ps1'
[24.430s] INFO:colcon.colcon_core.shell:Creating prefix util module '/home/user/ros2_ws/install/_local_setup_util_ps1.py'
[24.446s] INFO:colcon.colcon_core.shell:Creating prefix chain script '/home/user/ros2_ws/install/setup.ps1'
[24.472s] INFO:colcon.colcon_core.shell:Creating prefix script '/home/user/ros2_ws/install/local_setup.sh'
[24.475s] INFO:colcon.colcon_core.shell:Creating prefix util module '/home/user/ros2_ws/install/_local_setup_util_sh.py'
[24.483s] INFO:colcon.colcon_core.shell:Creating prefix chain script '/home/user/ros2_ws/install/setup.sh'
[24.490s] INFO:colcon.colcon_core.shell:Creating prefix script '/home/user/ros2_ws/install/local_setup.bash'
[24.491s] INFO:colcon.colcon_core.shell:Creating prefix chain script '/home/user/ros2_ws/install/setup.bash'
[24.497s] INFO:colcon.colcon_core.shell:Creating prefix script '/home/user/ros2_ws/install/local_setup.zsh'
[24.499s] INFO:colcon.colcon_core.shell:Creating prefix chain script '/home/user/ros2_ws/install/setup.zsh'
