[0.070s] Invoking command in '/home/user/ros2_ws/build/nav2_course': CMAKE_PREFIX_PATH=${CMAKE_PREFIX_PATH}:/home/simulations/ros2_sims_ws/install/rclrs_tests:/home/simulations/ros2_sims_ws/install/examples_rclrs_minimal_client_service:/home/simulations/ros2_sims_ws/install/sensor_msgs_py:/home/simulations/ros2_sims_ws/install/examples_rclrs_minimal_pub_sub:/home/simulations/ros2_sims_ws/install/examples_rclrs_message_demo:/home/simulations/ros2_sims_ws/install/rclrs:/home/simulations/ros2_sims_ws/install/rosidl_runtime_rs:/opt/ros/humble _=/usr/bin/env /usr/bin/cmake /home/user/ros2_ws/src/ros2_nav_files/nav2_course -DCMAKE_INSTALL_PREFIX=/home/user/ros2_ws/install/nav2_course
[0.584s] -- The C compiler identification is GNU 11.3.0
[0.672s] -- The CXX compiler identification is GNU 11.3.0
[0.696s] -- Detecting C compiler ABI info
[0.844s] -- Detecting C compiler ABI info - done
[0.858s] -- Check for working C compiler: /usr/bin/cc - skipped
[0.859s] -- Detecting C compile features
[0.860s] -- Detecting C compile features - done
[0.868s] -- Detecting CXX compiler ABI info
[1.032s] -- Detecting CXX compiler ABI info - done
[1.044s] -- Check for working CXX compiler: /usr/bin/c++ - skipped
[1.045s] -- Detecting CXX compile features
[1.045s] -- Detecting CXX compile features - done
[1.063s] -- Found ament_cmake: 1.3.4 (/opt/ros/humble/share/ament_cmake/cmake)
[1.702s] -- Found Python3: /usr/bin/python3.10 (found version "3.10.6") found components: Interpreter 
[2.207s] -- Found nav2_common: 1.1.6 (/opt/ros/humble/share/nav2_common/cmake)
[2.236s] -- Found navigation2: 1.1.6 (/opt/ros/humble/share/navigation2/cmake)
[2.236s] -- Setting build type to Release as none was specified.
[2.247s] -- Found ament_lint_auto: 0.12.6 (/opt/ros/humble/share/ament_lint_auto/cmake)
[2.670s] -- Added test 'copyright' to check source files copyright and LICENSE
[2.680s] -- Added test 'flake8' to check Python code syntax and style conventions
[2.682s] -- Added test 'lint_cmake' to check CMake code style
[2.686s] -- Added test 'pep257' to check Python code against some of the docstring style conventions in PEP 257
[2.691s] -- Added test 'xmllint' to check XML markup files
[2.696s] -- Configuring done
[2.701s] -- Generating done
[2.707s] -- Build files have been written to: /home/user/ros2_ws/build/nav2_course
[2.710s] Invoked command in '/home/user/ros2_ws/build/nav2_course' returned '0': CMAKE_PREFIX_PATH=${CMAKE_PREFIX_PATH}:/home/simulations/ros2_sims_ws/install/rclrs_tests:/home/simulations/ros2_sims_ws/install/examples_rclrs_minimal_client_service:/home/simulations/ros2_sims_ws/install/sensor_msgs_py:/home/simulations/ros2_sims_ws/install/examples_rclrs_minimal_pub_sub:/home/simulations/ros2_sims_ws/install/examples_rclrs_message_demo:/home/simulations/ros2_sims_ws/install/rclrs:/home/simulations/ros2_sims_ws/install/rosidl_runtime_rs:/opt/ros/humble _=/usr/bin/env /usr/bin/cmake /home/user/ros2_ws/src/ros2_nav_files/nav2_course -DCMAKE_INSTALL_PREFIX=/home/user/ros2_ws/install/nav2_course
[2.713s] Invoking command in '/home/user/ros2_ws/build/nav2_course': CMAKE_PREFIX_PATH=${CMAKE_PREFIX_PATH}:/home/simulations/ros2_sims_ws/install/rclrs_tests:/home/simulations/ros2_sims_ws/install/examples_rclrs_minimal_client_service:/home/simulations/ros2_sims_ws/install/sensor_msgs_py:/home/simulations/ros2_sims_ws/install/examples_rclrs_minimal_pub_sub:/home/simulations/ros2_sims_ws/install/examples_rclrs_message_demo:/home/simulations/ros2_sims_ws/install/rclrs:/home/simulations/ros2_sims_ws/install/rosidl_runtime_rs:/opt/ros/humble _=/usr/bin/env /usr/bin/cmake --build /home/user/ros2_ws/build/nav2_course -- -j8 -l8
[2.799s] Invoked command in '/home/user/ros2_ws/build/nav2_course' returned '0': CMAKE_PREFIX_PATH=${CMAKE_PREFIX_PATH}:/home/simulations/ros2_sims_ws/install/rclrs_tests:/home/simulations/ros2_sims_ws/install/examples_rclrs_minimal_client_service:/home/simulations/ros2_sims_ws/install/sensor_msgs_py:/home/simulations/ros2_sims_ws/install/examples_rclrs_minimal_pub_sub:/home/simulations/ros2_sims_ws/install/examples_rclrs_message_demo:/home/simulations/ros2_sims_ws/install/rclrs:/home/simulations/ros2_sims_ws/install/rosidl_runtime_rs:/opt/ros/humble _=/usr/bin/env /usr/bin/cmake --build /home/user/ros2_ws/build/nav2_course -- -j8 -l8
[2.932s] Invoking command in '/home/user/ros2_ws/build/nav2_course': CMAKE_PREFIX_PATH=${CMAKE_PREFIX_PATH}:/home/simulations/ros2_sims_ws/install/rclrs_tests:/home/simulations/ros2_sims_ws/install/examples_rclrs_minimal_client_service:/home/simulations/ros2_sims_ws/install/sensor_msgs_py:/home/simulations/ros2_sims_ws/install/examples_rclrs_minimal_pub_sub:/home/simulations/ros2_sims_ws/install/examples_rclrs_message_demo:/home/simulations/ros2_sims_ws/install/rclrs:/home/simulations/ros2_sims_ws/install/rosidl_runtime_rs:/opt/ros/humble _=/usr/bin/env /usr/bin/cmake --install /home/user/ros2_ws/build/nav2_course
[2.950s] -- Install configuration: "Release"
[2.950s] -- Installing: /home/user/ros2_ws/install/nav2_course/share/nav2_course/launch
[2.950s] -- Installing: /home/user/ros2_ws/install/nav2_course/share/nav2_course/launch/map_saver.launch.py
[2.950s] -- Installing: /home/user/ros2_ws/install/nav2_course/share/nav2_course/launch/localization_launch.py
[2.964s] -- Installing: /home/user/ros2_ws/install/nav2_course/share/nav2_course/launch/rviz.launch.py
[2.964s] -- Installing: /home/user/ros2_ws/install/nav2_course/share/nav2_course/launch/map_server_launch.py
[2.965s] -- Installing: /home/user/ros2_ws/install/nav2_course/share/nav2_course/launch/nav2_demo.launch.py
[2.965s] -- Installing: /home/user/ros2_ws/install/nav2_course/share/nav2_course/launch/tb3_world_navigation_with_tools_launch.py
[2.965s] -- Installing: /home/user/ros2_ws/install/nav2_course/share/nav2_course/launch/nav2_complete.launch.py
[2.965s] -- Installing: /home/user/ros2_ws/install/nav2_course/share/nav2_course/launch/navigation2_launch.py
[2.966s] -- Installing: /home/user/ros2_ws/install/nav2_course/share/nav2_course/config
[2.966s] -- Installing: /home/user/ros2_ws/install/nav2_course/share/nav2_course/config/nav2_house_sim_params.yaml
[2.966s] -- Installing: /home/user/ros2_ws/install/nav2_course/share/nav2_course/config/navigate_w_replanning_and_recovery_old.xml
[2.966s] -- Installing: /home/user/ros2_ws/install/nav2_course/share/nav2_course/config/turtlebot3_world.yaml
[2.966s] -- Installing: /home/user/ros2_ws/install/nav2_course/share/nav2_course/config/turtlebot3_world.pgm
[2.967s] -- Installing: /home/user/ros2_ws/install/nav2_course/share/nav2_course/config/default.rviz
[2.967s] -- Installing: /home/user/ros2_ws/install/nav2_course/share/nav2_course/config/navigate_w_replanning_and_recovery.xml
[2.967s] -- Installing: /home/user/ros2_ws/install/nav2_course/share/nav2_course/config/nav2_default_view.rviz
[2.968s] -- Installing: /home/user/ros2_ws/install/nav2_course/share/nav2_course/config/nav2.yaml
[2.968s] -- Installing: /home/user/ros2_ws/install/nav2_course/share/nav2_course/config/localization_params.yaml
[2.968s] -- Installing: /home/user/ros2_ws/install/nav2_course/share/nav2_course/config/nav2_params.yaml
[2.969s] -- Installing: /home/user/ros2_ws/install/nav2_course/share/nav2_course/worlds
[2.969s] -- Installing: /home/user/ros2_ws/install/nav2_course/share/nav2_course/worlds/waffle.model
[2.969s] -- Installing: /home/user/ros2_ws/install/nav2_course/share/nav2_course/worlds/world_only.model
[2.970s] -- Installing: /home/user/ros2_ws/install/nav2_course/share/nav2_course/worlds/house_waffle.model
[2.970s] -- Installing: /home/user/ros2_ws/install/nav2_course/share/nav2_course/maps
[2.970s] -- Installing: /home/user/ros2_ws/install/nav2_course/share/nav2_course/maps/turtlebot_area.yaml
[2.970s] -- Installing: /home/user/ros2_ws/install/nav2_course/share/nav2_course/maps/turtlebot_area.pgm
[2.970s] -- Installing: /home/user/ros2_ws/install/nav2_course/share/ament_index/resource_index/package_run_dependencies/nav2_course
[2.971s] -- Installing: /home/user/ros2_ws/install/nav2_course/share/ament_index/resource_index/parent_prefix_path/nav2_course
[2.971s] -- Installing: /home/user/ros2_ws/install/nav2_course/share/nav2_course/environment/ament_prefix_path.sh
[2.971s] -- Installing: /home/user/ros2_ws/install/nav2_course/share/nav2_course/environment/ament_prefix_path.dsv
[2.971s] -- Installing: /home/user/ros2_ws/install/nav2_course/share/nav2_course/environment/path.sh
[2.972s] -- Installing: /home/user/ros2_ws/install/nav2_course/share/nav2_course/environment/path.dsv
[2.973s] -- Installing: /home/user/ros2_ws/install/nav2_course/share/nav2_course/local_setup.bash
[2.973s] -- Installing: /home/user/ros2_ws/install/nav2_course/share/nav2_course/local_setup.sh
[2.974s] -- Installing: /home/user/ros2_ws/install/nav2_course/share/nav2_course/local_setup.zsh
[2.974s] -- Installing: /home/user/ros2_ws/install/nav2_course/share/nav2_course/local_setup.dsv
[2.974s] -- Installing: /home/user/ros2_ws/install/nav2_course/share/nav2_course/package.dsv
[2.974s] -- Installing: /home/user/ros2_ws/install/nav2_course/share/ament_index/resource_index/packages/nav2_course
[2.974s] -- Installing: /home/user/ros2_ws/install/nav2_course/share/nav2_course/cmake/nav2_courseConfig.cmake
[2.975s] -- Installing: /home/user/ros2_ws/install/nav2_course/share/nav2_course/cmake/nav2_courseConfig-version.cmake
[2.975s] -- Installing: /home/user/ros2_ws/install/nav2_course/share/nav2_course/package.xml
[2.979s] Invoked command in '/home/user/ros2_ws/build/nav2_course' returned '0': CMAKE_PREFIX_PATH=${CMAKE_PREFIX_PATH}:/home/simulations/ros2_sims_ws/install/rclrs_tests:/home/simulations/ros2_sims_ws/install/examples_rclrs_minimal_client_service:/home/simulations/ros2_sims_ws/install/sensor_msgs_py:/home/simulations/ros2_sims_ws/install/examples_rclrs_minimal_pub_sub:/home/simulations/ros2_sims_ws/install/examples_rclrs_message_demo:/home/simulations/ros2_sims_ws/install/rclrs:/home/simulations/ros2_sims_ws/install/rosidl_runtime_rs:/opt/ros/humble _=/usr/bin/env /usr/bin/cmake --install /home/user/ros2_ws/build/nav2_course
