[5.105s] Invoking command in '/home/user/ros2_ws/src/project_localization': PYTHONPATH=/home/user/ros2_ws/build/project_localization/prefix_override:/home/user/ros2_ws/install/project_localization/lib/python3.10/site-packages:${PYTHONPATH} _=/usr/bin/env /usr/bin/python3 setup.py egg_info --egg-base ../../build/project_localization build --build-base /home/user/ros2_ws/build/project_localization/build install --record /home/user/ros2_ws/build/project_localization/install.log --single-version-externally-managed
[6.271s] running egg_info
[6.272s] writing ../../build/project_localization/project_localization.egg-info/PKG-INFO
[6.273s] writing dependency_links to ../../build/project_localization/project_localization.egg-info/dependency_links.txt
[6.273s] writing entry points to ../../build/project_localization/project_localization.egg-info/entry_points.txt
[6.273s] writing requirements to ../../build/project_localization/project_localization.egg-info/requires.txt
[6.274s] writing top-level names to ../../build/project_localization/project_localization.egg-info/top_level.txt
[6.276s] reading manifest file '../../build/project_localization/project_localization.egg-info/SOURCES.txt'
[6.278s] writing manifest file '../../build/project_localization/project_localization.egg-info/SOURCES.txt'
[6.278s] running build
[6.278s] running build_py
[6.278s] running install
[6.279s] /usr/lib/python3/dist-packages/setuptools/command/install.py:34: SetuptoolsDeprecationWarning: setup.py install is deprecated. Use build and pip and other standards-based tools.
[6.279s]   warnings.warn(
[6.279s] running install_lib
[6.281s] running install_data
[6.282s] running install_egg_info
[6.284s] removing '/home/user/ros2_ws/install/project_localization/lib/python3.10/site-packages/project_localization-0.0.0-py3.10.egg-info' (and everything under it)
[6.285s] Copying ../../build/project_localization/project_localization.egg-info to /home/user/ros2_ws/install/project_localization/lib/python3.10/site-packages/project_localization-0.0.0-py3.10.egg-info
[6.286s] running install_scripts
[6.382s] Installing initial_pose_pub script to /home/user/ros2_ws/install/project_localization/lib/project_localization
[6.383s] writing list of installed files to '/home/user/ros2_ws/build/project_localization/install.log'
[6.560s] Invoked command in '/home/user/ros2_ws/src/project_localization' returned '0': PYTHONPATH=/home/user/ros2_ws/build/project_localization/prefix_override:/home/user/ros2_ws/install/project_localization/lib/python3.10/site-packages:${PYTHONPATH} _=/usr/bin/env /usr/bin/python3 setup.py egg_info --egg-base ../../build/project_localization build --build-base /home/user/ros2_ws/build/project_localization/build install --record /home/user/ros2_ws/build/project_localization/install.log --single-version-externally-managed
