[13.046s] Invoking command in '/home/user/ros2_ws/src/path_planner_server': PYTHONPATH=/home/user/ros2_ws/build/path_planner_server/prefix_override:/home/user/ros2_ws/install/path_planner_server/lib/python3.10/site-packages:${PYTHONPATH} _=/usr/bin/env /usr/bin/python3 setup.py egg_info --egg-base ../../build/path_planner_server build --build-base /home/user/ros2_ws/build/path_planner_server/build install --record /home/user/ros2_ws/build/path_planner_server/install.log --single-version-externally-managed
[15.195s] running egg_info
[15.195s] writing ../../build/path_planner_server/path_planner_server.egg-info/PKG-INFO
[15.209s] writing dependency_links to ../../build/path_planner_server/path_planner_server.egg-info/dependency_links.txt
[15.209s] writing entry points to ../../build/path_planner_server/path_planner_server.egg-info/entry_points.txt
[15.209s] writing requirements to ../../build/path_planner_server/path_planner_server.egg-info/requires.txt
[15.209s] writing top-level names to ../../build/path_planner_server/path_planner_server.egg-info/top_level.txt
[15.212s] reading manifest file '../../build/path_planner_server/path_planner_server.egg-info/SOURCES.txt'
[15.218s] /usr/lib/python3/dist-packages/setuptools/command/install.py:34: SetuptoolsDeprecationWarning: setup.py install is deprecated. Use build and pip and other standards-based tools.
[15.218s]   warnings.warn(
[15.219s] writing manifest file '../../build/path_planner_server/path_planner_server.egg-info/SOURCES.txt'
[15.219s] running build
[15.219s] running build_py
[15.219s] copying path_planner_server/nav_to_pose_action_client.py -> /home/user/ros2_ws/build/path_planner_server/build/lib/path_planner_server
[15.219s] running install
[15.219s] running install_lib
[15.219s] copying /home/user/ros2_ws/build/path_planner_server/build/lib/path_planner_server/nav_to_pose_action_client.py -> /home/user/ros2_ws/install/path_planner_server/lib/python3.10/site-packages/path_planner_server
[15.223s] byte-compiling /home/user/ros2_ws/install/path_planner_server/lib/python3.10/site-packages/path_planner_server/nav_to_pose_action_client.py to nav_to_pose_action_client.cpython-310.pyc
[15.225s] running install_data
[15.229s] running install_egg_info
[15.235s] removing '/home/user/ros2_ws/install/path_planner_server/lib/python3.10/site-packages/path_planner_server-0.0.0-py3.10.egg-info' (and everything under it)
[15.237s] Copying ../../build/path_planner_server/path_planner_server.egg-info to /home/user/ros2_ws/install/path_planner_server/lib/python3.10/site-packages/path_planner_server-0.0.0-py3.10.egg-info
[15.285s] running install_scripts
[15.399s] Installing nav_to_pose script to /home/user/ros2_ws/install/path_planner_server/lib/path_planner_server
[15.400s] writing list of installed files to '/home/user/ros2_ws/build/path_planner_server/install.log'
[15.719s] Invoked command in '/home/user/ros2_ws/src/path_planner_server' returned '0': PYTHONPATH=/home/user/ros2_ws/build/path_planner_server/prefix_override:/home/user/ros2_ws/install/path_planner_server/lib/python3.10/site-packages:${PYTHONPATH} _=/usr/bin/env /usr/bin/python3 setup.py egg_info --egg-base ../../build/path_planner_server build --build-base /home/user/ros2_ws/build/path_planner_server/build install --record /home/user/ros2_ws/build/path_planner_server/install.log --single-version-externally-managed
