[12.294s] Invoking command in '/home/user/ros2_ws/src/path_planner_server': PYTHONPATH=/home/user/ros2_ws/build/path_planner_server/prefix_override:/home/user/ros2_ws/install/path_planner_server/lib/python3.10/site-packages:${PYTHONPATH} _=/usr/bin/env /usr/bin/python3 setup.py egg_info --egg-base ../../build/path_planner_server build --build-base /home/user/ros2_ws/build/path_planner_server/build install --record /home/user/ros2_ws/build/path_planner_server/install.log --single-version-externally-managed
[14.619s] running egg_info
[14.622s] writing ../../build/path_planner_server/path_planner_server.egg-info/PKG-INFO
[14.622s] writing dependency_links to ../../build/path_planner_server/path_planner_server.egg-info/dependency_links.txt
[14.622s] writing entry points to ../../build/path_planner_server/path_planner_server.egg-info/entry_points.txt
[14.622s] writing requirements to ../../build/path_planner_server/path_planner_server.egg-info/requires.txt
[14.623s] writing top-level names to ../../build/path_planner_server/path_planner_server.egg-info/top_level.txt
[14.626s] reading manifest file '../../build/path_planner_server/path_planner_server.egg-info/SOURCES.txt'
[14.630s] writing manifest file '../../build/path_planner_server/path_planner_server.egg-info/SOURCES.txt'
[14.630s] running build
[14.631s] running build_py
[14.631s] copying path_planner_server/nav_to_pose_action_client.py -> /home/user/ros2_ws/build/path_planner_server/build/lib/path_planner_server
[14.631s] running install
[14.631s] /usr/lib/python3/dist-packages/setuptools/command/install.py:34: SetuptoolsDeprecationWarning: setup.py install is deprecated. Use build and pip and other standards-based tools.
[14.631s]   warnings.warn(
[14.632s] running install_lib
[14.633s] copying /home/user/ros2_ws/build/path_planner_server/build/lib/path_planner_server/nav_to_pose_action_client.py -> /home/user/ros2_ws/install/path_planner_server/lib/python3.10/site-packages/path_planner_server
[14.635s] byte-compiling /home/user/ros2_ws/install/path_planner_server/lib/python3.10/site-packages/path_planner_server/nav_to_pose_action_client.py to nav_to_pose_action_client.cpython-310.pyc
[14.635s] running install_data
[14.636s] running install_egg_info
[14.641s] removing '/home/user/ros2_ws/install/path_planner_server/lib/python3.10/site-packages/path_planner_server-0.0.0-py3.10.egg-info' (and everything under it)
[14.641s] Copying ../../build/path_planner_server/path_planner_server.egg-info to /home/user/ros2_ws/install/path_planner_server/lib/python3.10/site-packages/path_planner_server-0.0.0-py3.10.egg-info
[14.650s] running install_scripts
[14.794s] Installing nav_to_pose script to /home/user/ros2_ws/install/path_planner_server/lib/path_planner_server
[14.794s] writing list of installed files to '/home/user/ros2_ws/build/path_planner_server/install.log'
[15.010s] Invoked command in '/home/user/ros2_ws/src/path_planner_server' returned '0': PYTHONPATH=/home/user/ros2_ws/build/path_planner_server/prefix_override:/home/user/ros2_ws/install/path_planner_server/lib/python3.10/site-packages:${PYTHONPATH} _=/usr/bin/env /usr/bin/python3 setup.py egg_info --egg-base ../../build/path_planner_server build --build-base /home/user/ros2_ws/build/path_planner_server/build install --record /home/user/ros2_ws/build/path_planner_server/install.log --single-version-externally-managed
