/home/user/ros2_ws/install/project_mapping/lib/python3.10/site-packages/project_mapping/__init__.py
/home/user/ros2_ws/install/project_mapping/lib/python3.10/site-packages/project_mapping/__pycache__/__init__.cpython-310.pyc
/home/user/ros2_ws/install/project_mapping/share/ament_index/resource_index/packages/project_mapping
/home/user/ros2_ws/install/project_mapping/share/project_mapping/package.xml
/home/user/ros2_ws/install/project_mapping/share/project_mapping/launch/cartographer.launch.py
/home/user/ros2_ws/install/project_mapping/share/project_mapping/launch/map_loader.launch.py
/home/user/ros2_ws/install/project_mapping/share/project_mapping/config/turtlebot_area_real.yaml
/home/user/ros2_ws/install/project_mapping/share/project_mapping/config/turtlebot_area.yaml
/home/user/ros2_ws/install/project_mapping/share/project_mapping/config/test.rviz
/home/user/ros2_ws/install/project_mapping/share/project_mapping/config/turtlebot_area.pgm
/home/user/ros2_ws/install/project_mapping/share/project_mapping/config/map.rviz
/home/user/ros2_ws/install/project_mapping/share/project_mapping/config/turtlebot_area_real.pgm
/home/user/ros2_ws/install/project_mapping/share/project_mapping/config/cartographer.lua
/home/user/ros2_ws/install/project_mapping/lib/python3.10/site-packages/project_mapping-0.0.0-py3.10.egg-info/PKG-INFO
/home/user/ros2_ws/install/project_mapping/lib/python3.10/site-packages/project_mapping-0.0.0-py3.10.egg-info/zip-safe
/home/user/ros2_ws/install/project_mapping/lib/python3.10/site-packages/project_mapping-0.0.0-py3.10.egg-info/top_level.txt
/home/user/ros2_ws/install/project_mapping/lib/python3.10/site-packages/project_mapping-0.0.0-py3.10.egg-info/requires.txt
/home/user/ros2_ws/install/project_mapping/lib/python3.10/site-packages/project_mapping-0.0.0-py3.10.egg-info/entry_points.txt
/home/user/ros2_ws/install/project_mapping/lib/python3.10/site-packages/project_mapping-0.0.0-py3.10.egg-info/SOURCES.txt
/home/user/ros2_ws/install/project_mapping/lib/python3.10/site-packages/project_mapping-0.0.0-py3.10.egg-info/dependency_links.txt
