[5.288s] Invoking command in '/home/user/ros2_ws/src/project_mapping': PYTHONPATH=/home/user/ros2_ws/build/project_mapping/prefix_override:/home/user/ros2_ws/install/project_mapping/lib/python3.10/site-packages:${PYTHONPATH} _=/usr/bin/env /usr/bin/python3 setup.py egg_info --egg-base ../../build/project_mapping build --build-base /home/user/ros2_ws/build/project_mapping/build install --record /home/user/ros2_ws/build/project_mapping/install.log --single-version-externally-managed
[6.583s] running egg_info
[6.584s] writing ../../build/project_mapping/project_mapping.egg-info/PKG-INFO
[6.585s] writing dependency_links to ../../build/project_mapping/project_mapping.egg-info/dependency_links.txt
[6.585s] writing entry points to ../../build/project_mapping/project_mapping.egg-info/entry_points.txt
[6.585s] writing requirements to ../../build/project_mapping/project_mapping.egg-info/requires.txt
[6.585s] writing top-level names to ../../build/project_mapping/project_mapping.egg-info/top_level.txt
[6.589s] reading manifest file '../../build/project_mapping/project_mapping.egg-info/SOURCES.txt'
[6.590s] writing manifest file '../../build/project_mapping/project_mapping.egg-info/SOURCES.txt'
[6.591s] running build
[6.591s] running build_py
[6.592s] running install
[6.593s] /usr/lib/python3/dist-packages/setuptools/command/install.py:34: SetuptoolsDeprecationWarning: setup.py install is deprecated. Use build and pip and other standards-based tools.
[6.594s]   warnings.warn(
[6.594s] running install_lib
[6.595s] running install_data
[6.596s] copying launch/cartographer.launch.py -> /home/user/ros2_ws/install/project_mapping/share/project_mapping/launch
[6.597s] running install_egg_info
[6.600s] removing '/home/user/ros2_ws/install/project_mapping/lib/python3.10/site-packages/project_mapping-0.0.0-py3.10.egg-info' (and everything under it)
[6.600s] Copying ../../build/project_mapping/project_mapping.egg-info to /home/user/ros2_ws/install/project_mapping/lib/python3.10/site-packages/project_mapping-0.0.0-py3.10.egg-info
[6.601s] running install_scripts
[6.696s] writing list of installed files to '/home/user/ros2_ws/build/project_mapping/install.log'
[6.795s] Invoked command in '/home/user/ros2_ws/src/project_mapping' returned '0': PYTHONPATH=/home/user/ros2_ws/build/project_mapping/prefix_override:/home/user/ros2_ws/install/project_mapping/lib/python3.10/site-packages:${PYTHONPATH} _=/usr/bin/env /usr/bin/python3 setup.py egg_info --egg-base ../../build/project_mapping build --build-base /home/user/ros2_ws/build/project_mapping/build install --record /home/user/ros2_ws/build/project_mapping/install.log --single-version-externally-managed
