[0.958s] Invoking command in '/home/user/ros2_ws/src/path_planner_server': PYTHONPATH=/home/user/ros2_ws/build/path_planner_server/prefix_override:/home/user/ros2_ws/install/path_planner_server/lib/python3.10/site-packages:${PYTHONPATH} _=/usr/bin/env /usr/bin/python3 setup.py egg_info --egg-base ../../build/path_planner_server build --build-base /home/user/ros2_ws/build/path_planner_server/build install --record /home/user/ros2_ws/build/path_planner_server/install.log --single-version-externally-managed
[1.308s] running egg_info
[1.309s] writing ../../build/path_planner_server/path_planner_server.egg-info/PKG-INFO
[1.309s] writing dependency_links to ../../build/path_planner_server/path_planner_server.egg-info/dependency_links.txt
[1.309s] writing entry points to ../../build/path_planner_server/path_planner_server.egg-info/entry_points.txt
[1.310s] writing requirements to ../../build/path_planner_server/path_planner_server.egg-info/requires.txt
[1.310s] writing top-level names to ../../build/path_planner_server/path_planner_server.egg-info/top_level.txt
[1.312s] reading manifest file '../../build/path_planner_server/path_planner_server.egg-info/SOURCES.txt'
[1.313s] writing manifest file '../../build/path_planner_server/path_planner_server.egg-info/SOURCES.txt'
[1.313s] running build
[1.313s] running build_py
[1.313s] running install
[1.313s] /usr/lib/python3/dist-packages/setuptools/command/install.py:34: SetuptoolsDeprecationWarning: setup.py install is deprecated. Use build and pip and other standards-based tools.
[1.313s]   warnings.warn(
[1.314s] running install_lib
[1.316s] running install_data
[1.317s] copying launch/pathplanner.launch.py -> /home/user/ros2_ws/install/path_planner_server/share/path_planner_server/launch
[1.317s] running install_egg_info
[1.320s] removing '/home/user/ros2_ws/install/path_planner_server/lib/python3.10/site-packages/path_planner_server-0.0.0-py3.10.egg-info' (and everything under it)
[1.320s] Copying ../../build/path_planner_server/path_planner_server.egg-info to /home/user/ros2_ws/install/path_planner_server/lib/python3.10/site-packages/path_planner_server-0.0.0-py3.10.egg-info
[1.321s] running install_scripts
[1.349s] writing list of installed files to '/home/user/ros2_ws/build/path_planner_server/install.log'
[1.376s] Invoked command in '/home/user/ros2_ws/src/path_planner_server' returned '0': PYTHONPATH=/home/user/ros2_ws/build/path_planner_server/prefix_override:/home/user/ros2_ws/install/path_planner_server/lib/python3.10/site-packages:${PYTHONPATH} _=/usr/bin/env /usr/bin/python3 setup.py egg_info --egg-base ../../build/path_planner_server build --build-base /home/user/ros2_ws/build/path_planner_server/build install --record /home/user/ros2_ws/build/path_planner_server/install.log --single-version-externally-managed
