[6.898s] Invoking command in '/home/user/ros2_ws/src/project_localization': PYTHONPATH=/home/user/ros2_ws/build/project_localization/prefix_override:/home/user/ros2_ws/install/project_localization/lib/python3.10/site-packages:${PYTHONPATH} _=/usr/bin/env /usr/bin/python3 setup.py egg_info --egg-base ../../build/project_localization build --build-base /home/user/ros2_ws/build/project_localization/build install --record /home/user/ros2_ws/build/project_localization/install.log --single-version-externally-managed
[8.624s] running egg_info
[8.626s] writing ../../build/project_localization/project_localization.egg-info/PKG-INFO
[8.627s] writing dependency_links to ../../build/project_localization/project_localization.egg-info/dependency_links.txt
[8.628s] writing entry points to ../../build/project_localization/project_localization.egg-info/entry_points.txt
[8.628s] writing requirements to ../../build/project_localization/project_localization.egg-info/requires.txt
[8.628s] writing top-level names to ../../build/project_localization/project_localization.egg-info/top_level.txt
[8.692s] reading manifest file '../../build/project_localization/project_localization.egg-info/SOURCES.txt'
[8.694s] writing manifest file '../../build/project_localization/project_localization.egg-info/SOURCES.txt'
[8.695s] running build
[8.695s] running build_py
[8.696s] running install
[8.696s] /usr/lib/python3/dist-packages/setuptools/command/install.py:34: SetuptoolsDeprecationWarning: setup.py install is deprecated. Use build and pip and other standards-based tools.
[8.697s]   warnings.warn(
[8.697s] running install_lib
[8.698s] running install_data
[8.701s] copying config/amcl_config_initialized.yaml -> /home/user/ros2_ws/install/project_localization/share/project_localization/config
[8.701s] running install_egg_info
[8.703s] removing '/home/user/ros2_ws/install/project_localization/lib/python3.10/site-packages/project_localization-0.0.0-py3.10.egg-info' (and everything under it)
[8.704s] Copying ../../build/project_localization/project_localization.egg-info to /home/user/ros2_ws/install/project_localization/lib/python3.10/site-packages/project_localization-0.0.0-py3.10.egg-info
[8.706s] running install_scripts
[8.827s] writing list of installed files to '/home/user/ros2_ws/build/project_localization/install.log'
[9.010s] Invoked command in '/home/user/ros2_ws/src/project_localization' returned '0': PYTHONPATH=/home/user/ros2_ws/build/project_localization/prefix_override:/home/user/ros2_ws/install/project_localization/lib/python3.10/site-packages:${PYTHONPATH} _=/usr/bin/env /usr/bin/python3 setup.py egg_info --egg-base ../../build/project_localization build --build-base /home/user/ros2_ws/build/project_localization/build install --record /home/user/ros2_ws/build/project_localization/install.log --single-version-externally-managed
