[8.703s] Invoking command in '/home/user/ros2_ws/src/project_mapping': PYTHONPATH=/home/user/ros2_ws/build/project_mapping/prefix_override:/home/user/ros2_ws/install/project_mapping/lib/python3.10/site-packages:${PYTHONPATH} _=/usr/bin/env /usr/bin/python3 setup.py egg_info --egg-base ../../build/project_mapping build --build-base /home/user/ros2_ws/build/project_mapping/build install --record /home/user/ros2_ws/build/project_mapping/install.log --single-version-externally-managed
[10.889s] running egg_info
[10.891s] writing ../../build/project_mapping/project_mapping.egg-info/PKG-INFO
[10.892s] writing dependency_links to ../../build/project_mapping/project_mapping.egg-info/dependency_links.txt
[10.893s] writing entry points to ../../build/project_mapping/project_mapping.egg-info/entry_points.txt
[10.894s] writing requirements to ../../build/project_mapping/project_mapping.egg-info/requires.txt
[10.894s] writing top-level names to ../../build/project_mapping/project_mapping.egg-info/top_level.txt
[10.899s] reading manifest file '../../build/project_mapping/project_mapping.egg-info/SOURCES.txt'
[10.904s] /usr/lib/python3/dist-packages/setuptools/command/install.py:34: SetuptoolsDeprecationWarning: setup.py install is deprecated. Use build and pip and other standards-based tools.
[10.904s]   warnings.warn(
[10.966s] writing manifest file '../../build/project_mapping/project_mapping.egg-info/SOURCES.txt'
[10.966s] running build
[10.966s] running build_py
[10.966s] running install
[10.966s] running install_lib
[10.967s] running install_data
[10.967s] running install_egg_info
[10.971s] removing '/home/user/ros2_ws/install/project_mapping/lib/python3.10/site-packages/project_mapping-0.0.0-py3.10.egg-info' (and everything under it)
[10.972s] Copying ../../build/project_mapping/project_mapping.egg-info to /home/user/ros2_ws/install/project_mapping/lib/python3.10/site-packages/project_mapping-0.0.0-py3.10.egg-info
[10.980s] running install_scripts
[11.171s] writing list of installed files to '/home/user/ros2_ws/build/project_mapping/install.log'
[11.266s] Invoked command in '/home/user/ros2_ws/src/project_mapping' returned '0': PYTHONPATH=/home/user/ros2_ws/build/project_mapping/prefix_override:/home/user/ros2_ws/install/project_mapping/lib/python3.10/site-packages:${PYTHONPATH} _=/usr/bin/env /usr/bin/python3 setup.py egg_info --egg-base ../../build/project_mapping build --build-base /home/user/ros2_ws/build/project_mapping/build install --record /home/user/ros2_ws/build/project_mapping/install.log --single-version-externally-managed
