[9.924s] Invoking command in '/home/user/ros2_ws/src/path_planner_server': PYTHONPATH=/home/user/ros2_ws/build/path_planner_server/prefix_override:/home/user/ros2_ws/install/path_planner_server/lib/python3.10/site-packages:${PYTHONPATH} _=/usr/bin/env /usr/bin/python3 setup.py egg_info --egg-base ../../build/path_planner_server build --build-base /home/user/ros2_ws/build/path_planner_server/build install --record /home/user/ros2_ws/build/path_planner_server/install.log --single-version-externally-managed
[13.189s] running egg_info
[13.191s] writing ../../build/path_planner_server/path_planner_server.egg-info/PKG-INFO
[13.192s] writing dependency_links to ../../build/path_planner_server/path_planner_server.egg-info/dependency_links.txt
[13.192s] writing entry points to ../../build/path_planner_server/path_planner_server.egg-info/entry_points.txt
[13.193s] writing requirements to ../../build/path_planner_server/path_planner_server.egg-info/requires.txt
[13.193s] writing top-level names to ../../build/path_planner_server/path_planner_server.egg-info/top_level.txt
[13.202s] reading manifest file '../../build/path_planner_server/path_planner_server.egg-info/SOURCES.txt'
[13.202s] writing manifest file '../../build/path_planner_server/path_planner_server.egg-info/SOURCES.txt'
[13.202s] running build
[13.206s] running build_py
[13.206s] copying path_planner_server/spot_recorder.py -> /home/user/ros2_ws/build/path_planner_server/build/lib/path_planner_server
[13.210s] running install
[13.210s] /usr/lib/python3/dist-packages/setuptools/command/install.py:34: SetuptoolsDeprecationWarning: setup.py install is deprecated. Use build and pip and other standards-based tools.
[13.210s]   warnings.warn(
[13.219s] running install_lib
[13.219s] copying /home/user/ros2_ws/build/path_planner_server/build/lib/path_planner_server/spot_recorder.py -> /home/user/ros2_ws/install/path_planner_server/lib/python3.10/site-packages/path_planner_server
[13.281s] byte-compiling /home/user/ros2_ws/install/path_planner_server/lib/python3.10/site-packages/path_planner_server/spot_recorder.py to spot_recorder.cpython-310.pyc
[13.284s] running install_data
[13.289s] copying package.xml -> /home/user/ros2_ws/install/path_planner_server/share/path_planner_server
[13.291s] running install_egg_info
[13.297s] removing '/home/user/ros2_ws/install/path_planner_server/lib/python3.10/site-packages/path_planner_server-0.0.0-py3.10.egg-info' (and everything under it)
[13.301s] Copying ../../build/path_planner_server/path_planner_server.egg-info to /home/user/ros2_ws/install/path_planner_server/lib/python3.10/site-packages/path_planner_server-0.0.0-py3.10.egg-info
[13.305s] running install_scripts
[13.408s] Installing nav_to_pose script to /home/user/ros2_ws/install/path_planner_server/lib/path_planner_server
[13.410s] Installing nav_to_pose2 script to /home/user/ros2_ws/install/path_planner_server/lib/path_planner_server
[13.412s] Installing spot_recorder script to /home/user/ros2_ws/install/path_planner_server/lib/path_planner_server
[13.413s] writing list of installed files to '/home/user/ros2_ws/build/path_planner_server/install.log'
[13.581s] Invoked command in '/home/user/ros2_ws/src/path_planner_server' returned '0': PYTHONPATH=/home/user/ros2_ws/build/path_planner_server/prefix_override:/home/user/ros2_ws/install/path_planner_server/lib/python3.10/site-packages:${PYTHONPATH} _=/usr/bin/env /usr/bin/python3 setup.py egg_info --egg-base ../../build/path_planner_server build --build-base /home/user/ros2_ws/build/path_planner_server/build install --record /home/user/ros2_ws/build/path_planner_server/install.log --single-version-externally-managed
