[3.673s] Invoking command in '/home/user/ros2_ws/src/project_mapping': PYTHONPATH=/home/user/ros2_ws/build/project_mapping/prefix_override:/home/user/ros2_ws/install/project_mapping/lib/python3.10/site-packages:${PYTHONPATH} _=/usr/bin/env /usr/bin/python3 setup.py egg_info --egg-base ../../build/project_mapping build --build-base /home/user/ros2_ws/build/project_mapping/build install --record /home/user/ros2_ws/build/project_mapping/install.log --single-version-externally-managed
[4.268s] running egg_info
[4.269s] writing ../../build/project_mapping/project_mapping.egg-info/PKG-INFO
[4.269s] writing dependency_links to ../../build/project_mapping/project_mapping.egg-info/dependency_links.txt
[4.269s] writing entry points to ../../build/project_mapping/project_mapping.egg-info/entry_points.txt
[4.269s] writing requirements to ../../build/project_mapping/project_mapping.egg-info/requires.txt
[4.270s] writing top-level names to ../../build/project_mapping/project_mapping.egg-info/top_level.txt
[4.271s] reading manifest file '../../build/project_mapping/project_mapping.egg-info/SOURCES.txt'
[4.275s] writing manifest file '../../build/project_mapping/project_mapping.egg-info/SOURCES.txt'
[4.276s] running build
[4.276s] running build_py
[4.276s] /usr/lib/python3/dist-packages/setuptools/command/install.py:34: SetuptoolsDeprecationWarning: setup.py install is deprecated. Use build and pip and other standards-based tools.
[4.276s]   warnings.warn(
[4.277s] running install
[4.278s] running install_lib
[4.278s] running install_data
[4.279s] copying launch/map_loader.launch.py -> /home/user/ros2_ws/install/project_mapping/share/project_mapping/launch
[4.279s] copying config/turtlebot_area.yaml -> /home/user/ros2_ws/install/project_mapping/share/project_mapping/config
[4.279s] copying config/turtlebot_area.pgm -> /home/user/ros2_ws/install/project_mapping/share/project_mapping/config
[4.279s] copying config/map.rviz -> /home/user/ros2_ws/install/project_mapping/share/project_mapping/config
[4.279s] running install_egg_info
[4.282s] removing '/home/user/ros2_ws/install/project_mapping/lib/python3.10/site-packages/project_mapping-0.0.0-py3.10.egg-info' (and everything under it)
[4.282s] Copying ../../build/project_mapping/project_mapping.egg-info to /home/user/ros2_ws/install/project_mapping/lib/python3.10/site-packages/project_mapping-0.0.0-py3.10.egg-info
[4.285s] running install_scripts
[4.359s] writing list of installed files to '/home/user/ros2_ws/build/project_mapping/install.log'
[4.412s] Invoked command in '/home/user/ros2_ws/src/project_mapping' returned '0': PYTHONPATH=/home/user/ros2_ws/build/project_mapping/prefix_override:/home/user/ros2_ws/install/project_mapping/lib/python3.10/site-packages:${PYTHONPATH} _=/usr/bin/env /usr/bin/python3 setup.py egg_info --egg-base ../../build/project_mapping build --build-base /home/user/ros2_ws/build/project_mapping/build install --record /home/user/ros2_ws/build/project_mapping/install.log --single-version-externally-managed
