[12.547s] Invoking command in '/home/user/ros2_ws/src/project_localization': PYTHONPATH=/home/user/ros2_ws/build/project_localization/prefix_override:/home/user/ros2_ws/install/project_localization/lib/python3.10/site-packages:${PYTHONPATH} _=/usr/bin/env /usr/bin/python3 setup.py egg_info --egg-base ../../build/project_localization build --build-base /home/user/ros2_ws/build/project_localization/build install --record /home/user/ros2_ws/build/project_localization/install.log --single-version-externally-managed
[14.533s] running egg_info
[14.615s] writing ../../build/project_localization/project_localization.egg-info/PKG-INFO
[14.623s] writing dependency_links to ../../build/project_localization/project_localization.egg-info/dependency_links.txt
[14.629s] writing entry points to ../../build/project_localization/project_localization.egg-info/entry_points.txt
[14.630s] writing requirements to ../../build/project_localization/project_localization.egg-info/requires.txt
[14.632s] writing top-level names to ../../build/project_localization/project_localization.egg-info/top_level.txt
[14.702s] reading manifest file '../../build/project_localization/project_localization.egg-info/SOURCES.txt'
[14.702s] writing manifest file '../../build/project_localization/project_localization.egg-info/SOURCES.txt'
[14.702s] running build
[14.703s] running build_py
[14.703s] running install
[14.704s] /usr/lib/python3/dist-packages/setuptools/command/install.py:34: SetuptoolsDeprecationWarning: setup.py install is deprecated. Use build and pip and other standards-based tools.
[14.704s]   warnings.warn(
[14.705s] running install_lib
[14.708s] running install_data
[14.709s] running install_egg_info
[14.713s] removing '/home/user/ros2_ws/install/project_localization/lib/python3.10/site-packages/project_localization-0.0.0-py3.10.egg-info' (and everything under it)
[14.713s] Copying ../../build/project_localization/project_localization.egg-info to /home/user/ros2_ws/install/project_localization/lib/python3.10/site-packages/project_localization-0.0.0-py3.10.egg-info
[14.715s] running install_scripts
[14.902s] Installing initial_pose_pub script to /home/user/ros2_ws/install/project_localization/lib/project_localization
[14.904s] writing list of installed files to '/home/user/ros2_ws/build/project_localization/install.log'
[15.118s] Invoked command in '/home/user/ros2_ws/src/project_localization' returned '0': PYTHONPATH=/home/user/ros2_ws/build/project_localization/prefix_override:/home/user/ros2_ws/install/project_localization/lib/python3.10/site-packages:${PYTHONPATH} _=/usr/bin/env /usr/bin/python3 setup.py egg_info --egg-base ../../build/project_localization build --build-base /home/user/ros2_ws/build/project_localization/build install --record /home/user/ros2_ws/build/project_localization/install.log --single-version-externally-managed
