[9.211s] Invoking command in '/home/user/ros2_ws/src/ros2_nav_files/nav2_project': PYTHONPATH=/home/user/ros2_ws/build/nav2_project/prefix_override:/home/user/ros2_ws/install/nav2_project/lib/python3.10/site-packages:${PYTHONPATH} _=/usr/bin/env /usr/bin/python3 setup.py egg_info --egg-base ../../../build/nav2_project build --build-base /home/user/ros2_ws/build/nav2_project/build install --record /home/user/ros2_ws/build/nav2_project/install.log --install-scripts $base/lib/nav2_project --single-version-externally-managed
[11.412s] /usr/lib/python3/dist-packages/setuptools/dist.py:723: UserWarning: Usage of dash-separated 'script-dir' will not be supported in future versions. Please use the underscore name 'script_dir' instead
[11.412s]   warnings.warn(
[11.427s] running egg_info
[11.427s] writing ../../../build/nav2_project/nav2_project.egg-info/PKG-INFO
[11.427s] writing dependency_links to ../../../build/nav2_project/nav2_project.egg-info/dependency_links.txt
[11.428s] writing entry points to ../../../build/nav2_project/nav2_project.egg-info/entry_points.txt
[11.428s] writing requirements to ../../../build/nav2_project/nav2_project.egg-info/requires.txt
[11.428s] writing top-level names to ../../../build/nav2_project/nav2_project.egg-info/top_level.txt
[11.523s] reading manifest file '../../../build/nav2_project/nav2_project.egg-info/SOURCES.txt'
[11.531s] writing manifest file '../../../build/nav2_project/nav2_project.egg-info/SOURCES.txt'
[11.532s] running build
[11.533s] running build_py
[11.534s] /usr/lib/python3/dist-packages/setuptools/command/install.py:34: SetuptoolsDeprecationWarning: setup.py install is deprecated. Use build and pip and other standards-based tools.
[11.535s]   warnings.warn(
[11.535s] running install
[11.535s] running install_lib
[11.606s] running install_data
[11.616s] running install_egg_info
[11.624s] removing '/home/user/ros2_ws/install/nav2_project/lib/python3.10/site-packages/nav2_project-0.0.0-py3.10.egg-info' (and everything under it)
[11.627s] Copying ../../../build/nav2_project/nav2_project.egg-info to /home/user/ros2_ws/install/nav2_project/lib/python3.10/site-packages/nav2_project-0.0.0-py3.10.egg-info
[11.700s] running install_scripts
[11.740s] Installing go_to_pose script to /home/user/ros2_ws/install/nav2_project/lib/nav2_project
[11.740s] Installing spot_recorder script to /home/user/ros2_ws/install/nav2_project/lib/nav2_project
[11.744s] writing list of installed files to '/home/user/ros2_ws/build/nav2_project/install.log'
[11.844s] Invoked command in '/home/user/ros2_ws/src/ros2_nav_files/nav2_project' returned '0': PYTHONPATH=/home/user/ros2_ws/build/nav2_project/prefix_override:/home/user/ros2_ws/install/nav2_project/lib/python3.10/site-packages:${PYTHONPATH} _=/usr/bin/env /usr/bin/python3 setup.py egg_info --egg-base ../../../build/nav2_project build --build-base /home/user/ros2_ws/build/nav2_project/build install --record /home/user/ros2_ws/build/nav2_project/install.log --install-scripts $base/lib/nav2_project --single-version-externally-managed
