[12.547s] Invoking command in '/home/user/ros2_ws/src/ros2_nav_files/nav2_project': PYTHONPATH=/home/user/ros2_ws/build/nav2_project/prefix_override:/home/user/ros2_ws/install/nav2_project/lib/python3.10/site-packages:${PYTHONPATH} _=/usr/bin/env /usr/bin/python3 setup.py egg_info --egg-base ../../../build/nav2_project build --build-base /home/user/ros2_ws/build/nav2_project/build install --record /home/user/ros2_ws/build/nav2_project/install.log --install-scripts $base/lib/nav2_project --single-version-externally-managed
[14.962s] /usr/lib/python3/dist-packages/setuptools/dist.py:723: UserWarning: Usage of dash-separated 'script-dir' will not be supported in future versions. Please use the underscore name 'script_dir' instead
[14.962s]   warnings.warn(
[15.060s] running egg_info
[15.061s] writing ../../../build/nav2_project/nav2_project.egg-info/PKG-INFO
[15.062s] writing dependency_links to ../../../build/nav2_project/nav2_project.egg-info/dependency_links.txt
[15.062s] writing entry points to ../../../build/nav2_project/nav2_project.egg-info/entry_points.txt
[15.062s] writing requirements to ../../../build/nav2_project/nav2_project.egg-info/requires.txt
[15.062s] writing top-level names to ../../../build/nav2_project/nav2_project.egg-info/top_level.txt
[15.067s] reading manifest file '../../../build/nav2_project/nav2_project.egg-info/SOURCES.txt'
[15.070s] writing manifest file '../../../build/nav2_project/nav2_project.egg-info/SOURCES.txt'
[15.070s] running build
[15.070s] running build_py
[15.072s] running install
[15.072s] /usr/lib/python3/dist-packages/setuptools/command/install.py:34: SetuptoolsDeprecationWarning: setup.py install is deprecated. Use build and pip and other standards-based tools.
[15.073s]   warnings.warn(
[15.074s] running install_lib
[15.078s] running install_data
[15.144s] running install_egg_info
[15.151s] removing '/home/user/ros2_ws/install/nav2_project/lib/python3.10/site-packages/nav2_project-0.0.0-py3.10.egg-info' (and everything under it)
[15.152s] Copying ../../../build/nav2_project/nav2_project.egg-info to /home/user/ros2_ws/install/nav2_project/lib/python3.10/site-packages/nav2_project-0.0.0-py3.10.egg-info
[15.153s] running install_scripts
[15.276s] Installing go_to_pose script to /home/user/ros2_ws/install/nav2_project/lib/nav2_project
[15.276s] Installing spot_recorder script to /home/user/ros2_ws/install/nav2_project/lib/nav2_project
[15.276s] writing list of installed files to '/home/user/ros2_ws/build/nav2_project/install.log'
[15.472s] Invoked command in '/home/user/ros2_ws/src/ros2_nav_files/nav2_project' returned '0': PYTHONPATH=/home/user/ros2_ws/build/nav2_project/prefix_override:/home/user/ros2_ws/install/nav2_project/lib/python3.10/site-packages:${PYTHONPATH} _=/usr/bin/env /usr/bin/python3 setup.py egg_info --egg-base ../../../build/nav2_project build --build-base /home/user/ros2_ws/build/nav2_project/build install --record /home/user/ros2_ws/build/nav2_project/install.log --install-scripts $base/lib/nav2_project --single-version-externally-managed
