[7.727s] Invoking command in '/home/user/ros2_ws/src/project_localization': PYTHONPATH=/home/user/ros2_ws/build/project_localization/prefix_override:/home/user/ros2_ws/install/project_localization/lib/python3.10/site-packages:${PYTHONPATH} _=/usr/bin/env /usr/bin/python3 setup.py egg_info --egg-base ../../build/project_localization build --build-base /home/user/ros2_ws/build/project_localization/build install --record /home/user/ros2_ws/build/project_localization/install.log --single-version-externally-managed
[9.404s] running egg_info
[9.408s] writing ../../build/project_localization/project_localization.egg-info/PKG-INFO
[9.409s] writing dependency_links to ../../build/project_localization/project_localization.egg-info/dependency_links.txt
[9.410s] writing entry points to ../../build/project_localization/project_localization.egg-info/entry_points.txt
[9.411s] writing requirements to ../../build/project_localization/project_localization.egg-info/requires.txt
[9.411s] writing top-level names to ../../build/project_localization/project_localization.egg-info/top_level.txt
[9.422s] reading manifest file '../../build/project_localization/project_localization.egg-info/SOURCES.txt'
[9.425s] writing manifest file '../../build/project_localization/project_localization.egg-info/SOURCES.txt'
[9.426s] running build
[9.426s] running build_py
[9.427s] running install
[9.428s] /usr/lib/python3/dist-packages/setuptools/command/install.py:34: SetuptoolsDeprecationWarning: setup.py install is deprecated. Use build and pip and other standards-based tools.
[9.429s]   warnings.warn(
[9.429s] running install_lib
[9.496s] running install_data
[9.500s] copying config/amcl_config_initialized.yaml -> /home/user/ros2_ws/install/project_localization/share/project_localization/config
[9.501s] running install_egg_info
[9.520s] removing '/home/user/ros2_ws/install/project_localization/lib/python3.10/site-packages/project_localization-0.0.0-py3.10.egg-info' (and everything under it)
[9.521s] Copying ../../build/project_localization/project_localization.egg-info to /home/user/ros2_ws/install/project_localization/lib/python3.10/site-packages/project_localization-0.0.0-py3.10.egg-info
[9.523s] running install_scripts
[9.693s] writing list of installed files to '/home/user/ros2_ws/build/project_localization/install.log'
[9.807s] Invoked command in '/home/user/ros2_ws/src/project_localization' returned '0': PYTHONPATH=/home/user/ros2_ws/build/project_localization/prefix_override:/home/user/ros2_ws/install/project_localization/lib/python3.10/site-packages:${PYTHONPATH} _=/usr/bin/env /usr/bin/python3 setup.py egg_info --egg-base ../../build/project_localization build --build-base /home/user/ros2_ws/build/project_localization/build install --record /home/user/ros2_ws/build/project_localization/install.log --single-version-externally-managed
