[12.061s] Invoking command in '/home/user/ros2_ws/src/ros2_nav_files/nav2_project': PYTHONPATH=/home/user/ros2_ws/build/nav2_project/prefix_override:/home/user/ros2_ws/install/nav2_project/lib/python3.10/site-packages:${PYTHONPATH} _=/usr/bin/env /usr/bin/python3 setup.py egg_info --egg-base ../../../build/nav2_project build --build-base /home/user/ros2_ws/build/nav2_project/build install --record /home/user/ros2_ws/build/nav2_project/install.log --install-scripts $base/lib/nav2_project --single-version-externally-managed
[14.390s] /usr/lib/python3/dist-packages/setuptools/dist.py:723: UserWarning: Usage of dash-separated 'script-dir' will not be supported in future versions. Please use the underscore name 'script_dir' instead
[14.390s]   warnings.warn(
[14.462s] running egg_info
[14.464s] writing ../../../build/nav2_project/nav2_project.egg-info/PKG-INFO
[14.464s] writing dependency_links to ../../../build/nav2_project/nav2_project.egg-info/dependency_links.txt
[14.464s] writing entry points to ../../../build/nav2_project/nav2_project.egg-info/entry_points.txt
[14.465s] writing requirements to ../../../build/nav2_project/nav2_project.egg-info/requires.txt
[14.465s] writing top-level names to ../../../build/nav2_project/nav2_project.egg-info/top_level.txt
[14.470s] reading manifest file '../../../build/nav2_project/nav2_project.egg-info/SOURCES.txt'
[14.472s] writing manifest file '../../../build/nav2_project/nav2_project.egg-info/SOURCES.txt'
[14.472s] running build
[14.472s] running build_py
[14.473s] running install
[14.474s] /usr/lib/python3/dist-packages/setuptools/command/install.py:34: SetuptoolsDeprecationWarning: setup.py install is deprecated. Use build and pip and other standards-based tools.
[14.474s]   warnings.warn(
[14.475s] running install_lib
[14.478s] running install_data
[14.480s] running install_egg_info
[14.485s] removing '/home/user/ros2_ws/install/nav2_project/lib/python3.10/site-packages/nav2_project-0.0.0-py3.10.egg-info' (and everything under it)
[14.487s] Copying ../../../build/nav2_project/nav2_project.egg-info to /home/user/ros2_ws/install/nav2_project/lib/python3.10/site-packages/nav2_project-0.0.0-py3.10.egg-info
[14.559s] running install_scripts
[14.752s] Installing go_to_pose script to /home/user/ros2_ws/install/nav2_project/lib/nav2_project
[14.753s] Installing spot_recorder script to /home/user/ros2_ws/install/nav2_project/lib/nav2_project
[14.754s] writing list of installed files to '/home/user/ros2_ws/build/nav2_project/install.log'
[14.862s] Invoked command in '/home/user/ros2_ws/src/ros2_nav_files/nav2_project' returned '0': PYTHONPATH=/home/user/ros2_ws/build/nav2_project/prefix_override:/home/user/ros2_ws/install/nav2_project/lib/python3.10/site-packages:${PYTHONPATH} _=/usr/bin/env /usr/bin/python3 setup.py egg_info --egg-base ../../../build/nav2_project build --build-base /home/user/ros2_ws/build/nav2_project/build install --record /home/user/ros2_ws/build/nav2_project/install.log --install-scripts $base/lib/nav2_project --single-version-externally-managed
