[12.613s] Invoking command in '/home/user/ros2_ws/src/ros2_nav_files/nav2_project': PYTHONPATH=/home/user/ros2_ws/build/nav2_project/prefix_override:/home/user/ros2_ws/install/nav2_project/lib/python3.10/site-packages:${PYTHONPATH} _=/usr/bin/env /usr/bin/python3 setup.py egg_info --egg-base ../../../build/nav2_project build --build-base /home/user/ros2_ws/build/nav2_project/build install --record /home/user/ros2_ws/build/nav2_project/install.log --install-scripts $base/lib/nav2_project --single-version-externally-managed
[14.685s] /usr/lib/python3/dist-packages/setuptools/dist.py:723: UserWarning: Usage of dash-separated 'script-dir' will not be supported in future versions. Please use the underscore name 'script_dir' instead
[14.685s]   warnings.warn(
[14.700s] running egg_info
[14.702s] writing ../../../build/nav2_project/nav2_project.egg-info/PKG-INFO
[14.703s] writing dependency_links to ../../../build/nav2_project/nav2_project.egg-info/dependency_links.txt
[14.703s] writing entry points to ../../../build/nav2_project/nav2_project.egg-info/entry_points.txt
[14.703s] writing requirements to ../../../build/nav2_project/nav2_project.egg-info/requires.txt
[14.703s] writing top-level names to ../../../build/nav2_project/nav2_project.egg-info/top_level.txt
[14.706s] reading manifest file '../../../build/nav2_project/nav2_project.egg-info/SOURCES.txt'
[14.708s] writing manifest file '../../../build/nav2_project/nav2_project.egg-info/SOURCES.txt'
[14.709s] running build
[14.709s] running build_py
[14.709s] running install
[14.709s] /usr/lib/python3/dist-packages/setuptools/command/install.py:34: SetuptoolsDeprecationWarning: setup.py install is deprecated. Use build and pip and other standards-based tools.
[14.710s]   warnings.warn(
[14.710s] running install_lib
[14.713s] running install_data
[14.714s] running install_egg_info
[14.718s] removing '/home/user/ros2_ws/install/nav2_project/lib/python3.10/site-packages/nav2_project-0.0.0-py3.10.egg-info' (and everything under it)
[14.788s] Copying ../../../build/nav2_project/nav2_project.egg-info to /home/user/ros2_ws/install/nav2_project/lib/python3.10/site-packages/nav2_project-0.0.0-py3.10.egg-info
[14.789s] running install_scripts
[14.933s] Installing go_to_pose script to /home/user/ros2_ws/install/nav2_project/lib/nav2_project
[14.985s] Installing spot_recorder script to /home/user/ros2_ws/install/nav2_project/lib/nav2_project
[14.985s] writing list of installed files to '/home/user/ros2_ws/build/nav2_project/install.log'
[15.197s] Invoked command in '/home/user/ros2_ws/src/ros2_nav_files/nav2_project' returned '0': PYTHONPATH=/home/user/ros2_ws/build/nav2_project/prefix_override:/home/user/ros2_ws/install/nav2_project/lib/python3.10/site-packages:${PYTHONPATH} _=/usr/bin/env /usr/bin/python3 setup.py egg_info --egg-base ../../../build/nav2_project build --build-base /home/user/ros2_ws/build/nav2_project/build install --record /home/user/ros2_ws/build/nav2_project/install.log --install-scripts $base/lib/nav2_project --single-version-externally-managed
