[11.534s] Invoking command in '/home/user/ros2_ws/src/project_mapping': PYTHONPATH=/home/user/ros2_ws/build/project_mapping/prefix_override:/home/user/ros2_ws/install/project_mapping/lib/python3.10/site-packages:${PYTHONPATH} _=/usr/bin/env /usr/bin/python3 setup.py egg_info --egg-base ../../build/project_mapping build --build-base /home/user/ros2_ws/build/project_mapping/build install --record /home/user/ros2_ws/build/project_mapping/install.log --single-version-externally-managed
[14.718s] running egg_info
[14.720s] writing ../../build/project_mapping/project_mapping.egg-info/PKG-INFO
[14.721s] writing dependency_links to ../../build/project_mapping/project_mapping.egg-info/dependency_links.txt
[14.721s] writing entry points to ../../build/project_mapping/project_mapping.egg-info/entry_points.txt
[14.722s] writing requirements to ../../build/project_mapping/project_mapping.egg-info/requires.txt
[14.722s] writing top-level names to ../../build/project_mapping/project_mapping.egg-info/top_level.txt
[14.725s] reading manifest file '../../build/project_mapping/project_mapping.egg-info/SOURCES.txt'
[14.731s] writing manifest file '../../build/project_mapping/project_mapping.egg-info/SOURCES.txt'
[14.733s] running build
[14.733s] running build_py
[14.735s] running install
[14.735s] /usr/lib/python3/dist-packages/setuptools/command/install.py:34: SetuptoolsDeprecationWarning: setup.py install is deprecated. Use build and pip and other standards-based tools.
[14.735s]   warnings.warn(
[14.735s] running install_lib
[14.797s] running install_data
[14.798s] running install_egg_info
[14.811s] removing '/home/user/ros2_ws/install/project_mapping/lib/python3.10/site-packages/project_mapping-0.0.0-py3.10.egg-info' (and everything under it)
[14.812s] Copying ../../build/project_mapping/project_mapping.egg-info to /home/user/ros2_ws/install/project_mapping/lib/python3.10/site-packages/project_mapping-0.0.0-py3.10.egg-info
[14.817s] running install_scripts
[14.922s] writing list of installed files to '/home/user/ros2_ws/build/project_mapping/install.log'
[15.030s] Invoked command in '/home/user/ros2_ws/src/project_mapping' returned '0': PYTHONPATH=/home/user/ros2_ws/build/project_mapping/prefix_override:/home/user/ros2_ws/install/project_mapping/lib/python3.10/site-packages:${PYTHONPATH} _=/usr/bin/env /usr/bin/python3 setup.py egg_info --egg-base ../../build/project_mapping build --build-base /home/user/ros2_ws/build/project_mapping/build install --record /home/user/ros2_ws/build/project_mapping/install.log --single-version-externally-managed
