[7.979s] Invoking command in '/home/user/ros2_ws/src/project_mapping': PYTHONPATH=/home/user/ros2_ws/build/project_mapping/prefix_override:/home/user/ros2_ws/install/project_mapping/lib/python3.10/site-packages:${PYTHONPATH} _=/usr/bin/env /usr/bin/python3 setup.py egg_info --egg-base ../../build/project_mapping build --build-base /home/user/ros2_ws/build/project_mapping/build install --record /home/user/ros2_ws/build/project_mapping/install.log --single-version-externally-managed
[9.865s] running egg_info
[9.867s] writing ../../build/project_mapping/project_mapping.egg-info/PKG-INFO
[9.869s] writing dependency_links to ../../build/project_mapping/project_mapping.egg-info/dependency_links.txt
[9.869s] writing entry points to ../../build/project_mapping/project_mapping.egg-info/entry_points.txt
[9.869s] writing requirements to ../../build/project_mapping/project_mapping.egg-info/requires.txt
[9.869s] writing top-level names to ../../build/project_mapping/project_mapping.egg-info/top_level.txt
[9.873s] reading manifest file '../../build/project_mapping/project_mapping.egg-info/SOURCES.txt'
[9.875s] writing manifest file '../../build/project_mapping/project_mapping.egg-info/SOURCES.txt'
[9.876s] running build
[9.876s] running build_py
[9.876s] running install
[9.876s] /usr/lib/python3/dist-packages/setuptools/command/install.py:34: SetuptoolsDeprecationWarning: setup.py install is deprecated. Use build and pip and other standards-based tools.
[9.876s]   warnings.warn(
[9.878s] running install_lib
[9.881s] running install_data
[9.884s] running install_egg_info
[9.888s] removing '/home/user/ros2_ws/install/project_mapping/lib/python3.10/site-packages/project_mapping-0.0.0-py3.10.egg-info' (and everything under it)
[9.889s] Copying ../../build/project_mapping/project_mapping.egg-info to /home/user/ros2_ws/install/project_mapping/lib/python3.10/site-packages/project_mapping-0.0.0-py3.10.egg-info
[9.891s] running install_scripts
[9.998s] writing list of installed files to '/home/user/ros2_ws/build/project_mapping/install.log'
[10.100s] Invoked command in '/home/user/ros2_ws/src/project_mapping' returned '0': PYTHONPATH=/home/user/ros2_ws/build/project_mapping/prefix_override:/home/user/ros2_ws/install/project_mapping/lib/python3.10/site-packages:${PYTHONPATH} _=/usr/bin/env /usr/bin/python3 setup.py egg_info --egg-base ../../build/project_mapping build --build-base /home/user/ros2_ws/build/project_mapping/build install --record /home/user/ros2_ws/build/project_mapping/install.log --single-version-externally-managed
