[6.879s] Invoking command in '/home/user/ros2_ws/src/project_mapping': PYTHONPATH=/home/user/ros2_ws/build/project_mapping/prefix_override:/home/user/ros2_ws/install/project_mapping/lib/python3.10/site-packages:${PYTHONPATH} _=/usr/bin/env /usr/bin/python3 setup.py egg_info --egg-base ../../build/project_mapping build --build-base /home/user/ros2_ws/build/project_mapping/build install --record /home/user/ros2_ws/build/project_mapping/install.log --single-version-externally-managed
[8.683s] running egg_info
[8.684s] writing ../../build/project_mapping/project_mapping.egg-info/PKG-INFO
[8.687s] writing dependency_links to ../../build/project_mapping/project_mapping.egg-info/dependency_links.txt
[8.688s] writing entry points to ../../build/project_mapping/project_mapping.egg-info/entry_points.txt
[8.688s] writing requirements to ../../build/project_mapping/project_mapping.egg-info/requires.txt
[8.688s] writing top-level names to ../../build/project_mapping/project_mapping.egg-info/top_level.txt
[8.692s] reading manifest file '../../build/project_mapping/project_mapping.egg-info/SOURCES.txt'
[8.760s] writing manifest file '../../build/project_mapping/project_mapping.egg-info/SOURCES.txt'
[8.761s] running build
[8.761s] running build_py
[8.761s] running install
[8.761s] running install_lib
[8.761s] running install_data
[8.761s] running install_egg_info
[8.761s] /usr/lib/python3/dist-packages/setuptools/command/install.py:34: SetuptoolsDeprecationWarning: setup.py install is deprecated. Use build and pip and other standards-based tools.
[8.761s]   warnings.warn(
[8.763s] removing '/home/user/ros2_ws/install/project_mapping/lib/python3.10/site-packages/project_mapping-0.0.0-py3.10.egg-info' (and everything under it)
[8.764s] Copying ../../build/project_mapping/project_mapping.egg-info to /home/user/ros2_ws/install/project_mapping/lib/python3.10/site-packages/project_mapping-0.0.0-py3.10.egg-info
[8.766s] running install_scripts
[8.887s] writing list of installed files to '/home/user/ros2_ws/build/project_mapping/install.log'
[9.000s] Invoked command in '/home/user/ros2_ws/src/project_mapping' returned '0': PYTHONPATH=/home/user/ros2_ws/build/project_mapping/prefix_override:/home/user/ros2_ws/install/project_mapping/lib/python3.10/site-packages:${PYTHONPATH} _=/usr/bin/env /usr/bin/python3 setup.py egg_info --egg-base ../../build/project_mapping build --build-base /home/user/ros2_ws/build/project_mapping/build install --record /home/user/ros2_ws/build/project_mapping/install.log --single-version-externally-managed
