[13.400s] Invoking command in '/home/user/ros2_ws/src/project_localization': PYTHONPATH=/home/user/ros2_ws/build/project_localization/prefix_override:/home/user/ros2_ws/install/project_localization/lib/python3.10/site-packages:${PYTHONPATH} _=/usr/bin/env /usr/bin/python3 setup.py egg_info --egg-base ../../build/project_localization build --build-base /home/user/ros2_ws/build/project_localization/build install --record /home/user/ros2_ws/build/project_localization/install.log --single-version-externally-managed
[16.726s] running egg_info
[16.727s] writing ../../build/project_localization/project_localization.egg-info/PKG-INFO
[16.728s] writing dependency_links to ../../build/project_localization/project_localization.egg-info/dependency_links.txt
[16.728s] writing entry points to ../../build/project_localization/project_localization.egg-info/entry_points.txt
[16.728s] writing requirements to ../../build/project_localization/project_localization.egg-info/requires.txt
[16.728s] writing top-level names to ../../build/project_localization/project_localization.egg-info/top_level.txt
[16.731s] reading manifest file '../../build/project_localization/project_localization.egg-info/SOURCES.txt'
[16.792s] writing manifest file '../../build/project_localization/project_localization.egg-info/SOURCES.txt'
[16.793s] running build
[16.793s] running build_py
[16.793s] /usr/lib/python3/dist-packages/setuptools/command/install.py:34: SetuptoolsDeprecationWarning: setup.py install is deprecated. Use build and pip and other standards-based tools.
[16.793s]   warnings.warn(
[16.793s] running install
[16.793s] running install_lib
[16.798s] running install_data
[16.799s] running install_egg_info
[16.817s] removing '/home/user/ros2_ws/install/project_localization/lib/python3.10/site-packages/project_localization-0.0.0-py3.10.egg-info' (and everything under it)
[16.819s] Copying ../../build/project_localization/project_localization.egg-info to /home/user/ros2_ws/install/project_localization/lib/python3.10/site-packages/project_localization-0.0.0-py3.10.egg-info
[16.819s] running install_scripts
[16.994s] Installing initial_pose_pub script to /home/user/ros2_ws/install/project_localization/lib/project_localization
[16.995s] writing list of installed files to '/home/user/ros2_ws/build/project_localization/install.log'
[17.117s] Invoked command in '/home/user/ros2_ws/src/project_localization' returned '0': PYTHONPATH=/home/user/ros2_ws/build/project_localization/prefix_override:/home/user/ros2_ws/install/project_localization/lib/python3.10/site-packages:${PYTHONPATH} _=/usr/bin/env /usr/bin/python3 setup.py egg_info --egg-base ../../build/project_localization build --build-base /home/user/ros2_ws/build/project_localization/build install --record /home/user/ros2_ws/build/project_localization/install.log --single-version-externally-managed
