[2.534s] Invoking command in '/home/user/ros2_ws/src/project_localization': PYTHONPATH=/home/user/ros2_ws/build/project_localization/prefix_override:/home/user/ros2_ws/install/project_localization/lib/python3.10/site-packages:${PYTHONPATH} _=/usr/bin/env /usr/bin/python3 setup.py egg_info --egg-base ../../build/project_localization build --build-base /home/user/ros2_ws/build/project_localization/build install --record /home/user/ros2_ws/build/project_localization/install.log --single-version-externally-managed
[3.329s] running egg_info
[3.330s] writing ../../build/project_localization/project_localization.egg-info/PKG-INFO
[3.330s] writing dependency_links to ../../build/project_localization/project_localization.egg-info/dependency_links.txt
[3.331s] writing entry points to ../../build/project_localization/project_localization.egg-info/entry_points.txt
[3.331s] writing requirements to ../../build/project_localization/project_localization.egg-info/requires.txt
[3.331s] writing top-level names to ../../build/project_localization/project_localization.egg-info/top_level.txt
[3.338s] reading manifest file '../../build/project_localization/project_localization.egg-info/SOURCES.txt'
[3.339s] writing manifest file '../../build/project_localization/project_localization.egg-info/SOURCES.txt'
[3.339s] running build
[3.339s] running build_py
[3.339s] running install
[3.340s] /usr/lib/python3/dist-packages/setuptools/command/install.py:34: SetuptoolsDeprecationWarning: setup.py install is deprecated. Use build and pip and other standards-based tools.
[3.341s]   warnings.warn(
[3.342s] running install_lib
[3.342s] running install_data
[3.343s] copying launch/localization.launch.py -> /home/user/ros2_ws/install/project_localization/share/project_localization/launch
[3.343s] copying config/amcl_config.yaml -> /home/user/ros2_ws/install/project_localization/share/project_localization/config
[3.343s] running install_egg_info
[3.345s] removing '/home/user/ros2_ws/install/project_localization/lib/python3.10/site-packages/project_localization-0.0.0-py3.10.egg-info' (and everything under it)
[3.346s] Copying ../../build/project_localization/project_localization.egg-info to /home/user/ros2_ws/install/project_localization/lib/python3.10/site-packages/project_localization-0.0.0-py3.10.egg-info
[3.347s] running install_scripts
[3.418s] Installing initial_pose_pub script to /home/user/ros2_ws/install/project_localization/lib/project_localization
[3.419s] writing list of installed files to '/home/user/ros2_ws/build/project_localization/install.log'
[3.470s] Invoked command in '/home/user/ros2_ws/src/project_localization' returned '0': PYTHONPATH=/home/user/ros2_ws/build/project_localization/prefix_override:/home/user/ros2_ws/install/project_localization/lib/python3.10/site-packages:${PYTHONPATH} _=/usr/bin/env /usr/bin/python3 setup.py egg_info --egg-base ../../build/project_localization build --build-base /home/user/ros2_ws/build/project_localization/build install --record /home/user/ros2_ws/build/project_localization/install.log --single-version-externally-managed
