[3.074s] Invoking command in '/home/user/ros2_ws/src/project_mapping': PYTHONPATH=/home/user/ros2_ws/build/project_mapping/prefix_override:/home/user/ros2_ws/install/project_mapping/lib/python3.10/site-packages:${PYTHONPATH} _=/usr/bin/env /usr/bin/python3 setup.py egg_info --egg-base ../../build/project_mapping build --build-base /home/user/ros2_ws/build/project_mapping/build install --record /home/user/ros2_ws/build/project_mapping/install.log --single-version-externally-managed
[3.957s] running egg_info
[3.958s] writing ../../build/project_mapping/project_mapping.egg-info/PKG-INFO
[3.958s] writing dependency_links to ../../build/project_mapping/project_mapping.egg-info/dependency_links.txt
[3.959s] writing entry points to ../../build/project_mapping/project_mapping.egg-info/entry_points.txt
[3.959s] writing requirements to ../../build/project_mapping/project_mapping.egg-info/requires.txt
[3.959s] writing top-level names to ../../build/project_mapping/project_mapping.egg-info/top_level.txt
[3.961s] reading manifest file '../../build/project_mapping/project_mapping.egg-info/SOURCES.txt'
[3.962s] writing manifest file '../../build/project_mapping/project_mapping.egg-info/SOURCES.txt'
[3.962s] running build
[3.963s] running build_py
[3.963s] running install
[3.963s] /usr/lib/python3/dist-packages/setuptools/command/install.py:34: SetuptoolsDeprecationWarning: setup.py install is deprecated. Use build and pip and other standards-based tools.
[3.963s]   warnings.warn(
[3.963s] running install_lib
[3.965s] running install_data
[3.966s] running install_egg_info
[3.969s] removing '/home/user/ros2_ws/install/project_mapping/lib/python3.10/site-packages/project_mapping-0.0.0-py3.10.egg-info' (and everything under it)
[3.969s] Copying ../../build/project_mapping/project_mapping.egg-info to /home/user/ros2_ws/install/project_mapping/lib/python3.10/site-packages/project_mapping-0.0.0-py3.10.egg-info
[3.970s] running install_scripts
[4.052s] writing list of installed files to '/home/user/ros2_ws/build/project_mapping/install.log'
[4.146s] Invoked command in '/home/user/ros2_ws/src/project_mapping' returned '0': PYTHONPATH=/home/user/ros2_ws/build/project_mapping/prefix_override:/home/user/ros2_ws/install/project_mapping/lib/python3.10/site-packages:${PYTHONPATH} _=/usr/bin/env /usr/bin/python3 setup.py egg_info --egg-base ../../build/project_mapping build --build-base /home/user/ros2_ws/build/project_mapping/build install --record /home/user/ros2_ws/build/project_mapping/install.log --single-version-externally-managed
