[12.988s] Invoking command in '/home/user/ros2_ws/src/project_mapping': PYTHONPATH=/home/user/ros2_ws/build/project_mapping/prefix_override:/home/user/ros2_ws/install/project_mapping/lib/python3.10/site-packages:${PYTHONPATH} _=/usr/bin/env /usr/bin/python3 setup.py egg_info --egg-base ../../build/project_mapping build --build-base /home/user/ros2_ws/build/project_mapping/build install --record /home/user/ros2_ws/build/project_mapping/install.log --single-version-externally-managed
[15.104s] running egg_info
[15.106s] writing ../../build/project_mapping/project_mapping.egg-info/PKG-INFO
[15.107s] writing dependency_links to ../../build/project_mapping/project_mapping.egg-info/dependency_links.txt
[15.107s] writing entry points to ../../build/project_mapping/project_mapping.egg-info/entry_points.txt
[15.107s] writing requirements to ../../build/project_mapping/project_mapping.egg-info/requires.txt
[15.107s] writing top-level names to ../../build/project_mapping/project_mapping.egg-info/top_level.txt
[15.111s] reading manifest file '../../build/project_mapping/project_mapping.egg-info/SOURCES.txt'
[15.112s] writing manifest file '../../build/project_mapping/project_mapping.egg-info/SOURCES.txt'
[15.112s] running build
[15.113s] running build_py
[15.113s] running install
[15.113s] /usr/lib/python3/dist-packages/setuptools/command/install.py:34: SetuptoolsDeprecationWarning: setup.py install is deprecated. Use build and pip and other standards-based tools.
[15.113s]   warnings.warn(
[15.113s] running install_lib
[15.124s] running install_data
[15.126s] running install_egg_info
[15.186s] removing '/home/user/ros2_ws/install/project_mapping/lib/python3.10/site-packages/project_mapping-0.0.0-py3.10.egg-info' (and everything under it)
[15.187s] Copying ../../build/project_mapping/project_mapping.egg-info to /home/user/ros2_ws/install/project_mapping/lib/python3.10/site-packages/project_mapping-0.0.0-py3.10.egg-info
[15.189s] running install_scripts
[15.292s] writing list of installed files to '/home/user/ros2_ws/build/project_mapping/install.log'
[15.393s] Invoked command in '/home/user/ros2_ws/src/project_mapping' returned '0': PYTHONPATH=/home/user/ros2_ws/build/project_mapping/prefix_override:/home/user/ros2_ws/install/project_mapping/lib/python3.10/site-packages:${PYTHONPATH} _=/usr/bin/env /usr/bin/python3 setup.py egg_info --egg-base ../../build/project_mapping build --build-base /home/user/ros2_ws/build/project_mapping/build install --record /home/user/ros2_ws/build/project_mapping/install.log --single-version-externally-managed
