/home/user/ros2_ws/install/path_planner_server/lib/python3.10/site-packages/path_planner_server/nav_to_pose_action_client copy.py
/home/user/ros2_ws/install/path_planner_server/lib/python3.10/site-packages/path_planner_server/nav_to_pose2.py
/home/user/ros2_ws/install/path_planner_server/lib/python3.10/site-packages/path_planner_server/__init__.py
/home/user/ros2_ws/install/path_planner_server/lib/python3.10/site-packages/path_planner_server/spot_recorder.py
/home/user/ros2_ws/install/path_planner_server/lib/python3.10/site-packages/path_planner_server/__pycache__/nav_to_pose_action_client copy.cpython-310.pyc
/home/user/ros2_ws/install/path_planner_server/lib/python3.10/site-packages/path_planner_server/__pycache__/nav_to_pose2.cpython-310.pyc
/home/user/ros2_ws/install/path_planner_server/lib/python3.10/site-packages/path_planner_server/__pycache__/__init__.cpython-310.pyc
/home/user/ros2_ws/install/path_planner_server/lib/python3.10/site-packages/path_planner_server/__pycache__/spot_recorder.cpython-310.pyc
/home/user/ros2_ws/install/path_planner_server/share/ament_index/resource_index/packages/path_planner_server
/home/user/ros2_ws/install/path_planner_server/share/path_planner_server/package.xml
/home/user/ros2_ws/install/path_planner_server/share/path_planner_server/launch/pathplanner.launch.py
/home/user/ros2_ws/install/path_planner_server/share/path_planner_server/launch/navigation.launch.py
/home/user/ros2_ws/install/path_planner_server/share/path_planner_server/config/controller.yaml
/home/user/ros2_ws/install/path_planner_server/share/path_planner_server/config/recovery.yaml
/home/user/ros2_ws/install/path_planner_server/share/path_planner_server/config/planner_server.yaml
/home/user/ros2_ws/install/path_planner_server/share/path_planner_server/config/spots.yaml
/home/user/ros2_ws/install/path_planner_server/share/path_planner_server/config/bt_navigator.yaml
/home/user/ros2_ws/install/path_planner_server/share/path_planner_server/config/behavior.xml
/home/user/ros2_ws/install/path_planner_server/lib/python3.10/site-packages/path_planner_server-0.0.0-py3.10.egg-info/PKG-INFO
/home/user/ros2_ws/install/path_planner_server/lib/python3.10/site-packages/path_planner_server-0.0.0-py3.10.egg-info/zip-safe
/home/user/ros2_ws/install/path_planner_server/lib/python3.10/site-packages/path_planner_server-0.0.0-py3.10.egg-info/top_level.txt
/home/user/ros2_ws/install/path_planner_server/lib/python3.10/site-packages/path_planner_server-0.0.0-py3.10.egg-info/requires.txt
/home/user/ros2_ws/install/path_planner_server/lib/python3.10/site-packages/path_planner_server-0.0.0-py3.10.egg-info/entry_points.txt
/home/user/ros2_ws/install/path_planner_server/lib/python3.10/site-packages/path_planner_server-0.0.0-py3.10.egg-info/SOURCES.txt
/home/user/ros2_ws/install/path_planner_server/lib/python3.10/site-packages/path_planner_server-0.0.0-py3.10.egg-info/dependency_links.txt
/home/user/ros2_ws/install/path_planner_server/lib/path_planner_server/nav_to_pose
/home/user/ros2_ws/install/path_planner_server/lib/path_planner_server/nav_to_pose2
/home/user/ros2_ws/install/path_planner_server/lib/path_planner_server/spot_recorder
