[7.581s] Invoking command in '/home/user/ros2_ws/src/ros2_nav_files/nav2_project': PYTHONPATH=/home/user/ros2_ws/build/nav2_project/prefix_override:/home/user/ros2_ws/install/nav2_project/lib/python3.10/site-packages:${PYTHONPATH} _=/usr/bin/env /usr/bin/python3 setup.py egg_info --egg-base ../../../build/nav2_project build --build-base /home/user/ros2_ws/build/nav2_project/build install --record /home/user/ros2_ws/build/nav2_project/install.log --install-scripts $base/lib/nav2_project --single-version-externally-managed
[9.406s] /usr/lib/python3/dist-packages/setuptools/dist.py:723: UserWarning: Usage of dash-separated 'script-dir' will not be supported in future versions. Please use the underscore name 'script_dir' instead
[9.407s]   warnings.warn(
[9.499s] running egg_info
[9.500s] writing ../../../build/nav2_project/nav2_project.egg-info/PKG-INFO
[9.500s] writing dependency_links to ../../../build/nav2_project/nav2_project.egg-info/dependency_links.txt
[9.500s] writing entry points to ../../../build/nav2_project/nav2_project.egg-info/entry_points.txt
[9.501s] writing requirements to ../../../build/nav2_project/nav2_project.egg-info/requires.txt
[9.501s] writing top-level names to ../../../build/nav2_project/nav2_project.egg-info/top_level.txt
[9.581s] reading manifest file '../../../build/nav2_project/nav2_project.egg-info/SOURCES.txt'
[9.584s] writing manifest file '../../../build/nav2_project/nav2_project.egg-info/SOURCES.txt'
[9.587s] running build
[9.588s] running build_py
[9.590s] running install
[9.592s] /usr/lib/python3/dist-packages/setuptools/command/install.py:34: SetuptoolsDeprecationWarning: setup.py install is deprecated. Use build and pip and other standards-based tools.
[9.592s]   warnings.warn(
[9.593s] running install_lib
[9.594s] running install_data
[9.594s] running install_egg_info
[9.597s] removing '/home/user/ros2_ws/install/nav2_project/lib/python3.10/site-packages/nav2_project-0.0.0-py3.10.egg-info' (and everything under it)
[9.597s] Copying ../../../build/nav2_project/nav2_project.egg-info to /home/user/ros2_ws/install/nav2_project/lib/python3.10/site-packages/nav2_project-0.0.0-py3.10.egg-info
[9.598s] running install_scripts
[9.700s] Installing go_to_pose script to /home/user/ros2_ws/install/nav2_project/lib/nav2_project
[9.701s] Installing spot_recorder script to /home/user/ros2_ws/install/nav2_project/lib/nav2_project
[9.701s] writing list of installed files to '/home/user/ros2_ws/build/nav2_project/install.log'
[9.812s] Invoked command in '/home/user/ros2_ws/src/ros2_nav_files/nav2_project' returned '0': PYTHONPATH=/home/user/ros2_ws/build/nav2_project/prefix_override:/home/user/ros2_ws/install/nav2_project/lib/python3.10/site-packages:${PYTHONPATH} _=/usr/bin/env /usr/bin/python3 setup.py egg_info --egg-base ../../../build/nav2_project build --build-base /home/user/ros2_ws/build/nav2_project/build install --record /home/user/ros2_ws/build/nav2_project/install.log --install-scripts $base/lib/nav2_project --single-version-externally-managed
