[13.299s] Invoking command in '/home/user/ros2_ws/src/path_planner_server': PYTHONPATH=/home/user/ros2_ws/build/path_planner_server/prefix_override:/home/user/ros2_ws/install/path_planner_server/lib/python3.10/site-packages:${PYTHONPATH} _=/usr/bin/env /usr/bin/python3 setup.py egg_info --egg-base ../../build/path_planner_server build --build-base /home/user/ros2_ws/build/path_planner_server/build install --record /home/user/ros2_ws/build/path_planner_server/install.log --single-version-externally-managed
[16.170s] running egg_info
[16.170s] writing ../../build/path_planner_server/path_planner_server.egg-info/PKG-INFO
[16.170s] writing dependency_links to ../../build/path_planner_server/path_planner_server.egg-info/dependency_links.txt
[16.172s] writing entry points to ../../build/path_planner_server/path_planner_server.egg-info/entry_points.txt
[16.173s] writing requirements to ../../build/path_planner_server/path_planner_server.egg-info/requires.txt
[16.174s] writing top-level names to ../../build/path_planner_server/path_planner_server.egg-info/top_level.txt
[16.175s] reading manifest file '../../build/path_planner_server/path_planner_server.egg-info/SOURCES.txt'
[16.178s] writing manifest file '../../build/path_planner_server/path_planner_server.egg-info/SOURCES.txt'
[16.179s] running build
[16.179s] running build_py
[16.190s] copying path_planner_server/nav_to_pose_action_client.py -> /home/user/ros2_ws/build/path_planner_server/build/lib/path_planner_server
[16.192s] running install
[16.193s] /usr/lib/python3/dist-packages/setuptools/command/install.py:34: SetuptoolsDeprecationWarning: setup.py install is deprecated. Use build and pip and other standards-based tools.
[16.194s]   warnings.warn(
[16.199s] running install_lib
[16.204s] copying /home/user/ros2_ws/build/path_planner_server/build/lib/path_planner_server/nav_to_pose_action_client.py -> /home/user/ros2_ws/install/path_planner_server/lib/python3.10/site-packages/path_planner_server
[16.266s] byte-compiling /home/user/ros2_ws/install/path_planner_server/lib/python3.10/site-packages/path_planner_server/nav_to_pose_action_client.py to nav_to_pose_action_client.cpython-310.pyc
[16.266s] running install_data
[16.266s] running install_egg_info
[16.276s] removing '/home/user/ros2_ws/install/path_planner_server/lib/python3.10/site-packages/path_planner_server-0.0.0-py3.10.egg-info' (and everything under it)
[16.276s] Copying ../../build/path_planner_server/path_planner_server.egg-info to /home/user/ros2_ws/install/path_planner_server/lib/python3.10/site-packages/path_planner_server-0.0.0-py3.10.egg-info
[16.278s] running install_scripts
[16.574s] Installing nav_to_pose script to /home/user/ros2_ws/install/path_planner_server/lib/path_planner_server
[16.575s] writing list of installed files to '/home/user/ros2_ws/build/path_planner_server/install.log'
[16.878s] Invoked command in '/home/user/ros2_ws/src/path_planner_server' returned '0': PYTHONPATH=/home/user/ros2_ws/build/path_planner_server/prefix_override:/home/user/ros2_ws/install/path_planner_server/lib/python3.10/site-packages:${PYTHONPATH} _=/usr/bin/env /usr/bin/python3 setup.py egg_info --egg-base ../../build/path_planner_server build --build-base /home/user/ros2_ws/build/path_planner_server/build install --record /home/user/ros2_ws/build/path_planner_server/install.log --single-version-externally-managed
