[10.267s] Invoking command in '/home/user/ros2_ws/src/project_localization': PYTHONPATH=/home/user/ros2_ws/build/project_localization/prefix_override:/home/user/ros2_ws/install/project_localization/lib/python3.10/site-packages:${PYTHONPATH} _=/usr/bin/env /usr/bin/python3 setup.py egg_info --egg-base ../../build/project_localization build --build-base /home/user/ros2_ws/build/project_localization/build install --record /home/user/ros2_ws/build/project_localization/install.log --single-version-externally-managed
[12.863s] running egg_info
[12.865s] writing ../../build/project_localization/project_localization.egg-info/PKG-INFO
[12.866s] writing dependency_links to ../../build/project_localization/project_localization.egg-info/dependency_links.txt
[12.866s] writing entry points to ../../build/project_localization/project_localization.egg-info/entry_points.txt
[12.866s] writing requirements to ../../build/project_localization/project_localization.egg-info/requires.txt
[12.867s] writing top-level names to ../../build/project_localization/project_localization.egg-info/top_level.txt
[12.879s] reading manifest file '../../build/project_localization/project_localization.egg-info/SOURCES.txt'
[12.879s] writing manifest file '../../build/project_localization/project_localization.egg-info/SOURCES.txt'
[12.879s] running build
[12.879s] running build_py
[12.879s] running install
[12.879s] running install_lib
[12.880s] running install_data
[12.880s] running install_egg_info
[12.935s] removing '/home/user/ros2_ws/install/project_localization/lib/python3.10/site-packages/project_localization-0.0.0-py3.10.egg-info' (and everything under it)
[12.935s] Copying ../../build/project_localization/project_localization.egg-info to /home/user/ros2_ws/install/project_localization/lib/python3.10/site-packages/project_localization-0.0.0-py3.10.egg-info
[12.935s] running install_scripts
[12.939s] /usr/lib/python3/dist-packages/setuptools/command/install.py:34: SetuptoolsDeprecationWarning: setup.py install is deprecated. Use build and pip and other standards-based tools.
[12.939s]   warnings.warn(
[13.042s] Installing initial_pose_pub script to /home/user/ros2_ws/install/project_localization/lib/project_localization
[13.042s] writing list of installed files to '/home/user/ros2_ws/build/project_localization/install.log'
[13.155s] Invoked command in '/home/user/ros2_ws/src/project_localization' returned '0': PYTHONPATH=/home/user/ros2_ws/build/project_localization/prefix_override:/home/user/ros2_ws/install/project_localization/lib/python3.10/site-packages:${PYTHONPATH} _=/usr/bin/env /usr/bin/python3 setup.py egg_info --egg-base ../../build/project_localization build --build-base /home/user/ros2_ws/build/project_localization/build install --record /home/user/ros2_ws/build/project_localization/install.log --single-version-externally-managed
