[11.702s] Invoking command in '/home/user/ros2_ws/src/path_planner_server': PYTHONPATH=/home/user/ros2_ws/build/path_planner_server/prefix_override:/home/user/ros2_ws/install/path_planner_server/lib/python3.10/site-packages:${PYTHONPATH} _=/usr/bin/env /usr/bin/python3 setup.py egg_info --egg-base ../../build/path_planner_server build --build-base /home/user/ros2_ws/build/path_planner_server/build install --record /home/user/ros2_ws/build/path_planner_server/install.log --single-version-externally-managed
[14.003s] running egg_info
[14.005s] writing ../../build/path_planner_server/path_planner_server.egg-info/PKG-INFO
[14.006s] writing dependency_links to ../../build/path_planner_server/path_planner_server.egg-info/dependency_links.txt
[14.006s] writing entry points to ../../build/path_planner_server/path_planner_server.egg-info/entry_points.txt
[14.007s] writing requirements to ../../build/path_planner_server/path_planner_server.egg-info/requires.txt
[14.007s] writing top-level names to ../../build/path_planner_server/path_planner_server.egg-info/top_level.txt
[14.011s] reading manifest file '../../build/path_planner_server/path_planner_server.egg-info/SOURCES.txt'
[14.013s] writing manifest file '../../build/path_planner_server/path_planner_server.egg-info/SOURCES.txt'
[14.013s] running build
[14.013s] running build_py
[14.014s] copying path_planner_server/nav_to_pose_action_client copy.py -> /home/user/ros2_ws/build/path_planner_server/build/lib/path_planner_server
[14.015s] running install
[14.080s] /usr/lib/python3/dist-packages/setuptools/command/install.py:34: SetuptoolsDeprecationWarning: setup.py install is deprecated. Use build and pip and other standards-based tools.
[14.080s]   warnings.warn(
[14.081s] running install_lib
[14.081s] copying /home/user/ros2_ws/build/path_planner_server/build/lib/path_planner_server/nav_to_pose_action_client copy.py -> /home/user/ros2_ws/install/path_planner_server/lib/python3.10/site-packages/path_planner_server
[14.081s] byte-compiling /home/user/ros2_ws/install/path_planner_server/lib/python3.10/site-packages/path_planner_server/nav_to_pose_action_client copy.py to nav_to_pose_action_client copy.cpython-310.pyc
[14.081s] running install_data
[14.082s] running install_egg_info
[14.085s] removing '/home/user/ros2_ws/install/path_planner_server/lib/python3.10/site-packages/path_planner_server-0.0.0-py3.10.egg-info' (and everything under it)
[14.087s] Copying ../../build/path_planner_server/path_planner_server.egg-info to /home/user/ros2_ws/install/path_planner_server/lib/python3.10/site-packages/path_planner_server-0.0.0-py3.10.egg-info
[14.088s] running install_scripts
[14.281s] Installing nav_to_pose script to /home/user/ros2_ws/install/path_planner_server/lib/path_planner_server
[14.282s] Installing nav_to_pose2 script to /home/user/ros2_ws/install/path_planner_server/lib/path_planner_server
[14.282s] writing list of installed files to '/home/user/ros2_ws/build/path_planner_server/install.log'
[14.408s] Invoked command in '/home/user/ros2_ws/src/path_planner_server' returned '0': PYTHONPATH=/home/user/ros2_ws/build/path_planner_server/prefix_override:/home/user/ros2_ws/install/path_planner_server/lib/python3.10/site-packages:${PYTHONPATH} _=/usr/bin/env /usr/bin/python3 setup.py egg_info --egg-base ../../build/path_planner_server build --build-base /home/user/ros2_ws/build/path_planner_server/build install --record /home/user/ros2_ws/build/path_planner_server/install.log --single-version-externally-managed
