[11.620s] Invoking command in '/home/user/ros2_ws/src/path_planner_server': PYTHONPATH=/home/user/ros2_ws/build/path_planner_server/prefix_override:/home/user/ros2_ws/install/path_planner_server/lib/python3.10/site-packages:${PYTHONPATH} _=/usr/bin/env /usr/bin/python3 setup.py egg_info --egg-base ../../build/path_planner_server build --build-base /home/user/ros2_ws/build/path_planner_server/build install --record /home/user/ros2_ws/build/path_planner_server/install.log --single-version-externally-managed
[14.611s] running egg_info
[14.613s] writing ../../build/path_planner_server/path_planner_server.egg-info/PKG-INFO
[14.613s] writing dependency_links to ../../build/path_planner_server/path_planner_server.egg-info/dependency_links.txt
[14.614s] writing entry points to ../../build/path_planner_server/path_planner_server.egg-info/entry_points.txt
[14.614s] writing requirements to ../../build/path_planner_server/path_planner_server.egg-info/requires.txt
[14.614s] writing top-level names to ../../build/path_planner_server/path_planner_server.egg-info/top_level.txt
[14.617s] reading manifest file '../../build/path_planner_server/path_planner_server.egg-info/SOURCES.txt'
[14.619s] writing manifest file '../../build/path_planner_server/path_planner_server.egg-info/SOURCES.txt'
[14.620s] running build
[14.620s] running build_py
[14.621s] copying path_planner_server/nav_to_pose_action_client copy.py -> /home/user/ros2_ws/build/path_planner_server/build/lib/path_planner_server
[14.622s] copying path_planner_server/nav_to_pose2.py -> /home/user/ros2_ws/build/path_planner_server/build/lib/path_planner_server
[14.623s] running install
[14.623s] /usr/lib/python3/dist-packages/setuptools/command/install.py:34: SetuptoolsDeprecationWarning: setup.py install is deprecated. Use build and pip and other standards-based tools.
[14.623s]   warnings.warn(
[14.623s] running install_lib
[14.625s] copying /home/user/ros2_ws/build/path_planner_server/build/lib/path_planner_server/nav_to_pose_action_client copy.py -> /home/user/ros2_ws/install/path_planner_server/lib/python3.10/site-packages/path_planner_server
[14.625s] copying /home/user/ros2_ws/build/path_planner_server/build/lib/path_planner_server/nav_to_pose2.py -> /home/user/ros2_ws/install/path_planner_server/lib/python3.10/site-packages/path_planner_server
[14.626s] byte-compiling /home/user/ros2_ws/install/path_planner_server/lib/python3.10/site-packages/path_planner_server/nav_to_pose_action_client copy.py to nav_to_pose_action_client copy.cpython-310.pyc
[14.693s] byte-compiling /home/user/ros2_ws/install/path_planner_server/lib/python3.10/site-packages/path_planner_server/nav_to_pose2.py to nav_to_pose2.cpython-310.pyc
[14.693s] running install_data
[14.700s] running install_egg_info
[14.704s] removing '/home/user/ros2_ws/install/path_planner_server/lib/python3.10/site-packages/path_planner_server-0.0.0-py3.10.egg-info' (and everything under it)
[14.704s] Copying ../../build/path_planner_server/path_planner_server.egg-info to /home/user/ros2_ws/install/path_planner_server/lib/python3.10/site-packages/path_planner_server-0.0.0-py3.10.egg-info
[14.705s] running install_scripts
[14.893s] Installing nav_to_pose script to /home/user/ros2_ws/install/path_planner_server/lib/path_planner_server
[14.893s] Installing nav_to_pose2 script to /home/user/ros2_ws/install/path_planner_server/lib/path_planner_server
[14.893s] writing list of installed files to '/home/user/ros2_ws/build/path_planner_server/install.log'
[15.011s] Invoked command in '/home/user/ros2_ws/src/path_planner_server' returned '0': PYTHONPATH=/home/user/ros2_ws/build/path_planner_server/prefix_override:/home/user/ros2_ws/install/path_planner_server/lib/python3.10/site-packages:${PYTHONPATH} _=/usr/bin/env /usr/bin/python3 setup.py egg_info --egg-base ../../build/path_planner_server build --build-base /home/user/ros2_ws/build/path_planner_server/build install --record /home/user/ros2_ws/build/path_planner_server/install.log --single-version-externally-managed
