[5.807s] Invoking command in '/home/user/ros2_ws/src/project_localization': PYTHONPATH=/home/user/ros2_ws/build/project_localization/prefix_override:/home/user/ros2_ws/install/project_localization/lib/python3.10/site-packages:${PYTHONPATH} _=/usr/bin/env /usr/bin/python3 setup.py egg_info --egg-base ../../build/project_localization build --build-base /home/user/ros2_ws/build/project_localization/build install --record /home/user/ros2_ws/build/project_localization/install.log --single-version-externally-managed
[7.289s] running egg_info
[7.290s] writing ../../build/project_localization/project_localization.egg-info/PKG-INFO
[7.290s] writing dependency_links to ../../build/project_localization/project_localization.egg-info/dependency_links.txt
[7.290s] writing entry points to ../../build/project_localization/project_localization.egg-info/entry_points.txt
[7.291s] writing requirements to ../../build/project_localization/project_localization.egg-info/requires.txt
[7.292s] writing top-level names to ../../build/project_localization/project_localization.egg-info/top_level.txt
[7.300s] reading manifest file '../../build/project_localization/project_localization.egg-info/SOURCES.txt'
[7.300s] writing manifest file '../../build/project_localization/project_localization.egg-info/SOURCES.txt'
[7.300s] running build
[7.300s] running build_py
[7.304s] running install
[7.305s] running install_lib
[7.305s] running install_data
[7.305s] running install_egg_info
[7.305s] /usr/lib/python3/dist-packages/setuptools/command/install.py:34: SetuptoolsDeprecationWarning: setup.py install is deprecated. Use build and pip and other standards-based tools.
[7.306s]   warnings.warn(
[7.316s] removing '/home/user/ros2_ws/install/project_localization/lib/python3.10/site-packages/project_localization-0.0.0-py3.10.egg-info' (and everything under it)
[7.316s] Copying ../../build/project_localization/project_localization.egg-info to /home/user/ros2_ws/install/project_localization/lib/python3.10/site-packages/project_localization-0.0.0-py3.10.egg-info
[7.317s] running install_scripts
[7.389s] Installing initial_pose_pub script to /home/user/ros2_ws/install/project_localization/lib/project_localization
[7.389s] writing list of installed files to '/home/user/ros2_ws/build/project_localization/install.log'
[7.443s] Invoked command in '/home/user/ros2_ws/src/project_localization' returned '0': PYTHONPATH=/home/user/ros2_ws/build/project_localization/prefix_override:/home/user/ros2_ws/install/project_localization/lib/python3.10/site-packages:${PYTHONPATH} _=/usr/bin/env /usr/bin/python3 setup.py egg_info --egg-base ../../build/project_localization build --build-base /home/user/ros2_ws/build/project_localization/build install --record /home/user/ros2_ws/build/project_localization/install.log --single-version-externally-managed
