[5.785s] Invoking command in '/home/user/ros2_ws/src/ros2_nav_files/nav2_project': PYTHONPATH=/home/user/ros2_ws/build/nav2_project/prefix_override:/home/user/ros2_ws/install/nav2_project/lib/python3.10/site-packages:${PYTHONPATH} _=/usr/bin/env /usr/bin/python3 setup.py egg_info --egg-base ../../../build/nav2_project build --build-base /home/user/ros2_ws/build/nav2_project/build install --record /home/user/ros2_ws/build/nav2_project/install.log --install-scripts $base/lib/nav2_project --single-version-externally-managed
[7.147s] /usr/lib/python3/dist-packages/setuptools/dist.py:723: UserWarning: Usage of dash-separated 'script-dir' will not be supported in future versions. Please use the underscore name 'script_dir' instead
[7.148s]   warnings.warn(
[7.162s] running egg_info
[7.164s] writing ../../../build/nav2_project/nav2_project.egg-info/PKG-INFO
[7.164s] writing dependency_links to ../../../build/nav2_project/nav2_project.egg-info/dependency_links.txt
[7.165s] writing entry points to ../../../build/nav2_project/nav2_project.egg-info/entry_points.txt
[7.165s] writing requirements to ../../../build/nav2_project/nav2_project.egg-info/requires.txt
[7.165s] writing top-level names to ../../../build/nav2_project/nav2_project.egg-info/top_level.txt
[7.168s] reading manifest file '../../../build/nav2_project/nav2_project.egg-info/SOURCES.txt'
[7.170s] writing manifest file '../../../build/nav2_project/nav2_project.egg-info/SOURCES.txt'
[7.171s] running build
[7.171s] running build_py
[7.172s] running install
[7.172s] /usr/lib/python3/dist-packages/setuptools/command/install.py:34: SetuptoolsDeprecationWarning: setup.py install is deprecated. Use build and pip and other standards-based tools.
[7.172s]   warnings.warn(
[7.173s] running install_lib
[7.231s] running install_data
[7.231s] running install_egg_info
[7.234s] removing '/home/user/ros2_ws/install/nav2_project/lib/python3.10/site-packages/nav2_project-0.0.0-py3.10.egg-info' (and everything under it)
[7.235s] Copying ../../../build/nav2_project/nav2_project.egg-info to /home/user/ros2_ws/install/nav2_project/lib/python3.10/site-packages/nav2_project-0.0.0-py3.10.egg-info
[7.242s] running install_scripts
[7.288s] Installing go_to_pose script to /home/user/ros2_ws/install/nav2_project/lib/nav2_project
[7.289s] Installing spot_recorder script to /home/user/ros2_ws/install/nav2_project/lib/nav2_project
[7.289s] writing list of installed files to '/home/user/ros2_ws/build/nav2_project/install.log'
[7.390s] Invoked command in '/home/user/ros2_ws/src/ros2_nav_files/nav2_project' returned '0': PYTHONPATH=/home/user/ros2_ws/build/nav2_project/prefix_override:/home/user/ros2_ws/install/nav2_project/lib/python3.10/site-packages:${PYTHONPATH} _=/usr/bin/env /usr/bin/python3 setup.py egg_info --egg-base ../../../build/nav2_project build --build-base /home/user/ros2_ws/build/nav2_project/build install --record /home/user/ros2_ws/build/nav2_project/install.log --install-scripts $base/lib/nav2_project --single-version-externally-managed
