[3.589s] Invoking command in '/home/user/ros2_ws/src/project_localization': PYTHONPATH=/home/user/ros2_ws/build/project_localization/prefix_override:/home/user/ros2_ws/install/project_localization/lib/python3.10/site-packages:${PYTHONPATH} _=/usr/bin/env /usr/bin/python3 setup.py egg_info --egg-base ../../build/project_localization build --build-base /home/user/ros2_ws/build/project_localization/build install --record /home/user/ros2_ws/build/project_localization/install.log --single-version-externally-managed
[4.769s] running egg_info
[4.771s] writing ../../build/project_localization/project_localization.egg-info/PKG-INFO
[4.771s] writing dependency_links to ../../build/project_localization/project_localization.egg-info/dependency_links.txt
[4.772s] writing entry points to ../../build/project_localization/project_localization.egg-info/entry_points.txt
[4.772s] writing requirements to ../../build/project_localization/project_localization.egg-info/requires.txt
[4.772s] writing top-level names to ../../build/project_localization/project_localization.egg-info/top_level.txt
[4.776s] reading manifest file '../../build/project_localization/project_localization.egg-info/SOURCES.txt'
[4.777s] writing manifest file '../../build/project_localization/project_localization.egg-info/SOURCES.txt'
[4.777s] running build
[4.778s] running build_py
[4.778s] running install
[4.779s] /usr/lib/python3/dist-packages/setuptools/command/install.py:34: SetuptoolsDeprecationWarning: setup.py install is deprecated. Use build and pip and other standards-based tools.
[4.779s]   warnings.warn(
[4.779s] running install_lib
[4.781s] running install_data
[4.782s] running install_egg_info
[4.786s] removing '/home/user/ros2_ws/install/project_localization/lib/python3.10/site-packages/project_localization-0.0.0-py3.10.egg-info' (and everything under it)
[4.787s] Copying ../../build/project_localization/project_localization.egg-info to /home/user/ros2_ws/install/project_localization/lib/python3.10/site-packages/project_localization-0.0.0-py3.10.egg-info
[4.788s] running install_scripts
[4.884s] Installing initial_pose_pub script to /home/user/ros2_ws/install/project_localization/lib/project_localization
[4.884s] writing list of installed files to '/home/user/ros2_ws/build/project_localization/install.log'
[4.997s] Invoked command in '/home/user/ros2_ws/src/project_localization' returned '0': PYTHONPATH=/home/user/ros2_ws/build/project_localization/prefix_override:/home/user/ros2_ws/install/project_localization/lib/python3.10/site-packages:${PYTHONPATH} _=/usr/bin/env /usr/bin/python3 setup.py egg_info --egg-base ../../build/project_localization build --build-base /home/user/ros2_ws/build/project_localization/build install --record /home/user/ros2_ws/build/project_localization/install.log --single-version-externally-managed
