[5.095s] Invoking command in '/home/user/ros2_ws/src/path_planner_server': PYTHONPATH=/home/user/ros2_ws/build/path_planner_server/prefix_override:/home/user/ros2_ws/install/path_planner_server/lib/python3.10/site-packages:${PYTHONPATH} _=/usr/bin/env /usr/bin/python3 setup.py egg_info --egg-base ../../build/path_planner_server build --build-base /home/user/ros2_ws/build/path_planner_server/build install --record /home/user/ros2_ws/build/path_planner_server/install.log --single-version-externally-managed
[6.198s] running egg_info
[6.200s] writing ../../build/path_planner_server/path_planner_server.egg-info/PKG-INFO
[6.201s] writing dependency_links to ../../build/path_planner_server/path_planner_server.egg-info/dependency_links.txt
[6.202s] writing entry points to ../../build/path_planner_server/path_planner_server.egg-info/entry_points.txt
[6.202s] writing requirements to ../../build/path_planner_server/path_planner_server.egg-info/requires.txt
[6.202s] writing top-level names to ../../build/path_planner_server/path_planner_server.egg-info/top_level.txt
[6.205s] reading manifest file '../../build/path_planner_server/path_planner_server.egg-info/SOURCES.txt'
[6.207s] writing manifest file '../../build/path_planner_server/path_planner_server.egg-info/SOURCES.txt'
[6.207s] running build
[6.207s] running build_py
[6.207s] running install
[6.208s] /usr/lib/python3/dist-packages/setuptools/command/install.py:34: SetuptoolsDeprecationWarning: setup.py install is deprecated. Use build and pip and other standards-based tools.
[6.209s]   warnings.warn(
[6.209s] running install_lib
[6.212s] running install_data
[6.213s] copying config/planner_server.yaml -> /home/user/ros2_ws/install/path_planner_server/share/path_planner_server/config
[6.214s] running install_egg_info
[6.277s] removing '/home/user/ros2_ws/install/path_planner_server/lib/python3.10/site-packages/path_planner_server-0.0.0-py3.10.egg-info' (and everything under it)
[6.277s] Copying ../../build/path_planner_server/path_planner_server.egg-info to /home/user/ros2_ws/install/path_planner_server/lib/python3.10/site-packages/path_planner_server-0.0.0-py3.10.egg-info
[6.278s] running install_scripts
[6.310s] Installing nav_to_pose script to /home/user/ros2_ws/install/path_planner_server/lib/path_planner_server
[6.310s] Installing nav_to_pose2 script to /home/user/ros2_ws/install/path_planner_server/lib/path_planner_server
[6.311s] writing list of installed files to '/home/user/ros2_ws/build/path_planner_server/install.log'
[6.411s] Invoked command in '/home/user/ros2_ws/src/path_planner_server' returned '0': PYTHONPATH=/home/user/ros2_ws/build/path_planner_server/prefix_override:/home/user/ros2_ws/install/path_planner_server/lib/python3.10/site-packages:${PYTHONPATH} _=/usr/bin/env /usr/bin/python3 setup.py egg_info --egg-base ../../build/path_planner_server build --build-base /home/user/ros2_ws/build/path_planner_server/build install --record /home/user/ros2_ws/build/path_planner_server/install.log --single-version-externally-managed
