[9.086s] Invoking command in '/home/user/ros2_ws/src/project_localization': PYTHONPATH=/home/user/ros2_ws/build/project_localization/prefix_override:/home/user/ros2_ws/install/project_localization/lib/python3.10/site-packages:${PYTHONPATH} _=/usr/bin/env /usr/bin/python3 setup.py egg_info --egg-base ../../build/project_localization build --build-base /home/user/ros2_ws/build/project_localization/build install --record /home/user/ros2_ws/build/project_localization/install.log --single-version-externally-managed
[10.884s] running egg_info
[10.885s] writing ../../build/project_localization/project_localization.egg-info/PKG-INFO
[10.886s] writing dependency_links to ../../build/project_localization/project_localization.egg-info/dependency_links.txt
[10.887s] writing entry points to ../../build/project_localization/project_localization.egg-info/entry_points.txt
[10.888s] writing requirements to ../../build/project_localization/project_localization.egg-info/requires.txt
[10.888s] writing top-level names to ../../build/project_localization/project_localization.egg-info/top_level.txt
[10.893s] reading manifest file '../../build/project_localization/project_localization.egg-info/SOURCES.txt'
[10.898s] writing manifest file '../../build/project_localization/project_localization.egg-info/SOURCES.txt'
[10.899s] running build
[10.899s] running build_py
[10.901s] running install
[10.901s] /usr/lib/python3/dist-packages/setuptools/command/install.py:34: SetuptoolsDeprecationWarning: setup.py install is deprecated. Use build and pip and other standards-based tools.
[10.902s]   warnings.warn(
[10.903s] running install_lib
[10.971s] running install_data
[10.972s] running install_egg_info
[10.976s] removing '/home/user/ros2_ws/install/project_localization/lib/python3.10/site-packages/project_localization-0.0.0-py3.10.egg-info' (and everything under it)
[10.977s] Copying ../../build/project_localization/project_localization.egg-info to /home/user/ros2_ws/install/project_localization/lib/python3.10/site-packages/project_localization-0.0.0-py3.10.egg-info
[10.981s] running install_scripts
[11.087s] writing list of installed files to '/home/user/ros2_ws/build/project_localization/install.log'
[11.194s] Invoked command in '/home/user/ros2_ws/src/project_localization' returned '0': PYTHONPATH=/home/user/ros2_ws/build/project_localization/prefix_override:/home/user/ros2_ws/install/project_localization/lib/python3.10/site-packages:${PYTHONPATH} _=/usr/bin/env /usr/bin/python3 setup.py egg_info --egg-base ../../build/project_localization build --build-base /home/user/ros2_ws/build/project_localization/build install --record /home/user/ros2_ws/build/project_localization/install.log --single-version-externally-managed
