[2.270s] Invoking command in '/home/user/ros2_ws/src/ros2_nav_files/nav2_project': PYTHONPATH=/home/user/ros2_ws/build/nav2_project/prefix_override:/home/user/ros2_ws/install/nav2_project/lib/python3.10/site-packages:${PYTHONPATH} _=/usr/bin/env /usr/bin/python3 setup.py egg_info --egg-base ../../../build/nav2_project build --build-base /home/user/ros2_ws/build/nav2_project/build install --record /home/user/ros2_ws/build/nav2_project/install.log --install-scripts $base/lib/nav2_project --single-version-externally-managed
[2.929s] /usr/lib/python3/dist-packages/setuptools/dist.py:723: UserWarning: Usage of dash-separated 'script-dir' will not be supported in future versions. Please use the underscore name 'script_dir' instead
[2.929s]   warnings.warn(
[2.949s] running egg_info
[2.949s] writing ../../../build/nav2_project/nav2_project.egg-info/PKG-INFO
[2.950s] writing dependency_links to ../../../build/nav2_project/nav2_project.egg-info/dependency_links.txt
[2.950s] writing entry points to ../../../build/nav2_project/nav2_project.egg-info/entry_points.txt
[2.950s] writing requirements to ../../../build/nav2_project/nav2_project.egg-info/requires.txt
[2.951s] writing top-level names to ../../../build/nav2_project/nav2_project.egg-info/top_level.txt
[2.955s] reading manifest file '../../../build/nav2_project/nav2_project.egg-info/SOURCES.txt'
[2.958s] writing manifest file '../../../build/nav2_project/nav2_project.egg-info/SOURCES.txt'
[2.958s] running build
[2.959s] running build_py
[2.960s] running install
[2.962s] /usr/lib/python3/dist-packages/setuptools/command/install.py:34: SetuptoolsDeprecationWarning: setup.py install is deprecated. Use build and pip and other standards-based tools.
[2.962s]   warnings.warn(
[2.962s] running install_lib
[2.965s] running install_data
[2.966s] running install_egg_info
[2.970s] removing '/home/user/ros2_ws/install/nav2_project/lib/python3.10/site-packages/nav2_project-0.0.0-py3.10.egg-info' (and everything under it)
[2.970s] Copying ../../../build/nav2_project/nav2_project.egg-info to /home/user/ros2_ws/install/nav2_project/lib/python3.10/site-packages/nav2_project-0.0.0-py3.10.egg-info
[2.972s] running install_scripts
[3.020s] Installing go_to_pose script to /home/user/ros2_ws/install/nav2_project/lib/nav2_project
[3.021s] Installing spot_recorder script to /home/user/ros2_ws/install/nav2_project/lib/nav2_project
[3.021s] writing list of installed files to '/home/user/ros2_ws/build/nav2_project/install.log'
[3.060s] Invoked command in '/home/user/ros2_ws/src/ros2_nav_files/nav2_project' returned '0': PYTHONPATH=/home/user/ros2_ws/build/nav2_project/prefix_override:/home/user/ros2_ws/install/nav2_project/lib/python3.10/site-packages:${PYTHONPATH} _=/usr/bin/env /usr/bin/python3 setup.py egg_info --egg-base ../../../build/nav2_project build --build-base /home/user/ros2_ws/build/nav2_project/build install --record /home/user/ros2_ws/build/nav2_project/install.log --install-scripts $base/lib/nav2_project --single-version-externally-managed
