[11.857s] Invoking command in '/home/user/ros2_ws/src/ros2_nav_files/nav2_project': PYTHONPATH=/home/user/ros2_ws/build/nav2_project/prefix_override:/home/user/ros2_ws/install/nav2_project/lib/python3.10/site-packages:${PYTHONPATH} _=/usr/bin/env /usr/bin/python3 setup.py egg_info --egg-base ../../../build/nav2_project build --build-base /home/user/ros2_ws/build/nav2_project/build install --record /home/user/ros2_ws/build/nav2_project/install.log --install-scripts $base/lib/nav2_project --single-version-externally-managed
[13.684s] /usr/lib/python3/dist-packages/setuptools/dist.py:723: UserWarning: Usage of dash-separated 'script-dir' will not be supported in future versions. Please use the underscore name 'script_dir' instead
[13.684s]   warnings.warn(
[13.763s] running egg_info
[13.763s] writing ../../../build/nav2_project/nav2_project.egg-info/PKG-INFO
[13.763s] writing dependency_links to ../../../build/nav2_project/nav2_project.egg-info/dependency_links.txt
[13.764s] writing entry points to ../../../build/nav2_project/nav2_project.egg-info/entry_points.txt
[13.764s] writing requirements to ../../../build/nav2_project/nav2_project.egg-info/requires.txt
[13.766s] writing top-level names to ../../../build/nav2_project/nav2_project.egg-info/top_level.txt
[13.768s] reading manifest file '../../../build/nav2_project/nav2_project.egg-info/SOURCES.txt'
[13.773s] writing manifest file '../../../build/nav2_project/nav2_project.egg-info/SOURCES.txt'
[13.789s] /usr/lib/python3/dist-packages/setuptools/command/install.py:34: SetuptoolsDeprecationWarning: setup.py install is deprecated. Use build and pip and other standards-based tools.
[13.789s]   warnings.warn(
[13.789s] running build
[13.789s] running build_py
[13.789s] running install
[13.789s] running install_lib
[13.859s] running install_data
[13.869s] running install_egg_info
[13.873s] removing '/home/user/ros2_ws/install/nav2_project/lib/python3.10/site-packages/nav2_project-0.0.0-py3.10.egg-info' (and everything under it)
[13.873s] Copying ../../../build/nav2_project/nav2_project.egg-info to /home/user/ros2_ws/install/nav2_project/lib/python3.10/site-packages/nav2_project-0.0.0-py3.10.egg-info
[13.876s] running install_scripts
[13.978s] Installing go_to_pose script to /home/user/ros2_ws/install/nav2_project/lib/nav2_project
[13.979s] Installing spot_recorder script to /home/user/ros2_ws/install/nav2_project/lib/nav2_project
[13.980s] writing list of installed files to '/home/user/ros2_ws/build/nav2_project/install.log'
[14.162s] Invoked command in '/home/user/ros2_ws/src/ros2_nav_files/nav2_project' returned '0': PYTHONPATH=/home/user/ros2_ws/build/nav2_project/prefix_override:/home/user/ros2_ws/install/nav2_project/lib/python3.10/site-packages:${PYTHONPATH} _=/usr/bin/env /usr/bin/python3 setup.py egg_info --egg-base ../../../build/nav2_project build --build-base /home/user/ros2_ws/build/nav2_project/build install --record /home/user/ros2_ws/build/nav2_project/install.log --install-scripts $base/lib/nav2_project --single-version-externally-managed
