[2.537s] Invoking command in '/home/user/ros2_ws/src/project_localization': PYTHONPATH=/home/user/ros2_ws/build/project_localization/prefix_override:/home/user/ros2_ws/install/project_localization/lib/python3.10/site-packages:${PYTHONPATH} _=/usr/bin/env /usr/bin/python3 setup.py egg_info --egg-base ../../build/project_localization build --build-base /home/user/ros2_ws/build/project_localization/build install --record /home/user/ros2_ws/build/project_localization/install.log --single-version-externally-managed
[3.266s] running egg_info
[3.271s] writing ../../build/project_localization/project_localization.egg-info/PKG-INFO
[3.271s] writing dependency_links to ../../build/project_localization/project_localization.egg-info/dependency_links.txt
[3.271s] writing entry points to ../../build/project_localization/project_localization.egg-info/entry_points.txt
[3.272s] writing requirements to ../../build/project_localization/project_localization.egg-info/requires.txt
[3.273s] writing top-level names to ../../build/project_localization/project_localization.egg-info/top_level.txt
[3.275s] reading manifest file '../../build/project_localization/project_localization.egg-info/SOURCES.txt'
[3.308s] writing manifest file '../../build/project_localization/project_localization.egg-info/SOURCES.txt'
[3.308s] running build
[3.308s] running build_py
[3.308s] running install
[3.308s] running install_lib
[3.309s] /usr/lib/python3/dist-packages/setuptools/command/install.py:34: SetuptoolsDeprecationWarning: setup.py install is deprecated. Use build and pip and other standards-based tools.
[3.309s]   warnings.warn(
[3.309s] running install_data
[3.310s] copying launch/localization.launch.py -> /home/user/ros2_ws/install/project_localization/share/project_localization/launch
[3.311s] running install_egg_info
[3.314s] removing '/home/user/ros2_ws/install/project_localization/lib/python3.10/site-packages/project_localization-0.0.0-py3.10.egg-info' (and everything under it)
[3.315s] Copying ../../build/project_localization/project_localization.egg-info to /home/user/ros2_ws/install/project_localization/lib/python3.10/site-packages/project_localization-0.0.0-py3.10.egg-info
[3.317s] running install_scripts
[3.382s] writing list of installed files to '/home/user/ros2_ws/build/project_localization/install.log'
[3.466s] Invoked command in '/home/user/ros2_ws/src/project_localization' returned '0': PYTHONPATH=/home/user/ros2_ws/build/project_localization/prefix_override:/home/user/ros2_ws/install/project_localization/lib/python3.10/site-packages:${PYTHONPATH} _=/usr/bin/env /usr/bin/python3 setup.py egg_info --egg-base ../../build/project_localization build --build-base /home/user/ros2_ws/build/project_localization/build install --record /home/user/ros2_ws/build/project_localization/install.log --single-version-externally-managed
