[1.039s] Invoking command in '/home/user/ros2_ws/src/path_planner_server': PYTHONPATH=/home/user/ros2_ws/build/path_planner_server/prefix_override:/home/user/ros2_ws/install/path_planner_server/lib/python3.10/site-packages:${PYTHONPATH} _=/usr/bin/env /usr/bin/python3 setup.py egg_info --egg-base ../../build/path_planner_server build --build-base /home/user/ros2_ws/build/path_planner_server/build install --record /home/user/ros2_ws/build/path_planner_server/install.log --single-version-externally-managed
[1.430s] running egg_info
[1.431s] writing ../../build/path_planner_server/path_planner_server.egg-info/PKG-INFO
[1.431s] writing dependency_links to ../../build/path_planner_server/path_planner_server.egg-info/dependency_links.txt
[1.432s] writing entry points to ../../build/path_planner_server/path_planner_server.egg-info/entry_points.txt
[1.432s] writing requirements to ../../build/path_planner_server/path_planner_server.egg-info/requires.txt
[1.432s] writing top-level names to ../../build/path_planner_server/path_planner_server.egg-info/top_level.txt
[1.434s] reading manifest file '../../build/path_planner_server/path_planner_server.egg-info/SOURCES.txt'
[1.435s] writing manifest file '../../build/path_planner_server/path_planner_server.egg-info/SOURCES.txt'
[1.436s] running build
[1.436s] running build_py
[1.436s] running install
[1.436s] /usr/lib/python3/dist-packages/setuptools/command/install.py:34: SetuptoolsDeprecationWarning: setup.py install is deprecated. Use build and pip and other standards-based tools.
[1.436s]   warnings.warn(
[1.437s] running install_lib
[1.438s] running install_data
[1.439s] copying config/controller.yaml -> /home/user/ros2_ws/install/path_planner_server/share/path_planner_server/config
[1.439s] running install_egg_info
[1.442s] removing '/home/user/ros2_ws/install/path_planner_server/lib/python3.10/site-packages/path_planner_server-0.0.0-py3.10.egg-info' (and everything under it)
[1.442s] Copying ../../build/path_planner_server/path_planner_server.egg-info to /home/user/ros2_ws/install/path_planner_server/lib/python3.10/site-packages/path_planner_server-0.0.0-py3.10.egg-info
[1.443s] running install_scripts
[1.474s] Installing nav_to_pose script to /home/user/ros2_ws/install/path_planner_server/lib/path_planner_server
[1.474s] Installing nav_to_pose2 script to /home/user/ros2_ws/install/path_planner_server/lib/path_planner_server
[1.474s] writing list of installed files to '/home/user/ros2_ws/build/path_planner_server/install.log'
[1.507s] Invoked command in '/home/user/ros2_ws/src/path_planner_server' returned '0': PYTHONPATH=/home/user/ros2_ws/build/path_planner_server/prefix_override:/home/user/ros2_ws/install/path_planner_server/lib/python3.10/site-packages:${PYTHONPATH} _=/usr/bin/env /usr/bin/python3 setup.py egg_info --egg-base ../../build/path_planner_server build --build-base /home/user/ros2_ws/build/path_planner_server/build install --record /home/user/ros2_ws/build/path_planner_server/install.log --single-version-externally-managed
