[13.571s] Invoking command in '/home/user/ros2_ws/src/project_mapping': PYTHONPATH=/home/user/ros2_ws/build/project_mapping/prefix_override:/home/user/ros2_ws/install/project_mapping/lib/python3.10/site-packages:${PYTHONPATH} _=/usr/bin/env /usr/bin/python3 setup.py egg_info --egg-base ../../build/project_mapping build --build-base /home/user/ros2_ws/build/project_mapping/build install --record /home/user/ros2_ws/build/project_mapping/install.log --single-version-externally-managed
[16.582s] running egg_info
[16.582s] writing ../../build/project_mapping/project_mapping.egg-info/PKG-INFO
[16.582s] writing dependency_links to ../../build/project_mapping/project_mapping.egg-info/dependency_links.txt
[16.582s] writing entry points to ../../build/project_mapping/project_mapping.egg-info/entry_points.txt
[16.583s] writing requirements to ../../build/project_mapping/project_mapping.egg-info/requires.txt
[16.583s] writing top-level names to ../../build/project_mapping/project_mapping.egg-info/top_level.txt
[16.583s] reading manifest file '../../build/project_mapping/project_mapping.egg-info/SOURCES.txt'
[16.583s] writing manifest file '../../build/project_mapping/project_mapping.egg-info/SOURCES.txt'
[16.583s] running build
[16.584s] running build_py
[16.584s] running install
[16.584s] /usr/lib/python3/dist-packages/setuptools/command/install.py:34: SetuptoolsDeprecationWarning: setup.py install is deprecated. Use build and pip and other standards-based tools.
[16.584s]   warnings.warn(
[16.584s] running install_lib
[16.585s] running install_data
[16.585s] running install_egg_info
[16.601s] removing '/home/user/ros2_ws/install/project_mapping/lib/python3.10/site-packages/project_mapping-0.0.0-py3.10.egg-info' (and everything under it)
[16.601s] Copying ../../build/project_mapping/project_mapping.egg-info to /home/user/ros2_ws/install/project_mapping/lib/python3.10/site-packages/project_mapping-0.0.0-py3.10.egg-info
[16.601s] running install_scripts
[16.712s] writing list of installed files to '/home/user/ros2_ws/build/project_mapping/install.log'
[17.012s] Invoked command in '/home/user/ros2_ws/src/project_mapping' returned '0': PYTHONPATH=/home/user/ros2_ws/build/project_mapping/prefix_override:/home/user/ros2_ws/install/project_mapping/lib/python3.10/site-packages:${PYTHONPATH} _=/usr/bin/env /usr/bin/python3 setup.py egg_info --egg-base ../../build/project_mapping build --build-base /home/user/ros2_ws/build/project_mapping/build install --record /home/user/ros2_ws/build/project_mapping/install.log --single-version-externally-managed
