[1.085s] DEBUG:colcon:Command line arguments: ['/usr/bin/colcon', 'build']
[1.085s] DEBUG:colcon:Parsed command line arguments: Namespace(log_base=None, log_level=None, verb_name='build', build_base='build', install_base='install', merge_install=False, symlink_install=False, test_result_base=None, continue_on_error=False, executor='parallel', parallel_workers=8, event_handlers=None, ignore_user_meta=False, metas=['./colcon.meta'], base_paths=['.'], packages_ignore=None, packages_ignore_regex=None, paths=None, packages_up_to=None, packages_up_to_regex=None, packages_above=None, packages_above_and_dependencies=None, packages_above_depth=None, packages_select_by_dep=None, packages_skip_by_dep=None, packages_skip_up_to=None, packages_select_build_failed=False, packages_skip_build_finished=False, packages_select_test_failures=False, packages_skip_test_passed=False, packages_select=None, packages_skip=None, packages_select_regex=None, packages_skip_regex=None, packages_start=None, packages_end=None, lookup_in_workspace=False, cargo_args=None, clean_build=False, cmake_args=None, cmake_target=None, cmake_target_skip_unavailable=False, cmake_clean_cache=False, cmake_clean_first=False, cmake_force_configure=False, ament_cmake_args=None, catkin_cmake_args=None, catkin_skip_building_tests=False, mixin_files=None, mixin=None, verb_parser=<colcon_mixin.mixin.mixin_argument.MixinArgumentDecorator object at 0x7efd1343fbe0>, verb_extension=<colcon_core.verb.build.BuildVerb object at 0x7efd133ac0d0>, main=<bound method BuildVerb.main of <colcon_core.verb.build.BuildVerb object at 0x7efd133ac0d0>>, mixin_verb=('build',))
[1.165s] Level 1:colcon.colcon_core.package_discovery:discover_packages(colcon_meta) check parameters
[1.165s] Level 1:colcon.colcon_core.package_discovery:discover_packages(recursive) check parameters
[1.165s] Level 1:colcon.colcon_core.package_discovery:discover_packages(ignore) check parameters
[1.165s] Level 1:colcon.colcon_core.package_discovery:discover_packages(path) check parameters
[1.165s] Level 1:colcon.colcon_core.package_discovery:discover_packages(colcon_meta) discover
[1.165s] Level 1:colcon.colcon_core.package_discovery:discover_packages(recursive) discover
[1.165s] INFO:colcon.colcon_core.package_discovery:Crawling recursively for packages in '/home/user/ros2_ws'
[1.165s] Level 1:colcon.colcon_core.package_identification:_identify(.) by extensions ['ignore', 'ignore_ament_install']
[1.166s] Level 1:colcon.colcon_core.package_identification:_identify(.) by extension 'ignore'
[1.166s] Level 1:colcon.colcon_core.package_identification:_identify(.) by extension 'ignore_ament_install'
[1.166s] Level 1:colcon.colcon_core.package_identification:_identify(.) by extensions ['colcon_pkg']
[1.166s] Level 1:colcon.colcon_core.package_identification:_identify(.) by extension 'colcon_pkg'
[1.166s] Level 1:colcon.colcon_core.package_identification:_identify(.) by extensions ['colcon_meta']
[1.166s] Level 1:colcon.colcon_core.package_identification:_identify(.) by extension 'colcon_meta'
[1.166s] Level 1:colcon.colcon_core.package_identification:_identify(.) by extensions ['ament_cargo']
[1.166s] Level 1:colcon.colcon_core.package_identification:_identify(.) by extension 'ament_cargo'
[1.166s] Level 1:colcon.colcon_core.package_identification:_identify(.) by extensions ['ros']
[1.166s] Level 1:colcon.colcon_core.package_identification:_identify(.) by extension 'ros'
[1.185s] Level 1:colcon.colcon_core.package_identification:_identify(.) by extensions ['cargo', 'cmake', 'python']
[1.185s] Level 1:colcon.colcon_core.package_identification:_identify(.) by extension 'cargo'
[1.185s] Level 1:colcon.colcon_core.package_identification:_identify(.) by extension 'cmake'
[1.185s] Level 1:colcon.colcon_core.package_identification:_identify(.) by extension 'python'
[1.185s] Level 1:colcon.colcon_core.package_identification:_identify(.) by extensions ['python_setup_py']
[1.185s] Level 1:colcon.colcon_core.package_identification:_identify(.) by extension 'python_setup_py'
[1.186s] Level 1:colcon.colcon_core.package_identification:_identify(build) by extensions ['ignore', 'ignore_ament_install']
[1.186s] Level 1:colcon.colcon_core.package_identification:_identify(build) by extension 'ignore'
[1.186s] Level 1:colcon.colcon_core.package_identification:_identify(build) ignored
[1.186s] Level 1:colcon.colcon_core.package_identification:_identify(install) by extensions ['ignore', 'ignore_ament_install']
[1.186s] Level 1:colcon.colcon_core.package_identification:_identify(install) by extension 'ignore'
[1.186s] Level 1:colcon.colcon_core.package_identification:_identify(install) ignored
[1.186s] Level 1:colcon.colcon_core.package_identification:_identify(log) by extensions ['ignore', 'ignore_ament_install']
[1.186s] Level 1:colcon.colcon_core.package_identification:_identify(log) by extension 'ignore'
[1.187s] Level 1:colcon.colcon_core.package_identification:_identify(log) ignored
[1.187s] Level 1:colcon.colcon_core.package_identification:_identify(src) by extensions ['ignore', 'ignore_ament_install']
[1.187s] Level 1:colcon.colcon_core.package_identification:_identify(src) by extension 'ignore'
[1.187s] Level 1:colcon.colcon_core.package_identification:_identify(src) by extension 'ignore_ament_install'
[1.187s] Level 1:colcon.colcon_core.package_identification:_identify(src) by extensions ['colcon_pkg']
[1.187s] Level 1:colcon.colcon_core.package_identification:_identify(src) by extension 'colcon_pkg'
[1.187s] Level 1:colcon.colcon_core.package_identification:_identify(src) by extensions ['colcon_meta']
[1.187s] Level 1:colcon.colcon_core.package_identification:_identify(src) by extension 'colcon_meta'
[1.187s] Level 1:colcon.colcon_core.package_identification:_identify(src) by extensions ['ament_cargo']
[1.187s] Level 1:colcon.colcon_core.package_identification:_identify(src) by extension 'ament_cargo'
[1.187s] Level 1:colcon.colcon_core.package_identification:_identify(src) by extensions ['ros']
[1.187s] Level 1:colcon.colcon_core.package_identification:_identify(src) by extension 'ros'
[1.187s] Level 1:colcon.colcon_core.package_identification:_identify(src) by extensions ['cargo', 'cmake', 'python']
[1.187s] Level 1:colcon.colcon_core.package_identification:_identify(src) by extension 'cargo'
[1.187s] Level 1:colcon.colcon_core.package_identification:_identify(src) by extension 'cmake'
[1.188s] Level 1:colcon.colcon_core.package_identification:_identify(src) by extension 'python'
[1.188s] Level 1:colcon.colcon_core.package_identification:_identify(src) by extensions ['python_setup_py']
[1.188s] Level 1:colcon.colcon_core.package_identification:_identify(src) by extension 'python_setup_py'
[1.188s] Level 1:colcon.colcon_core.package_identification:_identify(src/project_mapping) by extensions ['ignore', 'ignore_ament_install']
[1.188s] Level 1:colcon.colcon_core.package_identification:_identify(src/project_mapping) by extension 'ignore'
[1.188s] Level 1:colcon.colcon_core.package_identification:_identify(src/project_mapping) by extension 'ignore_ament_install'
[1.188s] Level 1:colcon.colcon_core.package_identification:_identify(src/project_mapping) by extensions ['colcon_pkg']
[1.188s] Level 1:colcon.colcon_core.package_identification:_identify(src/project_mapping) by extension 'colcon_pkg'
[1.188s] Level 1:colcon.colcon_core.package_identification:_identify(src/project_mapping) by extensions ['colcon_meta']
[1.188s] Level 1:colcon.colcon_core.package_identification:_identify(src/project_mapping) by extension 'colcon_meta'
[1.188s] Level 1:colcon.colcon_core.package_identification:_identify(src/project_mapping) by extensions ['ament_cargo']
[1.188s] Level 1:colcon.colcon_core.package_identification:_identify(src/project_mapping) by extension 'ament_cargo'
[1.188s] Level 1:colcon.colcon_core.package_identification:_identify(src/project_mapping) by extensions ['ros']
[1.189s] Level 1:colcon.colcon_core.package_identification:_identify(src/project_mapping) by extension 'ros'
[1.193s] DEBUG:colcon.colcon_core.package_identification:Package 'src/project_mapping' with type 'ros.ament_python' and name 'project_mapping'
[1.193s] Level 1:colcon.colcon_core.package_identification:_identify(src/ros2_nav_files) by extensions ['ignore', 'ignore_ament_install']
[1.193s] Level 1:colcon.colcon_core.package_identification:_identify(src/ros2_nav_files) by extension 'ignore'
[1.193s] Level 1:colcon.colcon_core.package_identification:_identify(src/ros2_nav_files) by extension 'ignore_ament_install'
[1.194s] Level 1:colcon.colcon_core.package_identification:_identify(src/ros2_nav_files) by extensions ['colcon_pkg']
[1.194s] Level 1:colcon.colcon_core.package_identification:_identify(src/ros2_nav_files) by extension 'colcon_pkg'
[1.194s] Level 1:colcon.colcon_core.package_identification:_identify(src/ros2_nav_files) by extensions ['colcon_meta']
[1.194s] Level 1:colcon.colcon_core.package_identification:_identify(src/ros2_nav_files) by extension 'colcon_meta'
[1.194s] Level 1:colcon.colcon_core.package_identification:_identify(src/ros2_nav_files) by extensions ['ament_cargo']
[1.194s] Level 1:colcon.colcon_core.package_identification:_identify(src/ros2_nav_files) by extension 'ament_cargo'
[1.194s] Level 1:colcon.colcon_core.package_identification:_identify(src/ros2_nav_files) by extensions ['ros']
[1.194s] Level 1:colcon.colcon_core.package_identification:_identify(src/ros2_nav_files) by extension 'ros'
[1.194s] Level 1:colcon.colcon_core.package_identification:_identify(src/ros2_nav_files) by extensions ['cargo', 'cmake', 'python']
[1.194s] Level 1:colcon.colcon_core.package_identification:_identify(src/ros2_nav_files) by extension 'cargo'
[1.194s] Level 1:colcon.colcon_core.package_identification:_identify(src/ros2_nav_files) by extension 'cmake'
[1.194s] Level 1:colcon.colcon_core.package_identification:_identify(src/ros2_nav_files) by extension 'python'
[1.194s] Level 1:colcon.colcon_core.package_identification:_identify(src/ros2_nav_files) by extensions ['python_setup_py']
[1.194s] Level 1:colcon.colcon_core.package_identification:_identify(src/ros2_nav_files) by extension 'python_setup_py'
[1.195s] Level 1:colcon.colcon_core.package_identification:_identify(src/ros2_nav_files/nav2_course) by extensions ['ignore', 'ignore_ament_install']
[1.195s] Level 1:colcon.colcon_core.package_identification:_identify(src/ros2_nav_files/nav2_course) by extension 'ignore'
[1.195s] Level 1:colcon.colcon_core.package_identification:_identify(src/ros2_nav_files/nav2_course) by extension 'ignore_ament_install'
[1.195s] Level 1:colcon.colcon_core.package_identification:_identify(src/ros2_nav_files/nav2_course) by extensions ['colcon_pkg']
[1.195s] Level 1:colcon.colcon_core.package_identification:_identify(src/ros2_nav_files/nav2_course) by extension 'colcon_pkg'
[1.195s] Level 1:colcon.colcon_core.package_identification:_identify(src/ros2_nav_files/nav2_course) by extensions ['colcon_meta']
[1.195s] Level 1:colcon.colcon_core.package_identification:_identify(src/ros2_nav_files/nav2_course) by extension 'colcon_meta'
[1.195s] Level 1:colcon.colcon_core.package_identification:_identify(src/ros2_nav_files/nav2_course) by extensions ['ament_cargo']
[1.195s] Level 1:colcon.colcon_core.package_identification:_identify(src/ros2_nav_files/nav2_course) by extension 'ament_cargo'
[1.195s] Level 1:colcon.colcon_core.package_identification:_identify(src/ros2_nav_files/nav2_course) by extensions ['ros']
[1.195s] Level 1:colcon.colcon_core.package_identification:_identify(src/ros2_nav_files/nav2_course) by extension 'ros'
[1.196s] DEBUG:colcon.colcon_core.package_identification:Package 'src/ros2_nav_files/nav2_course' with type 'ros.ament_cmake' and name 'nav2_course'
[1.196s] Level 1:colcon.colcon_core.package_identification:_identify(src/ros2_nav_files/nav2_project) by extensions ['ignore', 'ignore_ament_install']
[1.196s] Level 1:colcon.colcon_core.package_identification:_identify(src/ros2_nav_files/nav2_project) by extension 'ignore'
[1.196s] Level 1:colcon.colcon_core.package_identification:_identify(src/ros2_nav_files/nav2_project) by extension 'ignore_ament_install'
[1.196s] Level 1:colcon.colcon_core.package_identification:_identify(src/ros2_nav_files/nav2_project) by extensions ['colcon_pkg']
[1.196s] Level 1:colcon.colcon_core.package_identification:_identify(src/ros2_nav_files/nav2_project) by extension 'colcon_pkg'
[1.197s] Level 1:colcon.colcon_core.package_identification:_identify(src/ros2_nav_files/nav2_project) by extensions ['colcon_meta']
[1.197s] Level 1:colcon.colcon_core.package_identification:_identify(src/ros2_nav_files/nav2_project) by extension 'colcon_meta'
[1.197s] Level 1:colcon.colcon_core.package_identification:_identify(src/ros2_nav_files/nav2_project) by extensions ['ament_cargo']
[1.197s] Level 1:colcon.colcon_core.package_identification:_identify(src/ros2_nav_files/nav2_project) by extension 'ament_cargo'
[1.197s] Level 1:colcon.colcon_core.package_identification:_identify(src/ros2_nav_files/nav2_project) by extensions ['ros']
[1.197s] Level 1:colcon.colcon_core.package_identification:_identify(src/ros2_nav_files/nav2_project) by extension 'ros'
[1.197s] DEBUG:colcon.colcon_core.package_identification:Package 'src/ros2_nav_files/nav2_project' with type 'ros.ament_python' and name 'nav2_project'
[1.197s] Level 1:colcon.colcon_core.package_identification:_identify(src/ros2_nav_files/rviz) by extensions ['ignore', 'ignore_ament_install']
[1.198s] Level 1:colcon.colcon_core.package_identification:_identify(src/ros2_nav_files/rviz) by extension 'ignore'
[1.198s] Level 1:colcon.colcon_core.package_identification:_identify(src/ros2_nav_files/rviz) by extension 'ignore_ament_install'
[1.198s] Level 1:colcon.colcon_core.package_identification:_identify(src/ros2_nav_files/rviz) by extensions ['colcon_pkg']
[1.198s] Level 1:colcon.colcon_core.package_identification:_identify(src/ros2_nav_files/rviz) by extension 'colcon_pkg'
[1.198s] Level 1:colcon.colcon_core.package_identification:_identify(src/ros2_nav_files/rviz) by extensions ['colcon_meta']
[1.198s] Level 1:colcon.colcon_core.package_identification:_identify(src/ros2_nav_files/rviz) by extension 'colcon_meta'
[1.198s] Level 1:colcon.colcon_core.package_identification:_identify(src/ros2_nav_files/rviz) by extensions ['ament_cargo']
[1.198s] Level 1:colcon.colcon_core.package_identification:_identify(src/ros2_nav_files/rviz) by extension 'ament_cargo'
[1.198s] Level 1:colcon.colcon_core.package_identification:_identify(src/ros2_nav_files/rviz) by extensions ['ros']
[1.198s] Level 1:colcon.colcon_core.package_identification:_identify(src/ros2_nav_files/rviz) by extension 'ros'
[1.198s] Level 1:colcon.colcon_core.package_identification:_identify(src/ros2_nav_files/rviz) by extensions ['cargo', 'cmake', 'python']
[1.198s] Level 1:colcon.colcon_core.package_identification:_identify(src/ros2_nav_files/rviz) by extension 'cargo'
[1.198s] Level 1:colcon.colcon_core.package_identification:_identify(src/ros2_nav_files/rviz) by extension 'cmake'
[1.198s] Level 1:colcon.colcon_core.package_identification:_identify(src/ros2_nav_files/rviz) by extension 'python'
[1.198s] Level 1:colcon.colcon_core.package_identification:_identify(src/ros2_nav_files/rviz) by extensions ['python_setup_py']
[1.199s] Level 1:colcon.colcon_core.package_identification:_identify(src/ros2_nav_files/rviz) by extension 'python_setup_py'
[1.199s] Level 1:colcon.colcon_core.package_discovery:discover_packages(recursive) using defaults
[1.199s] Level 1:colcon.colcon_core.package_discovery:discover_packages(ignore) discover
[1.199s] Level 1:colcon.colcon_core.package_discovery:discover_packages(ignore) using defaults
[1.199s] Level 1:colcon.colcon_core.package_discovery:discover_packages(path) discover
[1.199s] Level 1:colcon.colcon_core.package_discovery:discover_packages(path) using defaults
[1.253s] Level 5:colcon.colcon_core.verb:set package 'nav2_course' build argument 'lookup_in_workspace' from command line to 'False'
[1.253s] Level 5:colcon.colcon_core.verb:set package 'nav2_course' build argument 'cargo_args' from command line to 'None'
[1.253s] Level 5:colcon.colcon_core.verb:set package 'nav2_course' build argument 'clean_build' from command line to 'False'
[1.253s] Level 5:colcon.colcon_core.verb:set package 'nav2_course' build argument 'cmake_args' from command line to 'None'
[1.253s] Level 5:colcon.colcon_core.verb:set package 'nav2_course' build argument 'cmake_target' from command line to 'None'
[1.253s] Level 5:colcon.colcon_core.verb:set package 'nav2_course' build argument 'cmake_target_skip_unavailable' from command line to 'False'
[1.253s] Level 5:colcon.colcon_core.verb:set package 'nav2_course' build argument 'cmake_clean_cache' from command line to 'False'
[1.254s] Level 5:colcon.colcon_core.verb:set package 'nav2_course' build argument 'cmake_clean_first' from command line to 'False'
[1.254s] Level 5:colcon.colcon_core.verb:set package 'nav2_course' build argument 'cmake_force_configure' from command line to 'False'
[1.254s] Level 5:colcon.colcon_core.verb:set package 'nav2_course' build argument 'ament_cmake_args' from command line to 'None'
[1.254s] Level 5:colcon.colcon_core.verb:set package 'nav2_course' build argument 'catkin_cmake_args' from command line to 'None'
[1.254s] Level 5:colcon.colcon_core.verb:set package 'nav2_course' build argument 'catkin_skip_building_tests' from command line to 'False'
[1.254s] DEBUG:colcon.colcon_core.verb:Building package 'nav2_course' with the following arguments: {'ament_cmake_args': None, 'build_base': '/home/user/ros2_ws/build/nav2_course', 'cargo_args': None, 'catkin_cmake_args': None, 'catkin_skip_building_tests': False, 'clean_build': False, 'cmake_args': None, 'cmake_clean_cache': False, 'cmake_clean_first': False, 'cmake_force_configure': False, 'cmake_target': None, 'cmake_target_skip_unavailable': False, 'install_base': '/home/user/ros2_ws/install/nav2_course', 'lookup_in_workspace': False, 'merge_install': False, 'path': '/home/user/ros2_ws/src/ros2_nav_files/nav2_course', 'symlink_install': False, 'test_result_base': None}
[1.258s] Level 5:colcon.colcon_core.verb:set package 'nav2_project' build argument 'lookup_in_workspace' from command line to 'False'
[1.258s] Level 5:colcon.colcon_core.verb:set package 'nav2_project' build argument 'cargo_args' from command line to 'None'
[1.258s] Level 5:colcon.colcon_core.verb:set package 'nav2_project' build argument 'clean_build' from command line to 'False'
[1.258s] Level 5:colcon.colcon_core.verb:set package 'nav2_project' build argument 'cmake_args' from command line to 'None'
[1.258s] Level 5:colcon.colcon_core.verb:set package 'nav2_project' build argument 'cmake_target' from command line to 'None'
[1.258s] Level 5:colcon.colcon_core.verb:set package 'nav2_project' build argument 'cmake_target_skip_unavailable' from command line to 'False'
[1.258s] Level 5:colcon.colcon_core.verb:set package 'nav2_project' build argument 'cmake_clean_cache' from command line to 'False'
[1.258s] Level 5:colcon.colcon_core.verb:set package 'nav2_project' build argument 'cmake_clean_first' from command line to 'False'
[1.258s] Level 5:colcon.colcon_core.verb:set package 'nav2_project' build argument 'cmake_force_configure' from command line to 'False'
[1.258s] Level 5:colcon.colcon_core.verb:set package 'nav2_project' build argument 'ament_cmake_args' from command line to 'None'
[1.258s] Level 5:colcon.colcon_core.verb:set package 'nav2_project' build argument 'catkin_cmake_args' from command line to 'None'
[1.258s] Level 5:colcon.colcon_core.verb:set package 'nav2_project' build argument 'catkin_skip_building_tests' from command line to 'False'
[1.258s] DEBUG:colcon.colcon_core.verb:Building package 'nav2_project' with the following arguments: {'ament_cmake_args': None, 'build_base': '/home/user/ros2_ws/build/nav2_project', 'cargo_args': None, 'catkin_cmake_args': None, 'catkin_skip_building_tests': False, 'clean_build': False, 'cmake_args': None, 'cmake_clean_cache': False, 'cmake_clean_first': False, 'cmake_force_configure': False, 'cmake_target': None, 'cmake_target_skip_unavailable': False, 'install_base': '/home/user/ros2_ws/install/nav2_project', 'lookup_in_workspace': False, 'merge_install': False, 'path': '/home/user/ros2_ws/src/ros2_nav_files/nav2_project', 'symlink_install': False, 'test_result_base': None}
[1.262s] Level 5:colcon.colcon_core.verb:set package 'project_mapping' build argument 'lookup_in_workspace' from command line to 'False'
[1.262s] Level 5:colcon.colcon_core.verb:set package 'project_mapping' build argument 'cargo_args' from command line to 'None'
[1.262s] Level 5:colcon.colcon_core.verb:set package 'project_mapping' build argument 'clean_build' from command line to 'False'
[1.262s] Level 5:colcon.colcon_core.verb:set package 'project_mapping' build argument 'cmake_args' from command line to 'None'
[1.262s] Level 5:colcon.colcon_core.verb:set package 'project_mapping' build argument 'cmake_target' from command line to 'None'
[1.262s] Level 5:colcon.colcon_core.verb:set package 'project_mapping' build argument 'cmake_target_skip_unavailable' from command line to 'False'
[1.262s] Level 5:colcon.colcon_core.verb:set package 'project_mapping' build argument 'cmake_clean_cache' from command line to 'False'
[1.262s] Level 5:colcon.colcon_core.verb:set package 'project_mapping' build argument 'cmake_clean_first' from command line to 'False'
[1.263s] Level 5:colcon.colcon_core.verb:set package 'project_mapping' build argument 'cmake_force_configure' from command line to 'False'
[1.263s] Level 5:colcon.colcon_core.verb:set package 'project_mapping' build argument 'ament_cmake_args' from command line to 'None'
[1.263s] Level 5:colcon.colcon_core.verb:set package 'project_mapping' build argument 'catkin_cmake_args' from command line to 'None'
[1.263s] Level 5:colcon.colcon_core.verb:set package 'project_mapping' build argument 'catkin_skip_building_tests' from command line to 'False'
[1.263s] DEBUG:colcon.colcon_core.verb:Building package 'project_mapping' with the following arguments: {'ament_cmake_args': None, 'build_base': '/home/user/ros2_ws/build/project_mapping', 'cargo_args': None, 'catkin_cmake_args': None, 'catkin_skip_building_tests': False, 'clean_build': False, 'cmake_args': None, 'cmake_clean_cache': False, 'cmake_clean_first': False, 'cmake_force_configure': False, 'cmake_target': None, 'cmake_target_skip_unavailable': False, 'install_base': '/home/user/ros2_ws/install/project_mapping', 'lookup_in_workspace': False, 'merge_install': False, 'path': '/home/user/ros2_ws/src/project_mapping', 'symlink_install': False, 'test_result_base': None}
[1.264s] INFO:colcon.colcon_core.executor:Executing jobs using 'parallel' executor
[1.269s] DEBUG:colcon.colcon_parallel_executor.executor.parallel:run_until_complete
[1.270s] INFO:colcon.colcon_ros.task.ament_cmake.build:Building ROS package in '/home/user/ros2_ws/src/ros2_nav_files/nav2_course' with build type 'ament_cmake'
[1.270s] INFO:colcon.colcon_cmake.task.cmake.build:Building CMake package in '/home/user/ros2_ws/src/ros2_nav_files/nav2_course'
[1.283s] INFO:colcon.colcon_core.plugin_system:Skipping extension 'colcon_core.shell.bat': Not used on non-Windows systems
[1.283s] INFO:colcon.colcon_core.shell:Skip shell extension 'powershell' for command environment: Not usable outside of PowerShell
[1.283s] DEBUG:colcon.colcon_core.shell:Skip shell extension 'dsv' for command environment
[1.301s] INFO:colcon.colcon_ros.task.ament_python.build:Building ROS package in '/home/user/ros2_ws/src/ros2_nav_files/nav2_project' with build type 'ament_python'
[1.301s] Level 1:colcon.colcon_core.shell:create_environment_hook('nav2_project', 'ament_prefix_path')
[1.303s] INFO:colcon.colcon_core.shell:Creating environment hook '/home/user/ros2_ws/install/nav2_project/share/nav2_project/hook/ament_prefix_path.ps1'
[1.305s] INFO:colcon.colcon_core.shell:Creating environment descriptor '/home/user/ros2_ws/install/nav2_project/share/nav2_project/hook/ament_prefix_path.dsv'
[1.306s] INFO:colcon.colcon_core.shell:Creating environment hook '/home/user/ros2_ws/install/nav2_project/share/nav2_project/hook/ament_prefix_path.sh'
[1.309s] INFO:colcon.colcon_core.shell:Skip shell extension 'powershell' for command environment: Not usable outside of PowerShell
[1.309s] DEBUG:colcon.colcon_core.shell:Skip shell extension 'dsv' for command environment
[1.320s] INFO:colcon.colcon_ros.task.ament_python.build:Building ROS package in '/home/user/ros2_ws/src/project_mapping' with build type 'ament_python'
[1.320s] Level 1:colcon.colcon_core.shell:create_environment_hook('project_mapping', 'ament_prefix_path')
[1.322s] INFO:colcon.colcon_core.shell:Creating environment hook '/home/user/ros2_ws/install/project_mapping/share/project_mapping/hook/ament_prefix_path.ps1'
[1.323s] INFO:colcon.colcon_core.shell:Creating environment descriptor '/home/user/ros2_ws/install/project_mapping/share/project_mapping/hook/ament_prefix_path.dsv'
[1.324s] INFO:colcon.colcon_core.shell:Creating environment hook '/home/user/ros2_ws/install/project_mapping/share/project_mapping/hook/ament_prefix_path.sh'
[1.326s] INFO:colcon.colcon_core.shell:Skip shell extension 'powershell' for command environment: Not usable outside of PowerShell
[1.326s] DEBUG:colcon.colcon_core.shell:Skip shell extension 'dsv' for command environment
[1.342s] DEBUG:colcon.colcon_core.event_handler.log_command:Invoking command in '/home/user/ros2_ws/build/nav2_course': CMAKE_PREFIX_PATH=${CMAKE_PREFIX_PATH}:/home/simulations/ros2_sims_ws/install/rclrs_tests:/home/simulations/ros2_sims_ws/install/examples_rclrs_minimal_client_service:/home/simulations/ros2_sims_ws/install/sensor_msgs_py:/home/simulations/ros2_sims_ws/install/examples_rclrs_minimal_pub_sub:/home/simulations/ros2_sims_ws/install/examples_rclrs_message_demo:/home/simulations/ros2_sims_ws/install/rclrs:/home/simulations/ros2_sims_ws/install/rosidl_runtime_rs:/opt/ros/humble _=/usr/bin/env /usr/bin/cmake /home/user/ros2_ws/src/ros2_nav_files/nav2_course -DCMAKE_INSTALL_PREFIX=/home/user/ros2_ws/install/nav2_course
[1.834s] INFO:colcon.colcon_core.task.python.build:Building Python package in '/home/user/ros2_ws/src/ros2_nav_files/nav2_project'
[1.837s] INFO:colcon.colcon_core.shell:Skip shell extension 'powershell' for command environment: Not usable outside of PowerShell
[1.837s] DEBUG:colcon.colcon_core.shell:Skip shell extension 'dsv' for command environment
[2.413s] INFO:colcon.colcon_core.task.python.build:Building Python package in '/home/user/ros2_ws/src/project_mapping'
[2.416s] INFO:colcon.colcon_core.shell:Skip shell extension 'powershell' for command environment: Not usable outside of PowerShell
[2.416s] DEBUG:colcon.colcon_core.shell:Skip shell extension 'dsv' for command environment
[3.981s] DEBUG:colcon.colcon_core.event_handler.log_command:Invoked command in '/home/user/ros2_ws/build/nav2_course' returned '0': CMAKE_PREFIX_PATH=${CMAKE_PREFIX_PATH}:/home/simulations/ros2_sims_ws/install/rclrs_tests:/home/simulations/ros2_sims_ws/install/examples_rclrs_minimal_client_service:/home/simulations/ros2_sims_ws/install/sensor_msgs_py:/home/simulations/ros2_sims_ws/install/examples_rclrs_minimal_pub_sub:/home/simulations/ros2_sims_ws/install/examples_rclrs_message_demo:/home/simulations/ros2_sims_ws/install/rclrs:/home/simulations/ros2_sims_ws/install/rosidl_runtime_rs:/opt/ros/humble _=/usr/bin/env /usr/bin/cmake /home/user/ros2_ws/src/ros2_nav_files/nav2_course -DCMAKE_INSTALL_PREFIX=/home/user/ros2_ws/install/nav2_course
[3.985s] DEBUG:colcon.colcon_core.event_handler.log_command:Invoking command in '/home/user/ros2_ws/build/nav2_course': CMAKE_PREFIX_PATH=${CMAKE_PREFIX_PATH}:/home/simulations/ros2_sims_ws/install/rclrs_tests:/home/simulations/ros2_sims_ws/install/examples_rclrs_minimal_client_service:/home/simulations/ros2_sims_ws/install/sensor_msgs_py:/home/simulations/ros2_sims_ws/install/examples_rclrs_minimal_pub_sub:/home/simulations/ros2_sims_ws/install/examples_rclrs_message_demo:/home/simulations/ros2_sims_ws/install/rclrs:/home/simulations/ros2_sims_ws/install/rosidl_runtime_rs:/opt/ros/humble _=/usr/bin/env /usr/bin/cmake --build /home/user/ros2_ws/build/nav2_course -- -j8 -l8
[4.071s] DEBUG:colcon.colcon_core.event_handler.log_command:Invoked command in '/home/user/ros2_ws/build/nav2_course' returned '0': CMAKE_PREFIX_PATH=${CMAKE_PREFIX_PATH}:/home/simulations/ros2_sims_ws/install/rclrs_tests:/home/simulations/ros2_sims_ws/install/examples_rclrs_minimal_client_service:/home/simulations/ros2_sims_ws/install/sensor_msgs_py:/home/simulations/ros2_sims_ws/install/examples_rclrs_minimal_pub_sub:/home/simulations/ros2_sims_ws/install/examples_rclrs_message_demo:/home/simulations/ros2_sims_ws/install/rclrs:/home/simulations/ros2_sims_ws/install/rosidl_runtime_rs:/opt/ros/humble _=/usr/bin/env /usr/bin/cmake --build /home/user/ros2_ws/build/nav2_course -- -j8 -l8
[4.091s] DEBUG:colcon.colcon_core.event_handler.log_command:Invoking command in '/home/user/ros2_ws/src/project_mapping': PYTHONPATH=/home/user/ros2_ws/build/project_mapping/prefix_override:/home/user/ros2_ws/install/project_mapping/lib/python3.10/site-packages:${PYTHONPATH} _=/usr/bin/env /usr/bin/python3 setup.py egg_info --egg-base ../../build/project_mapping build --build-base /home/user/ros2_ws/build/project_mapping/build install --record /home/user/ros2_ws/build/project_mapping/install.log --single-version-externally-managed
[4.102s] DEBUG:colcon.colcon_core.event_handler.log_command:Invoking command in '/home/user/ros2_ws/src/ros2_nav_files/nav2_project': PYTHONPATH=/home/user/ros2_ws/build/nav2_project/prefix_override:/home/user/ros2_ws/install/nav2_project/lib/python3.10/site-packages:${PYTHONPATH} _=/usr/bin/env /usr/bin/python3 setup.py egg_info --egg-base ../../../build/nav2_project build --build-base /home/user/ros2_ws/build/nav2_project/build install --record /home/user/ros2_ws/build/nav2_project/install.log --install-scripts $base/lib/nav2_project --single-version-externally-managed
[4.204s] DEBUG:colcon.colcon_core.event_handler.log_command:Invoking command in '/home/user/ros2_ws/build/nav2_course': CMAKE_PREFIX_PATH=${CMAKE_PREFIX_PATH}:/home/simulations/ros2_sims_ws/install/rclrs_tests:/home/simulations/ros2_sims_ws/install/examples_rclrs_minimal_client_service:/home/simulations/ros2_sims_ws/install/sensor_msgs_py:/home/simulations/ros2_sims_ws/install/examples_rclrs_minimal_pub_sub:/home/simulations/ros2_sims_ws/install/examples_rclrs_message_demo:/home/simulations/ros2_sims_ws/install/rclrs:/home/simulations/ros2_sims_ws/install/rosidl_runtime_rs:/opt/ros/humble _=/usr/bin/env /usr/bin/cmake --install /home/user/ros2_ws/build/nav2_course
[4.248s] Level 1:colcon.colcon_core.environment:create_environment_scripts_only(nav2_course)
[4.251s] DEBUG:colcon.colcon_core.event_handler.log_command:Invoked command in '/home/user/ros2_ws/build/nav2_course' returned '0': CMAKE_PREFIX_PATH=${CMAKE_PREFIX_PATH}:/home/simulations/ros2_sims_ws/install/rclrs_tests:/home/simulations/ros2_sims_ws/install/examples_rclrs_minimal_client_service:/home/simulations/ros2_sims_ws/install/sensor_msgs_py:/home/simulations/ros2_sims_ws/install/examples_rclrs_minimal_pub_sub:/home/simulations/ros2_sims_ws/install/examples_rclrs_message_demo:/home/simulations/ros2_sims_ws/install/rclrs:/home/simulations/ros2_sims_ws/install/rosidl_runtime_rs:/opt/ros/humble _=/usr/bin/env /usr/bin/cmake --install /home/user/ros2_ws/build/nav2_course
[4.270s] Level 1:colcon.colcon_core.environment:checking '/home/user/ros2_ws/install/nav2_course' for CMake module files
[4.271s] Level 1:colcon.colcon_core.environment:checking '/home/user/ros2_ws/install/nav2_course' for CMake config files
[4.271s] Level 1:colcon.colcon_core.shell:create_environment_hook('nav2_course', 'cmake_prefix_path')
[4.274s] INFO:colcon.colcon_core.shell:Creating environment hook '/home/user/ros2_ws/install/nav2_course/share/nav2_course/hook/cmake_prefix_path.ps1'
[4.275s] INFO:colcon.colcon_core.shell:Creating environment descriptor '/home/user/ros2_ws/install/nav2_course/share/nav2_course/hook/cmake_prefix_path.dsv'
[4.275s] INFO:colcon.colcon_core.shell:Creating environment hook '/home/user/ros2_ws/install/nav2_course/share/nav2_course/hook/cmake_prefix_path.sh'
[4.277s] Level 1:colcon.colcon_core.environment:checking '/home/user/ros2_ws/install/nav2_course/bin'
[4.277s] Level 1:colcon.colcon_core.environment:checking '/home/user/ros2_ws/install/nav2_course/lib/pkgconfig/nav2_course.pc'
[4.277s] Level 1:colcon.colcon_core.environment:checking '/home/user/ros2_ws/install/nav2_course/lib/python3.10/site-packages'
[4.278s] Level 1:colcon.colcon_core.environment:checking '/home/user/ros2_ws/install/nav2_course/bin'
[4.281s] INFO:colcon.colcon_core.shell:Creating package script '/home/user/ros2_ws/install/nav2_course/share/nav2_course/package.ps1'
[4.283s] INFO:colcon.colcon_core.shell:Creating package descriptor '/home/user/ros2_ws/install/nav2_course/share/nav2_course/package.dsv'
[4.285s] INFO:colcon.colcon_core.shell:Creating package script '/home/user/ros2_ws/install/nav2_course/share/nav2_course/package.sh'
[4.287s] INFO:colcon.colcon_core.shell:Creating package script '/home/user/ros2_ws/install/nav2_course/share/nav2_course/package.bash'
[4.288s] INFO:colcon.colcon_core.shell:Creating package script '/home/user/ros2_ws/install/nav2_course/share/nav2_course/package.zsh'
[4.290s] Level 1:colcon.colcon_core.environment:create_file_with_runtime_dependencies(/home/user/ros2_ws/install/nav2_course/share/colcon-core/packages/nav2_course)
[4.509s] Level 1:colcon.colcon_core.environment:create_environment_scripts_only(nav2_course)
[4.517s] Level 1:colcon.colcon_core.environment:checking '/home/user/ros2_ws/install/nav2_course' for CMake module files
[4.519s] Level 1:colcon.colcon_core.environment:checking '/home/user/ros2_ws/install/nav2_course' for CMake config files
[4.535s] Level 1:colcon.colcon_core.shell:create_environment_hook('nav2_course', 'cmake_prefix_path')
[4.538s] INFO:colcon.colcon_core.shell:Creating environment hook '/home/user/ros2_ws/install/nav2_course/share/nav2_course/hook/cmake_prefix_path.ps1'
[4.539s] INFO:colcon.colcon_core.shell:Creating environment descriptor '/home/user/ros2_ws/install/nav2_course/share/nav2_course/hook/cmake_prefix_path.dsv'
[4.540s] INFO:colcon.colcon_core.shell:Creating environment hook '/home/user/ros2_ws/install/nav2_course/share/nav2_course/hook/cmake_prefix_path.sh'
[4.541s] Level 1:colcon.colcon_core.environment:checking '/home/user/ros2_ws/install/nav2_course/bin'
[4.541s] Level 1:colcon.colcon_core.environment:checking '/home/user/ros2_ws/install/nav2_course/lib/pkgconfig/nav2_course.pc'
[4.541s] Level 1:colcon.colcon_core.environment:checking '/home/user/ros2_ws/install/nav2_course/lib/python3.10/site-packages'
[4.544s] Level 1:colcon.colcon_core.environment:checking '/home/user/ros2_ws/install/nav2_course/bin'
[4.552s] INFO:colcon.colcon_core.shell:Creating package script '/home/user/ros2_ws/install/nav2_course/share/nav2_course/package.ps1'
[4.553s] INFO:colcon.colcon_core.shell:Creating package descriptor '/home/user/ros2_ws/install/nav2_course/share/nav2_course/package.dsv'
[4.554s] INFO:colcon.colcon_core.shell:Creating package script '/home/user/ros2_ws/install/nav2_course/share/nav2_course/package.sh'
[4.554s] INFO:colcon.colcon_core.shell:Creating package script '/home/user/ros2_ws/install/nav2_course/share/nav2_course/package.bash'
[4.555s] INFO:colcon.colcon_core.shell:Creating package script '/home/user/ros2_ws/install/nav2_course/share/nav2_course/package.zsh'
[4.555s] Level 1:colcon.colcon_core.environment:create_file_with_runtime_dependencies(/home/user/ros2_ws/install/nav2_course/share/colcon-core/packages/nav2_course)
[4.800s] Level 1:colcon.colcon_core.environment:checking '/home/user/ros2_ws/install/project_mapping' for CMake module files
[4.801s] DEBUG:colcon.colcon_core.event_handler.log_command:Invoked command in '/home/user/ros2_ws/src/project_mapping' returned '0': PYTHONPATH=/home/user/ros2_ws/build/project_mapping/prefix_override:/home/user/ros2_ws/install/project_mapping/lib/python3.10/site-packages:${PYTHONPATH} _=/usr/bin/env /usr/bin/python3 setup.py egg_info --egg-base ../../build/project_mapping build --build-base /home/user/ros2_ws/build/project_mapping/build install --record /home/user/ros2_ws/build/project_mapping/install.log --single-version-externally-managed
[4.802s] Level 1:colcon.colcon_core.environment:checking '/home/user/ros2_ws/install/project_mapping' for CMake config files
[4.803s] Level 1:colcon.colcon_core.environment:checking '/home/user/ros2_ws/install/project_mapping/lib'
[4.803s] Level 1:colcon.colcon_core.environment:checking '/home/user/ros2_ws/install/project_mapping/bin'
[4.803s] Level 1:colcon.colcon_core.environment:checking '/home/user/ros2_ws/install/project_mapping/lib/pkgconfig/project_mapping.pc'
[4.804s] Level 1:colcon.colcon_core.environment:checking '/home/user/ros2_ws/install/project_mapping/lib/python3.10/site-packages'
[4.804s] Level 1:colcon.colcon_core.shell:create_environment_hook('project_mapping', 'pythonpath')
[4.807s] INFO:colcon.colcon_core.shell:Creating environment hook '/home/user/ros2_ws/install/project_mapping/share/project_mapping/hook/pythonpath.ps1'
[4.807s] INFO:colcon.colcon_core.shell:Creating environment descriptor '/home/user/ros2_ws/install/project_mapping/share/project_mapping/hook/pythonpath.dsv'
[4.808s] INFO:colcon.colcon_core.shell:Creating environment hook '/home/user/ros2_ws/install/project_mapping/share/project_mapping/hook/pythonpath.sh'
[4.809s] Level 1:colcon.colcon_core.environment:checking '/home/user/ros2_ws/install/project_mapping/bin'
[4.809s] Level 1:colcon.colcon_core.environment:create_environment_scripts_only(project_mapping)
[4.812s] INFO:colcon.colcon_core.shell:Creating package script '/home/user/ros2_ws/install/project_mapping/share/project_mapping/package.ps1'
[4.813s] INFO:colcon.colcon_core.shell:Creating package descriptor '/home/user/ros2_ws/install/project_mapping/share/project_mapping/package.dsv'
[4.813s] INFO:colcon.colcon_core.shell:Creating package script '/home/user/ros2_ws/install/project_mapping/share/project_mapping/package.sh'
[4.814s] INFO:colcon.colcon_core.shell:Creating package script '/home/user/ros2_ws/install/project_mapping/share/project_mapping/package.bash'
[4.815s] INFO:colcon.colcon_core.shell:Creating package script '/home/user/ros2_ws/install/project_mapping/share/project_mapping/package.zsh'
[4.815s] Level 1:colcon.colcon_core.environment:create_file_with_runtime_dependencies(/home/user/ros2_ws/install/project_mapping/share/colcon-core/packages/project_mapping)
[4.866s] Level 1:colcon.colcon_core.environment:checking '/home/user/ros2_ws/install/nav2_project' for CMake module files
[4.867s] DEBUG:colcon.colcon_core.event_handler.log_command:Invoked command in '/home/user/ros2_ws/src/ros2_nav_files/nav2_project' returned '0': PYTHONPATH=/home/user/ros2_ws/build/nav2_project/prefix_override:/home/user/ros2_ws/install/nav2_project/lib/python3.10/site-packages:${PYTHONPATH} _=/usr/bin/env /usr/bin/python3 setup.py egg_info --egg-base ../../../build/nav2_project build --build-base /home/user/ros2_ws/build/nav2_project/build install --record /home/user/ros2_ws/build/nav2_project/install.log --install-scripts $base/lib/nav2_project --single-version-externally-managed
[4.867s] Level 1:colcon.colcon_core.environment:checking '/home/user/ros2_ws/install/nav2_project' for CMake config files
[4.868s] Level 1:colcon.colcon_core.environment:checking '/home/user/ros2_ws/install/nav2_project/lib'
[4.868s] Level 1:colcon.colcon_core.environment:checking '/home/user/ros2_ws/install/nav2_project/bin'
[4.868s] Level 1:colcon.colcon_core.environment:checking '/home/user/ros2_ws/install/nav2_project/lib/pkgconfig/nav2_project.pc'
[4.869s] Level 1:colcon.colcon_core.environment:checking '/home/user/ros2_ws/install/nav2_project/lib/python3.10/site-packages'
[4.869s] Level 1:colcon.colcon_core.shell:create_environment_hook('nav2_project', 'pythonpath')
[4.872s] INFO:colcon.colcon_core.shell:Creating environment hook '/home/user/ros2_ws/install/nav2_project/share/nav2_project/hook/pythonpath.ps1'
[4.873s] INFO:colcon.colcon_core.shell:Creating environment descriptor '/home/user/ros2_ws/install/nav2_project/share/nav2_project/hook/pythonpath.dsv'
[4.873s] INFO:colcon.colcon_core.shell:Creating environment hook '/home/user/ros2_ws/install/nav2_project/share/nav2_project/hook/pythonpath.sh'
[4.874s] Level 1:colcon.colcon_core.environment:checking '/home/user/ros2_ws/install/nav2_project/bin'
[4.874s] Level 1:colcon.colcon_core.environment:create_environment_scripts_only(nav2_project)
[4.877s] INFO:colcon.colcon_core.shell:Creating package script '/home/user/ros2_ws/install/nav2_project/share/nav2_project/package.ps1'
[4.878s] INFO:colcon.colcon_core.shell:Creating package descriptor '/home/user/ros2_ws/install/nav2_project/share/nav2_project/package.dsv'
[4.879s] INFO:colcon.colcon_core.shell:Creating package script '/home/user/ros2_ws/install/nav2_project/share/nav2_project/package.sh'
[4.879s] INFO:colcon.colcon_core.shell:Creating package script '/home/user/ros2_ws/install/nav2_project/share/nav2_project/package.bash'
[4.880s] INFO:colcon.colcon_core.shell:Creating package script '/home/user/ros2_ws/install/nav2_project/share/nav2_project/package.zsh'
[4.880s] Level 1:colcon.colcon_core.environment:create_file_with_runtime_dependencies(/home/user/ros2_ws/install/nav2_project/share/colcon-core/packages/nav2_project)
[4.881s] DEBUG:colcon.colcon_parallel_executor.executor.parallel:closing loop
[4.882s] DEBUG:colcon.colcon_parallel_executor.executor.parallel:loop closed
[4.882s] DEBUG:colcon.colcon_parallel_executor.executor.parallel:run_until_complete finished with '0'
[4.882s] DEBUG:colcon.colcon_core.event_reactor:joining thread
[4.912s] INFO:colcon.colcon_core.plugin_system:Skipping extension 'colcon_notification.desktop_notification.notify_send': Could not find 'notify-send'
[4.912s] INFO:colcon.colcon_core.plugin_system:Skipping extension 'colcon_notification.desktop_notification.terminal_notifier': Not used on non-Darwin systems
[4.913s] INFO:colcon.colcon_core.plugin_system:Skipping extension 'colcon_notification.desktop_notification.win32': Not used on non-Windows systems
[4.913s] INFO:colcon.colcon_notification.desktop_notification:Sending desktop notification using 'notify2'
[4.917s] DEBUG:colcon.colcon_notification.desktop_notification.notify2:Failed to initialize notify2: org.freedesktop.DBus.Error.Spawn.ExecFailed: /usr/bin/dbus-launch terminated abnormally without any error message
[4.918s] DEBUG:colcon.colcon_core.event_reactor:joined thread
[4.921s] INFO:colcon.colcon_core.shell:Creating prefix script '/home/user/ros2_ws/install/local_setup.ps1'
[4.923s] INFO:colcon.colcon_core.shell:Creating prefix util module '/home/user/ros2_ws/install/_local_setup_util_ps1.py'
[4.926s] INFO:colcon.colcon_core.shell:Creating prefix chain script '/home/user/ros2_ws/install/setup.ps1'
[4.932s] INFO:colcon.colcon_core.shell:Creating prefix script '/home/user/ros2_ws/install/local_setup.sh'
[4.933s] INFO:colcon.colcon_core.shell:Creating prefix util module '/home/user/ros2_ws/install/_local_setup_util_sh.py'
[4.934s] INFO:colcon.colcon_core.shell:Creating prefix chain script '/home/user/ros2_ws/install/setup.sh'
[4.940s] INFO:colcon.colcon_core.shell:Creating prefix script '/home/user/ros2_ws/install/local_setup.bash'
[4.942s] INFO:colcon.colcon_core.shell:Creating prefix chain script '/home/user/ros2_ws/install/setup.bash'
[4.947s] INFO:colcon.colcon_core.shell:Creating prefix script '/home/user/ros2_ws/install/local_setup.zsh'
[4.948s] INFO:colcon.colcon_core.shell:Creating prefix chain script '/home/user/ros2_ws/install/setup.zsh'
