[10.491s] Invoking command in '/home/user/ros2_ws/src/ros2_nav_files/nav2_project': PYTHONPATH=/home/user/ros2_ws/build/nav2_project/prefix_override:/home/user/ros2_ws/install/nav2_project/lib/python3.10/site-packages:${PYTHONPATH} _=/usr/bin/env /usr/bin/python3 setup.py egg_info --egg-base ../../../build/nav2_project build --build-base /home/user/ros2_ws/build/nav2_project/build install --record /home/user/ros2_ws/build/nav2_project/install.log --install-scripts $base/lib/nav2_project --single-version-externally-managed
[12.282s] /usr/lib/python3/dist-packages/setuptools/dist.py:723: UserWarning: Usage of dash-separated 'script-dir' will not be supported in future versions. Please use the underscore name 'script_dir' instead
[12.283s]   warnings.warn(
[12.299s] running egg_info
[12.307s] writing ../../../build/nav2_project/nav2_project.egg-info/PKG-INFO
[12.309s] writing dependency_links to ../../../build/nav2_project/nav2_project.egg-info/dependency_links.txt
[12.309s] writing entry points to ../../../build/nav2_project/nav2_project.egg-info/entry_points.txt
[12.311s] writing requirements to ../../../build/nav2_project/nav2_project.egg-info/requires.txt
[12.311s] writing top-level names to ../../../build/nav2_project/nav2_project.egg-info/top_level.txt
[12.311s] reading manifest file '../../../build/nav2_project/nav2_project.egg-info/SOURCES.txt'
[12.311s] writing manifest file '../../../build/nav2_project/nav2_project.egg-info/SOURCES.txt'
[12.311s] running build
[12.312s] running build_py
[12.371s] /usr/lib/python3/dist-packages/setuptools/command/install.py:34: SetuptoolsDeprecationWarning: setup.py install is deprecated. Use build and pip and other standards-based tools.
[12.372s]   warnings.warn(
[12.372s] running install
[12.372s] running install_lib
[12.374s] running install_data
[12.376s] running install_egg_info
[12.387s] removing '/home/user/ros2_ws/install/nav2_project/lib/python3.10/site-packages/nav2_project-0.0.0-py3.10.egg-info' (and everything under it)
[12.388s] Copying ../../../build/nav2_project/nav2_project.egg-info to /home/user/ros2_ws/install/nav2_project/lib/python3.10/site-packages/nav2_project-0.0.0-py3.10.egg-info
[12.389s] running install_scripts
[12.585s] Installing go_to_pose script to /home/user/ros2_ws/install/nav2_project/lib/nav2_project
[12.591s] Installing spot_recorder script to /home/user/ros2_ws/install/nav2_project/lib/nav2_project
[12.597s] writing list of installed files to '/home/user/ros2_ws/build/nav2_project/install.log'
[12.876s] Invoked command in '/home/user/ros2_ws/src/ros2_nav_files/nav2_project' returned '0': PYTHONPATH=/home/user/ros2_ws/build/nav2_project/prefix_override:/home/user/ros2_ws/install/nav2_project/lib/python3.10/site-packages:${PYTHONPATH} _=/usr/bin/env /usr/bin/python3 setup.py egg_info --egg-base ../../../build/nav2_project build --build-base /home/user/ros2_ws/build/nav2_project/build install --record /home/user/ros2_ws/build/nav2_project/install.log --install-scripts $base/lib/nav2_project --single-version-externally-managed
