[2.292s] DEBUG:colcon:Command line arguments: ['/usr/bin/colcon', 'build']
[2.293s] DEBUG:colcon:Parsed command line arguments: Namespace(log_base=None, log_level=None, verb_name='build', build_base='build', install_base='install', merge_install=False, symlink_install=False, test_result_base=None, continue_on_error=False, executor='parallel', parallel_workers=8, event_handlers=None, ignore_user_meta=False, metas=['./colcon.meta'], base_paths=['.'], packages_ignore=None, packages_ignore_regex=None, paths=None, packages_up_to=None, packages_up_to_regex=None, packages_above=None, packages_above_and_dependencies=None, packages_above_depth=None, packages_select_by_dep=None, packages_skip_by_dep=None, packages_skip_up_to=None, packages_select_build_failed=False, packages_skip_build_finished=False, packages_select_test_failures=False, packages_skip_test_passed=False, packages_select=None, packages_skip=None, packages_select_regex=None, packages_skip_regex=None, packages_start=None, packages_end=None, lookup_in_workspace=False, cargo_args=None, clean_build=False, cmake_args=None, cmake_target=None, cmake_target_skip_unavailable=False, cmake_clean_cache=False, cmake_clean_first=False, cmake_force_configure=False, ament_cmake_args=None, catkin_cmake_args=None, catkin_skip_building_tests=False, mixin_files=None, mixin=None, verb_parser=<colcon_mixin.mixin.mixin_argument.MixinArgumentDecorator object at 0x7ff6866e8040>, verb_extension=<colcon_core.verb.build.BuildVerb object at 0x7ff68686fb80>, main=<bound method BuildVerb.main of <colcon_core.verb.build.BuildVerb object at 0x7ff68686fb80>>, mixin_verb=('build',))
[2.339s] Level 1:colcon.colcon_core.package_discovery:discover_packages(colcon_meta) check parameters
[2.339s] Level 1:colcon.colcon_core.package_discovery:discover_packages(recursive) check parameters
[2.339s] Level 1:colcon.colcon_core.package_discovery:discover_packages(ignore) check parameters
[2.339s] Level 1:colcon.colcon_core.package_discovery:discover_packages(path) check parameters
[2.339s] Level 1:colcon.colcon_core.package_discovery:discover_packages(colcon_meta) discover
[2.339s] Level 1:colcon.colcon_core.package_discovery:discover_packages(recursive) discover
[2.340s] INFO:colcon.colcon_core.package_discovery:Crawling recursively for packages in '/home/user/ros2_ws'
[2.340s] Level 1:colcon.colcon_core.package_identification:_identify(.) by extensions ['ignore', 'ignore_ament_install']
[2.340s] Level 1:colcon.colcon_core.package_identification:_identify(.) by extension 'ignore'
[2.340s] Level 1:colcon.colcon_core.package_identification:_identify(.) by extension 'ignore_ament_install'
[2.340s] Level 1:colcon.colcon_core.package_identification:_identify(.) by extensions ['colcon_pkg']
[2.340s] Level 1:colcon.colcon_core.package_identification:_identify(.) by extension 'colcon_pkg'
[2.340s] Level 1:colcon.colcon_core.package_identification:_identify(.) by extensions ['colcon_meta']
[2.340s] Level 1:colcon.colcon_core.package_identification:_identify(.) by extension 'colcon_meta'
[2.340s] Level 1:colcon.colcon_core.package_identification:_identify(.) by extensions ['ament_cargo']
[2.340s] Level 1:colcon.colcon_core.package_identification:_identify(.) by extension 'ament_cargo'
[2.341s] Level 1:colcon.colcon_core.package_identification:_identify(.) by extensions ['ros']
[2.341s] Level 1:colcon.colcon_core.package_identification:_identify(.) by extension 'ros'
[2.398s] Level 1:colcon.colcon_core.package_identification:_identify(.) by extensions ['cargo', 'cmake', 'python']
[2.398s] Level 1:colcon.colcon_core.package_identification:_identify(.) by extension 'cargo'
[2.398s] Level 1:colcon.colcon_core.package_identification:_identify(.) by extension 'cmake'
[2.398s] Level 1:colcon.colcon_core.package_identification:_identify(.) by extension 'python'
[2.399s] Level 1:colcon.colcon_core.package_identification:_identify(.) by extensions ['python_setup_py']
[2.399s] Level 1:colcon.colcon_core.package_identification:_identify(.) by extension 'python_setup_py'
[2.399s] Level 1:colcon.colcon_core.package_identification:_identify(build) by extensions ['ignore', 'ignore_ament_install']
[2.399s] Level 1:colcon.colcon_core.package_identification:_identify(build) by extension 'ignore'
[2.399s] Level 1:colcon.colcon_core.package_identification:_identify(build) ignored
[2.400s] Level 1:colcon.colcon_core.package_identification:_identify(install) by extensions ['ignore', 'ignore_ament_install']
[2.400s] Level 1:colcon.colcon_core.package_identification:_identify(install) by extension 'ignore'
[2.400s] Level 1:colcon.colcon_core.package_identification:_identify(install) ignored
[2.400s] Level 1:colcon.colcon_core.package_identification:_identify(log) by extensions ['ignore', 'ignore_ament_install']
[2.401s] Level 1:colcon.colcon_core.package_identification:_identify(log) by extension 'ignore'
[2.401s] Level 1:colcon.colcon_core.package_identification:_identify(log) ignored
[2.401s] Level 1:colcon.colcon_core.package_identification:_identify(src) by extensions ['ignore', 'ignore_ament_install']
[2.401s] Level 1:colcon.colcon_core.package_identification:_identify(src) by extension 'ignore'
[2.401s] Level 1:colcon.colcon_core.package_identification:_identify(src) by extension 'ignore_ament_install'
[2.401s] Level 1:colcon.colcon_core.package_identification:_identify(src) by extensions ['colcon_pkg']
[2.401s] Level 1:colcon.colcon_core.package_identification:_identify(src) by extension 'colcon_pkg'
[2.401s] Level 1:colcon.colcon_core.package_identification:_identify(src) by extensions ['colcon_meta']
[2.401s] Level 1:colcon.colcon_core.package_identification:_identify(src) by extension 'colcon_meta'
[2.402s] Level 1:colcon.colcon_core.package_identification:_identify(src) by extensions ['ament_cargo']
[2.402s] Level 1:colcon.colcon_core.package_identification:_identify(src) by extension 'ament_cargo'
[2.402s] Level 1:colcon.colcon_core.package_identification:_identify(src) by extensions ['ros']
[2.402s] Level 1:colcon.colcon_core.package_identification:_identify(src) by extension 'ros'
[2.402s] Level 1:colcon.colcon_core.package_identification:_identify(src) by extensions ['cargo', 'cmake', 'python']
[2.402s] Level 1:colcon.colcon_core.package_identification:_identify(src) by extension 'cargo'
[2.402s] Level 1:colcon.colcon_core.package_identification:_identify(src) by extension 'cmake'
[2.402s] Level 1:colcon.colcon_core.package_identification:_identify(src) by extension 'python'
[2.402s] Level 1:colcon.colcon_core.package_identification:_identify(src) by extensions ['python_setup_py']
[2.402s] Level 1:colcon.colcon_core.package_identification:_identify(src) by extension 'python_setup_py'
[2.403s] Level 1:colcon.colcon_core.package_identification:_identify(src/project_localization) by extensions ['ignore', 'ignore_ament_install']
[2.403s] Level 1:colcon.colcon_core.package_identification:_identify(src/project_localization) by extension 'ignore'
[2.403s] Level 1:colcon.colcon_core.package_identification:_identify(src/project_localization) by extension 'ignore_ament_install'
[2.403s] Level 1:colcon.colcon_core.package_identification:_identify(src/project_localization) by extensions ['colcon_pkg']
[2.403s] Level 1:colcon.colcon_core.package_identification:_identify(src/project_localization) by extension 'colcon_pkg'
[2.403s] Level 1:colcon.colcon_core.package_identification:_identify(src/project_localization) by extensions ['colcon_meta']
[2.403s] Level 1:colcon.colcon_core.package_identification:_identify(src/project_localization) by extension 'colcon_meta'
[2.403s] Level 1:colcon.colcon_core.package_identification:_identify(src/project_localization) by extensions ['ament_cargo']
[2.403s] Level 1:colcon.colcon_core.package_identification:_identify(src/project_localization) by extension 'ament_cargo'
[2.403s] Level 1:colcon.colcon_core.package_identification:_identify(src/project_localization) by extensions ['ros']
[2.404s] Level 1:colcon.colcon_core.package_identification:_identify(src/project_localization) by extension 'ros'
[2.408s] DEBUG:colcon.colcon_core.package_identification:Package 'src/project_localization' with type 'ros.ament_python' and name 'project_localization'
[2.408s] Level 1:colcon.colcon_core.package_identification:_identify(src/project_mapping) by extensions ['ignore', 'ignore_ament_install']
[2.408s] Level 1:colcon.colcon_core.package_identification:_identify(src/project_mapping) by extension 'ignore'
[2.408s] Level 1:colcon.colcon_core.package_identification:_identify(src/project_mapping) by extension 'ignore_ament_install'
[2.408s] Level 1:colcon.colcon_core.package_identification:_identify(src/project_mapping) by extensions ['colcon_pkg']
[2.409s] Level 1:colcon.colcon_core.package_identification:_identify(src/project_mapping) by extension 'colcon_pkg'
[2.409s] Level 1:colcon.colcon_core.package_identification:_identify(src/project_mapping) by extensions ['colcon_meta']
[2.409s] Level 1:colcon.colcon_core.package_identification:_identify(src/project_mapping) by extension 'colcon_meta'
[2.409s] Level 1:colcon.colcon_core.package_identification:_identify(src/project_mapping) by extensions ['ament_cargo']
[2.409s] Level 1:colcon.colcon_core.package_identification:_identify(src/project_mapping) by extension 'ament_cargo'
[2.409s] Level 1:colcon.colcon_core.package_identification:_identify(src/project_mapping) by extensions ['ros']
[2.409s] Level 1:colcon.colcon_core.package_identification:_identify(src/project_mapping) by extension 'ros'
[2.410s] DEBUG:colcon.colcon_core.package_identification:Package 'src/project_mapping' with type 'ros.ament_python' and name 'project_mapping'
[2.410s] Level 1:colcon.colcon_core.package_identification:_identify(src/ros2_nav_files) by extensions ['ignore', 'ignore_ament_install']
[2.410s] Level 1:colcon.colcon_core.package_identification:_identify(src/ros2_nav_files) by extension 'ignore'
[2.410s] Level 1:colcon.colcon_core.package_identification:_identify(src/ros2_nav_files) by extension 'ignore_ament_install'
[2.411s] Level 1:colcon.colcon_core.package_identification:_identify(src/ros2_nav_files) by extensions ['colcon_pkg']
[2.411s] Level 1:colcon.colcon_core.package_identification:_identify(src/ros2_nav_files) by extension 'colcon_pkg'
[2.411s] Level 1:colcon.colcon_core.package_identification:_identify(src/ros2_nav_files) by extensions ['colcon_meta']
[2.412s] Level 1:colcon.colcon_core.package_identification:_identify(src/ros2_nav_files) by extension 'colcon_meta'
[2.412s] Level 1:colcon.colcon_core.package_identification:_identify(src/ros2_nav_files) by extensions ['ament_cargo']
[2.412s] Level 1:colcon.colcon_core.package_identification:_identify(src/ros2_nav_files) by extension 'ament_cargo'
[2.412s] Level 1:colcon.colcon_core.package_identification:_identify(src/ros2_nav_files) by extensions ['ros']
[2.412s] Level 1:colcon.colcon_core.package_identification:_identify(src/ros2_nav_files) by extension 'ros'
[2.412s] Level 1:colcon.colcon_core.package_identification:_identify(src/ros2_nav_files) by extensions ['cargo', 'cmake', 'python']
[2.412s] Level 1:colcon.colcon_core.package_identification:_identify(src/ros2_nav_files) by extension 'cargo'
[2.412s] Level 1:colcon.colcon_core.package_identification:_identify(src/ros2_nav_files) by extension 'cmake'
[2.412s] Level 1:colcon.colcon_core.package_identification:_identify(src/ros2_nav_files) by extension 'python'
[2.413s] Level 1:colcon.colcon_core.package_identification:_identify(src/ros2_nav_files) by extensions ['python_setup_py']
[2.413s] Level 1:colcon.colcon_core.package_identification:_identify(src/ros2_nav_files) by extension 'python_setup_py'
[2.413s] Level 1:colcon.colcon_core.package_identification:_identify(src/ros2_nav_files/nav2_course) by extensions ['ignore', 'ignore_ament_install']
[2.413s] Level 1:colcon.colcon_core.package_identification:_identify(src/ros2_nav_files/nav2_course) by extension 'ignore'
[2.413s] Level 1:colcon.colcon_core.package_identification:_identify(src/ros2_nav_files/nav2_course) by extension 'ignore_ament_install'
[2.413s] Level 1:colcon.colcon_core.package_identification:_identify(src/ros2_nav_files/nav2_course) by extensions ['colcon_pkg']
[2.413s] Level 1:colcon.colcon_core.package_identification:_identify(src/ros2_nav_files/nav2_course) by extension 'colcon_pkg'
[2.414s] Level 1:colcon.colcon_core.package_identification:_identify(src/ros2_nav_files/nav2_course) by extensions ['colcon_meta']
[2.414s] Level 1:colcon.colcon_core.package_identification:_identify(src/ros2_nav_files/nav2_course) by extension 'colcon_meta'
[2.414s] Level 1:colcon.colcon_core.package_identification:_identify(src/ros2_nav_files/nav2_course) by extensions ['ament_cargo']
[2.414s] Level 1:colcon.colcon_core.package_identification:_identify(src/ros2_nav_files/nav2_course) by extension 'ament_cargo'
[2.414s] Level 1:colcon.colcon_core.package_identification:_identify(src/ros2_nav_files/nav2_course) by extensions ['ros']
[2.414s] Level 1:colcon.colcon_core.package_identification:_identify(src/ros2_nav_files/nav2_course) by extension 'ros'
[2.415s] DEBUG:colcon.colcon_core.package_identification:Package 'src/ros2_nav_files/nav2_course' with type 'ros.ament_cmake' and name 'nav2_course'
[2.416s] Level 1:colcon.colcon_core.package_identification:_identify(src/ros2_nav_files/nav2_project) by extensions ['ignore', 'ignore_ament_install']
[2.416s] Level 1:colcon.colcon_core.package_identification:_identify(src/ros2_nav_files/nav2_project) by extension 'ignore'
[2.416s] Level 1:colcon.colcon_core.package_identification:_identify(src/ros2_nav_files/nav2_project) by extension 'ignore_ament_install'
[2.416s] Level 1:colcon.colcon_core.package_identification:_identify(src/ros2_nav_files/nav2_project) by extensions ['colcon_pkg']
[2.416s] Level 1:colcon.colcon_core.package_identification:_identify(src/ros2_nav_files/nav2_project) by extension 'colcon_pkg'
[2.416s] Level 1:colcon.colcon_core.package_identification:_identify(src/ros2_nav_files/nav2_project) by extensions ['colcon_meta']
[2.416s] Level 1:colcon.colcon_core.package_identification:_identify(src/ros2_nav_files/nav2_project) by extension 'colcon_meta'
[2.417s] Level 1:colcon.colcon_core.package_identification:_identify(src/ros2_nav_files/nav2_project) by extensions ['ament_cargo']
[2.417s] Level 1:colcon.colcon_core.package_identification:_identify(src/ros2_nav_files/nav2_project) by extension 'ament_cargo'
[2.417s] Level 1:colcon.colcon_core.package_identification:_identify(src/ros2_nav_files/nav2_project) by extensions ['ros']
[2.417s] Level 1:colcon.colcon_core.package_identification:_identify(src/ros2_nav_files/nav2_project) by extension 'ros'
[2.418s] DEBUG:colcon.colcon_core.package_identification:Package 'src/ros2_nav_files/nav2_project' with type 'ros.ament_python' and name 'nav2_project'
[2.418s] Level 1:colcon.colcon_core.package_identification:_identify(src/ros2_nav_files/rviz) by extensions ['ignore', 'ignore_ament_install']
[2.418s] Level 1:colcon.colcon_core.package_identification:_identify(src/ros2_nav_files/rviz) by extension 'ignore'
[2.418s] Level 1:colcon.colcon_core.package_identification:_identify(src/ros2_nav_files/rviz) by extension 'ignore_ament_install'
[2.418s] Level 1:colcon.colcon_core.package_identification:_identify(src/ros2_nav_files/rviz) by extensions ['colcon_pkg']
[2.418s] Level 1:colcon.colcon_core.package_identification:_identify(src/ros2_nav_files/rviz) by extension 'colcon_pkg'
[2.420s] Level 1:colcon.colcon_core.package_identification:_identify(src/ros2_nav_files/rviz) by extensions ['colcon_meta']
[2.420s] Level 1:colcon.colcon_core.package_identification:_identify(src/ros2_nav_files/rviz) by extension 'colcon_meta'
[2.420s] Level 1:colcon.colcon_core.package_identification:_identify(src/ros2_nav_files/rviz) by extensions ['ament_cargo']
[2.420s] Level 1:colcon.colcon_core.package_identification:_identify(src/ros2_nav_files/rviz) by extension 'ament_cargo'
[2.420s] Level 1:colcon.colcon_core.package_identification:_identify(src/ros2_nav_files/rviz) by extensions ['ros']
[2.420s] Level 1:colcon.colcon_core.package_identification:_identify(src/ros2_nav_files/rviz) by extension 'ros'
[2.420s] Level 1:colcon.colcon_core.package_identification:_identify(src/ros2_nav_files/rviz) by extensions ['cargo', 'cmake', 'python']
[2.421s] Level 1:colcon.colcon_core.package_identification:_identify(src/ros2_nav_files/rviz) by extension 'cargo'
[2.421s] Level 1:colcon.colcon_core.package_identification:_identify(src/ros2_nav_files/rviz) by extension 'cmake'
[2.421s] Level 1:colcon.colcon_core.package_identification:_identify(src/ros2_nav_files/rviz) by extension 'python'
[2.421s] Level 1:colcon.colcon_core.package_identification:_identify(src/ros2_nav_files/rviz) by extensions ['python_setup_py']
[2.421s] Level 1:colcon.colcon_core.package_identification:_identify(src/ros2_nav_files/rviz) by extension 'python_setup_py'
[2.421s] Level 1:colcon.colcon_core.package_discovery:discover_packages(recursive) using defaults
[2.421s] Level 1:colcon.colcon_core.package_discovery:discover_packages(ignore) discover
[2.421s] Level 1:colcon.colcon_core.package_discovery:discover_packages(ignore) using defaults
[2.421s] Level 1:colcon.colcon_core.package_discovery:discover_packages(path) discover
[2.421s] Level 1:colcon.colcon_core.package_discovery:discover_packages(path) using defaults
[2.595s] Level 5:colcon.colcon_core.verb:set package 'nav2_course' build argument 'lookup_in_workspace' from command line to 'False'
[2.595s] Level 5:colcon.colcon_core.verb:set package 'nav2_course' build argument 'cargo_args' from command line to 'None'
[2.595s] Level 5:colcon.colcon_core.verb:set package 'nav2_course' build argument 'clean_build' from command line to 'False'
[2.595s] Level 5:colcon.colcon_core.verb:set package 'nav2_course' build argument 'cmake_args' from command line to 'None'
[2.595s] Level 5:colcon.colcon_core.verb:set package 'nav2_course' build argument 'cmake_target' from command line to 'None'
[2.596s] Level 5:colcon.colcon_core.verb:set package 'nav2_course' build argument 'cmake_target_skip_unavailable' from command line to 'False'
[2.596s] Level 5:colcon.colcon_core.verb:set package 'nav2_course' build argument 'cmake_clean_cache' from command line to 'False'
[2.596s] Level 5:colcon.colcon_core.verb:set package 'nav2_course' build argument 'cmake_clean_first' from command line to 'False'
[2.596s] Level 5:colcon.colcon_core.verb:set package 'nav2_course' build argument 'cmake_force_configure' from command line to 'False'
[2.596s] Level 5:colcon.colcon_core.verb:set package 'nav2_course' build argument 'ament_cmake_args' from command line to 'None'
[2.596s] Level 5:colcon.colcon_core.verb:set package 'nav2_course' build argument 'catkin_cmake_args' from command line to 'None'
[2.596s] Level 5:colcon.colcon_core.verb:set package 'nav2_course' build argument 'catkin_skip_building_tests' from command line to 'False'
[2.596s] DEBUG:colcon.colcon_core.verb:Building package 'nav2_course' with the following arguments: {'ament_cmake_args': None, 'build_base': '/home/user/ros2_ws/build/nav2_course', 'cargo_args': None, 'catkin_cmake_args': None, 'catkin_skip_building_tests': False, 'clean_build': False, 'cmake_args': None, 'cmake_clean_cache': False, 'cmake_clean_first': False, 'cmake_force_configure': False, 'cmake_target': None, 'cmake_target_skip_unavailable': False, 'install_base': '/home/user/ros2_ws/install/nav2_course', 'lookup_in_workspace': False, 'merge_install': False, 'path': '/home/user/ros2_ws/src/ros2_nav_files/nav2_course', 'symlink_install': False, 'test_result_base': None}
[2.601s] Level 5:colcon.colcon_core.verb:set package 'nav2_project' build argument 'lookup_in_workspace' from command line to 'False'
[2.601s] Level 5:colcon.colcon_core.verb:set package 'nav2_project' build argument 'cargo_args' from command line to 'None'
[2.601s] Level 5:colcon.colcon_core.verb:set package 'nav2_project' build argument 'clean_build' from command line to 'False'
[2.601s] Level 5:colcon.colcon_core.verb:set package 'nav2_project' build argument 'cmake_args' from command line to 'None'
[2.601s] Level 5:colcon.colcon_core.verb:set package 'nav2_project' build argument 'cmake_target' from command line to 'None'
[2.601s] Level 5:colcon.colcon_core.verb:set package 'nav2_project' build argument 'cmake_target_skip_unavailable' from command line to 'False'
[2.601s] Level 5:colcon.colcon_core.verb:set package 'nav2_project' build argument 'cmake_clean_cache' from command line to 'False'
[2.601s] Level 5:colcon.colcon_core.verb:set package 'nav2_project' build argument 'cmake_clean_first' from command line to 'False'
[2.601s] Level 5:colcon.colcon_core.verb:set package 'nav2_project' build argument 'cmake_force_configure' from command line to 'False'
[2.601s] Level 5:colcon.colcon_core.verb:set package 'nav2_project' build argument 'ament_cmake_args' from command line to 'None'
[2.602s] Level 5:colcon.colcon_core.verb:set package 'nav2_project' build argument 'catkin_cmake_args' from command line to 'None'
[2.602s] Level 5:colcon.colcon_core.verb:set package 'nav2_project' build argument 'catkin_skip_building_tests' from command line to 'False'
[2.602s] DEBUG:colcon.colcon_core.verb:Building package 'nav2_project' with the following arguments: {'ament_cmake_args': None, 'build_base': '/home/user/ros2_ws/build/nav2_project', 'cargo_args': None, 'catkin_cmake_args': None, 'catkin_skip_building_tests': False, 'clean_build': False, 'cmake_args': None, 'cmake_clean_cache': False, 'cmake_clean_first': False, 'cmake_force_configure': False, 'cmake_target': None, 'cmake_target_skip_unavailable': False, 'install_base': '/home/user/ros2_ws/install/nav2_project', 'lookup_in_workspace': False, 'merge_install': False, 'path': '/home/user/ros2_ws/src/ros2_nav_files/nav2_project', 'symlink_install': False, 'test_result_base': None}
[2.608s] Level 5:colcon.colcon_core.verb:set package 'project_localization' build argument 'lookup_in_workspace' from command line to 'False'
[2.608s] Level 5:colcon.colcon_core.verb:set package 'project_localization' build argument 'cargo_args' from command line to 'None'
[2.608s] Level 5:colcon.colcon_core.verb:set package 'project_localization' build argument 'clean_build' from command line to 'False'
[2.608s] Level 5:colcon.colcon_core.verb:set package 'project_localization' build argument 'cmake_args' from command line to 'None'
[2.608s] Level 5:colcon.colcon_core.verb:set package 'project_localization' build argument 'cmake_target' from command line to 'None'
[2.608s] Level 5:colcon.colcon_core.verb:set package 'project_localization' build argument 'cmake_target_skip_unavailable' from command line to 'False'
[2.608s] Level 5:colcon.colcon_core.verb:set package 'project_localization' build argument 'cmake_clean_cache' from command line to 'False'
[2.608s] Level 5:colcon.colcon_core.verb:set package 'project_localization' build argument 'cmake_clean_first' from command line to 'False'
[2.608s] Level 5:colcon.colcon_core.verb:set package 'project_localization' build argument 'cmake_force_configure' from command line to 'False'
[2.608s] Level 5:colcon.colcon_core.verb:set package 'project_localization' build argument 'ament_cmake_args' from command line to 'None'
[2.608s] Level 5:colcon.colcon_core.verb:set package 'project_localization' build argument 'catkin_cmake_args' from command line to 'None'
[2.608s] Level 5:colcon.colcon_core.verb:set package 'project_localization' build argument 'catkin_skip_building_tests' from command line to 'False'
[2.608s] DEBUG:colcon.colcon_core.verb:Building package 'project_localization' with the following arguments: {'ament_cmake_args': None, 'build_base': '/home/user/ros2_ws/build/project_localization', 'cargo_args': None, 'catkin_cmake_args': None, 'catkin_skip_building_tests': False, 'clean_build': False, 'cmake_args': None, 'cmake_clean_cache': False, 'cmake_clean_first': False, 'cmake_force_configure': False, 'cmake_target': None, 'cmake_target_skip_unavailable': False, 'install_base': '/home/user/ros2_ws/install/project_localization', 'lookup_in_workspace': False, 'merge_install': False, 'path': '/home/user/ros2_ws/src/project_localization', 'symlink_install': False, 'test_result_base': None}
[2.615s] Level 5:colcon.colcon_core.verb:set package 'project_mapping' build argument 'lookup_in_workspace' from command line to 'False'
[2.615s] Level 5:colcon.colcon_core.verb:set package 'project_mapping' build argument 'cargo_args' from command line to 'None'
[2.615s] Level 5:colcon.colcon_core.verb:set package 'project_mapping' build argument 'clean_build' from command line to 'False'
[2.615s] Level 5:colcon.colcon_core.verb:set package 'project_mapping' build argument 'cmake_args' from command line to 'None'
[2.615s] Level 5:colcon.colcon_core.verb:set package 'project_mapping' build argument 'cmake_target' from command line to 'None'
[2.615s] Level 5:colcon.colcon_core.verb:set package 'project_mapping' build argument 'cmake_target_skip_unavailable' from command line to 'False'
[2.615s] Level 5:colcon.colcon_core.verb:set package 'project_mapping' build argument 'cmake_clean_cache' from command line to 'False'
[2.615s] Level 5:colcon.colcon_core.verb:set package 'project_mapping' build argument 'cmake_clean_first' from command line to 'False'
[2.616s] Level 5:colcon.colcon_core.verb:set package 'project_mapping' build argument 'cmake_force_configure' from command line to 'False'
[2.616s] Level 5:colcon.colcon_core.verb:set package 'project_mapping' build argument 'ament_cmake_args' from command line to 'None'
[2.616s] Level 5:colcon.colcon_core.verb:set package 'project_mapping' build argument 'catkin_cmake_args' from command line to 'None'
[2.616s] Level 5:colcon.colcon_core.verb:set package 'project_mapping' build argument 'catkin_skip_building_tests' from command line to 'False'
[2.616s] DEBUG:colcon.colcon_core.verb:Building package 'project_mapping' with the following arguments: {'ament_cmake_args': None, 'build_base': '/home/user/ros2_ws/build/project_mapping', 'cargo_args': None, 'catkin_cmake_args': None, 'catkin_skip_building_tests': False, 'clean_build': False, 'cmake_args': None, 'cmake_clean_cache': False, 'cmake_clean_first': False, 'cmake_force_configure': False, 'cmake_target': None, 'cmake_target_skip_unavailable': False, 'install_base': '/home/user/ros2_ws/install/project_mapping', 'lookup_in_workspace': False, 'merge_install': False, 'path': '/home/user/ros2_ws/src/project_mapping', 'symlink_install': False, 'test_result_base': None}
[2.619s] INFO:colcon.colcon_core.executor:Executing jobs using 'parallel' executor
[2.626s] DEBUG:colcon.colcon_parallel_executor.executor.parallel:run_until_complete
[2.627s] INFO:colcon.colcon_ros.task.ament_cmake.build:Building ROS package in '/home/user/ros2_ws/src/ros2_nav_files/nav2_course' with build type 'ament_cmake'
[2.627s] INFO:colcon.colcon_cmake.task.cmake.build:Building CMake package in '/home/user/ros2_ws/src/ros2_nav_files/nav2_course'
[2.638s] INFO:colcon.colcon_core.plugin_system:Skipping extension 'colcon_core.shell.bat': Not used on non-Windows systems
[2.638s] INFO:colcon.colcon_core.shell:Skip shell extension 'powershell' for command environment: Not usable outside of PowerShell
[2.638s] DEBUG:colcon.colcon_core.shell:Skip shell extension 'dsv' for command environment
[2.695s] INFO:colcon.colcon_ros.task.ament_python.build:Building ROS package in '/home/user/ros2_ws/src/ros2_nav_files/nav2_project' with build type 'ament_python'
[2.715s] Level 1:colcon.colcon_core.shell:create_environment_hook('nav2_project', 'ament_prefix_path')
[2.718s] INFO:colcon.colcon_core.shell:Creating environment hook '/home/user/ros2_ws/install/nav2_project/share/nav2_project/hook/ament_prefix_path.ps1'
[2.720s] INFO:colcon.colcon_core.shell:Creating environment descriptor '/home/user/ros2_ws/install/nav2_project/share/nav2_project/hook/ament_prefix_path.dsv'
[2.720s] INFO:colcon.colcon_core.shell:Creating environment hook '/home/user/ros2_ws/install/nav2_project/share/nav2_project/hook/ament_prefix_path.sh'
[2.724s] INFO:colcon.colcon_core.shell:Skip shell extension 'powershell' for command environment: Not usable outside of PowerShell
[2.729s] DEBUG:colcon.colcon_core.shell:Skip shell extension 'dsv' for command environment
[2.895s] INFO:colcon.colcon_ros.task.ament_python.build:Building ROS package in '/home/user/ros2_ws/src/project_localization' with build type 'ament_python'
[2.899s] Level 1:colcon.colcon_core.shell:create_environment_hook('project_localization', 'ament_prefix_path')
[2.902s] INFO:colcon.colcon_core.shell:Creating environment hook '/home/user/ros2_ws/install/project_localization/share/project_localization/hook/ament_prefix_path.ps1'
[2.904s] INFO:colcon.colcon_core.shell:Creating environment descriptor '/home/user/ros2_ws/install/project_localization/share/project_localization/hook/ament_prefix_path.dsv'
[2.905s] INFO:colcon.colcon_core.shell:Creating environment hook '/home/user/ros2_ws/install/project_localization/share/project_localization/hook/ament_prefix_path.sh'
[2.907s] INFO:colcon.colcon_core.shell:Skip shell extension 'powershell' for command environment: Not usable outside of PowerShell
[2.907s] DEBUG:colcon.colcon_core.shell:Skip shell extension 'dsv' for command environment
[2.924s] INFO:colcon.colcon_ros.task.ament_python.build:Building ROS package in '/home/user/ros2_ws/src/project_mapping' with build type 'ament_python'
[2.924s] Level 1:colcon.colcon_core.shell:create_environment_hook('project_mapping', 'ament_prefix_path')
[2.927s] INFO:colcon.colcon_core.shell:Creating environment hook '/home/user/ros2_ws/install/project_mapping/share/project_mapping/hook/ament_prefix_path.ps1'
[2.931s] INFO:colcon.colcon_core.shell:Creating environment descriptor '/home/user/ros2_ws/install/project_mapping/share/project_mapping/hook/ament_prefix_path.dsv'
[2.931s] INFO:colcon.colcon_core.shell:Creating environment hook '/home/user/ros2_ws/install/project_mapping/share/project_mapping/hook/ament_prefix_path.sh'
[2.934s] INFO:colcon.colcon_core.shell:Skip shell extension 'powershell' for command environment: Not usable outside of PowerShell
[2.934s] DEBUG:colcon.colcon_core.shell:Skip shell extension 'dsv' for command environment
[3.001s] DEBUG:colcon.colcon_core.event_handler.log_command:Invoking command in '/home/user/ros2_ws/build/nav2_course': CMAKE_PREFIX_PATH=${CMAKE_PREFIX_PATH}:/home/simulations/ros2_sims_ws/install/rclrs_tests:/home/simulations/ros2_sims_ws/install/examples_rclrs_minimal_client_service:/home/simulations/ros2_sims_ws/install/sensor_msgs_py:/home/simulations/ros2_sims_ws/install/examples_rclrs_minimal_pub_sub:/home/simulations/ros2_sims_ws/install/examples_rclrs_message_demo:/home/simulations/ros2_sims_ws/install/rclrs:/home/simulations/ros2_sims_ws/install/rosidl_runtime_rs:/home/user/ros2_ws/install/project_mapping:/home/user/ros2_ws/install/project_localization:/home/user/ros2_ws/install/nav2_project:/opt/ros/humble _=/usr/bin/env /usr/bin/cmake --build /home/user/ros2_ws/build/nav2_course -- -j8 -l8
[4.427s] INFO:colcon.colcon_core.task.python.build:Building Python package in '/home/user/ros2_ws/src/ros2_nav_files/nav2_project'
[4.431s] INFO:colcon.colcon_core.shell:Skip shell extension 'powershell' for command environment: Not usable outside of PowerShell
[4.431s] DEBUG:colcon.colcon_core.shell:Skip shell extension 'dsv' for command environment
[5.755s] INFO:colcon.colcon_core.task.python.build:Building Python package in '/home/user/ros2_ws/src/project_localization'
[5.790s] INFO:colcon.colcon_core.shell:Skip shell extension 'powershell' for command environment: Not usable outside of PowerShell
[5.790s] DEBUG:colcon.colcon_core.shell:Skip shell extension 'dsv' for command environment
[7.111s] INFO:colcon.colcon_core.task.python.build:Building Python package in '/home/user/ros2_ws/src/project_mapping'
[7.115s] INFO:colcon.colcon_core.shell:Skip shell extension 'powershell' for command environment: Not usable outside of PowerShell
[7.115s] DEBUG:colcon.colcon_core.shell:Skip shell extension 'dsv' for command environment
[7.206s] DEBUG:colcon.colcon_core.event_handler.log_command:Invoked command in '/home/user/ros2_ws/build/nav2_course' returned '0': CMAKE_PREFIX_PATH=${CMAKE_PREFIX_PATH}:/home/simulations/ros2_sims_ws/install/rclrs_tests:/home/simulations/ros2_sims_ws/install/examples_rclrs_minimal_client_service:/home/simulations/ros2_sims_ws/install/sensor_msgs_py:/home/simulations/ros2_sims_ws/install/examples_rclrs_minimal_pub_sub:/home/simulations/ros2_sims_ws/install/examples_rclrs_message_demo:/home/simulations/ros2_sims_ws/install/rclrs:/home/simulations/ros2_sims_ws/install/rosidl_runtime_rs:/home/user/ros2_ws/install/project_mapping:/home/user/ros2_ws/install/project_localization:/home/user/ros2_ws/install/nav2_project:/opt/ros/humble _=/usr/bin/env /usr/bin/cmake --build /home/user/ros2_ws/build/nav2_course -- -j8 -l8
[7.893s] DEBUG:colcon.colcon_core.event_handler.log_command:Invoking command in '/home/user/ros2_ws/build/nav2_course': CMAKE_PREFIX_PATH=${CMAKE_PREFIX_PATH}:/home/simulations/ros2_sims_ws/install/rclrs_tests:/home/simulations/ros2_sims_ws/install/examples_rclrs_minimal_client_service:/home/simulations/ros2_sims_ws/install/sensor_msgs_py:/home/simulations/ros2_sims_ws/install/examples_rclrs_minimal_pub_sub:/home/simulations/ros2_sims_ws/install/examples_rclrs_message_demo:/home/simulations/ros2_sims_ws/install/rclrs:/home/simulations/ros2_sims_ws/install/rosidl_runtime_rs:/home/user/ros2_ws/install/project_mapping:/home/user/ros2_ws/install/project_localization:/home/user/ros2_ws/install/nav2_project:/opt/ros/humble _=/usr/bin/env /usr/bin/cmake --install /home/user/ros2_ws/build/nav2_course
[8.104s] Level 1:colcon.colcon_core.environment:create_environment_scripts_only(nav2_course)
[8.114s] DEBUG:colcon.colcon_core.event_handler.log_command:Invoked command in '/home/user/ros2_ws/build/nav2_course' returned '0': CMAKE_PREFIX_PATH=${CMAKE_PREFIX_PATH}:/home/simulations/ros2_sims_ws/install/rclrs_tests:/home/simulations/ros2_sims_ws/install/examples_rclrs_minimal_client_service:/home/simulations/ros2_sims_ws/install/sensor_msgs_py:/home/simulations/ros2_sims_ws/install/examples_rclrs_minimal_pub_sub:/home/simulations/ros2_sims_ws/install/examples_rclrs_message_demo:/home/simulations/ros2_sims_ws/install/rclrs:/home/simulations/ros2_sims_ws/install/rosidl_runtime_rs:/home/user/ros2_ws/install/project_mapping:/home/user/ros2_ws/install/project_localization:/home/user/ros2_ws/install/nav2_project:/opt/ros/humble _=/usr/bin/env /usr/bin/cmake --install /home/user/ros2_ws/build/nav2_course
[8.119s] Level 1:colcon.colcon_core.environment:checking '/home/user/ros2_ws/install/nav2_course' for CMake module files
[8.120s] Level 1:colcon.colcon_core.environment:checking '/home/user/ros2_ws/install/nav2_course' for CMake config files
[8.121s] Level 1:colcon.colcon_core.shell:create_environment_hook('nav2_course', 'cmake_prefix_path')
[8.123s] INFO:colcon.colcon_core.shell:Creating environment hook '/home/user/ros2_ws/install/nav2_course/share/nav2_course/hook/cmake_prefix_path.ps1'
[8.207s] INFO:colcon.colcon_core.shell:Creating environment descriptor '/home/user/ros2_ws/install/nav2_course/share/nav2_course/hook/cmake_prefix_path.dsv'
[8.208s] INFO:colcon.colcon_core.shell:Creating environment hook '/home/user/ros2_ws/install/nav2_course/share/nav2_course/hook/cmake_prefix_path.sh'
[8.213s] Level 1:colcon.colcon_core.environment:checking '/home/user/ros2_ws/install/nav2_course/bin'
[8.214s] Level 1:colcon.colcon_core.environment:checking '/home/user/ros2_ws/install/nav2_course/lib/pkgconfig/nav2_course.pc'
[8.214s] Level 1:colcon.colcon_core.environment:checking '/home/user/ros2_ws/install/nav2_course/lib/python3.10/site-packages'
[8.215s] Level 1:colcon.colcon_core.environment:checking '/home/user/ros2_ws/install/nav2_course/bin'
[8.220s] INFO:colcon.colcon_core.shell:Creating package script '/home/user/ros2_ws/install/nav2_course/share/nav2_course/package.ps1'
[8.223s] INFO:colcon.colcon_core.shell:Creating package descriptor '/home/user/ros2_ws/install/nav2_course/share/nav2_course/package.dsv'
[8.224s] INFO:colcon.colcon_core.shell:Creating package script '/home/user/ros2_ws/install/nav2_course/share/nav2_course/package.sh'
[8.225s] INFO:colcon.colcon_core.shell:Creating package script '/home/user/ros2_ws/install/nav2_course/share/nav2_course/package.bash'
[8.226s] INFO:colcon.colcon_core.shell:Creating package script '/home/user/ros2_ws/install/nav2_course/share/nav2_course/package.zsh'
[8.228s] Level 1:colcon.colcon_core.environment:create_file_with_runtime_dependencies(/home/user/ros2_ws/install/nav2_course/share/colcon-core/packages/nav2_course)
[8.815s] Level 1:colcon.colcon_core.environment:create_environment_scripts_only(nav2_course)
[8.820s] Level 1:colcon.colcon_core.environment:checking '/home/user/ros2_ws/install/nav2_course' for CMake module files
[8.821s] Level 1:colcon.colcon_core.environment:checking '/home/user/ros2_ws/install/nav2_course' for CMake config files
[8.821s] Level 1:colcon.colcon_core.shell:create_environment_hook('nav2_course', 'cmake_prefix_path')
[8.824s] INFO:colcon.colcon_core.shell:Creating environment hook '/home/user/ros2_ws/install/nav2_course/share/nav2_course/hook/cmake_prefix_path.ps1'
[8.825s] INFO:colcon.colcon_core.shell:Creating environment descriptor '/home/user/ros2_ws/install/nav2_course/share/nav2_course/hook/cmake_prefix_path.dsv'
[8.828s] INFO:colcon.colcon_core.shell:Creating environment hook '/home/user/ros2_ws/install/nav2_course/share/nav2_course/hook/cmake_prefix_path.sh'
[8.828s] Level 1:colcon.colcon_core.environment:checking '/home/user/ros2_ws/install/nav2_course/bin'
[8.829s] Level 1:colcon.colcon_core.environment:checking '/home/user/ros2_ws/install/nav2_course/lib/pkgconfig/nav2_course.pc'
[8.829s] Level 1:colcon.colcon_core.environment:checking '/home/user/ros2_ws/install/nav2_course/lib/python3.10/site-packages'
[8.829s] Level 1:colcon.colcon_core.environment:checking '/home/user/ros2_ws/install/nav2_course/bin'
[8.888s] INFO:colcon.colcon_core.shell:Creating package script '/home/user/ros2_ws/install/nav2_course/share/nav2_course/package.ps1'
[8.889s] INFO:colcon.colcon_core.shell:Creating package descriptor '/home/user/ros2_ws/install/nav2_course/share/nav2_course/package.dsv'
[8.890s] INFO:colcon.colcon_core.shell:Creating package script '/home/user/ros2_ws/install/nav2_course/share/nav2_course/package.sh'
[8.891s] INFO:colcon.colcon_core.shell:Creating package script '/home/user/ros2_ws/install/nav2_course/share/nav2_course/package.bash'
[8.891s] INFO:colcon.colcon_core.shell:Creating package script '/home/user/ros2_ws/install/nav2_course/share/nav2_course/package.zsh'
[8.892s] Level 1:colcon.colcon_core.environment:create_file_with_runtime_dependencies(/home/user/ros2_ws/install/nav2_course/share/colcon-core/packages/nav2_course)
[9.795s] DEBUG:colcon.colcon_core.event_handler.log_command:Invoking command in '/home/user/ros2_ws/src/project_localization': PYTHONPATH=/home/user/ros2_ws/build/project_localization/prefix_override:/home/user/ros2_ws/install/project_localization/lib/python3.10/site-packages:${PYTHONPATH} _=/usr/bin/env /usr/bin/python3 setup.py egg_info --egg-base ../../build/project_localization build --build-base /home/user/ros2_ws/build/project_localization/build install --record /home/user/ros2_ws/build/project_localization/install.log --single-version-externally-managed
[9.807s] DEBUG:colcon.colcon_core.event_handler.log_command:Invoking command in '/home/user/ros2_ws/src/project_mapping': PYTHONPATH=/home/user/ros2_ws/build/project_mapping/prefix_override:/home/user/ros2_ws/install/project_mapping/lib/python3.10/site-packages:${PYTHONPATH} _=/usr/bin/env /usr/bin/python3 setup.py egg_info --egg-base ../../build/project_mapping build --build-base /home/user/ros2_ws/build/project_mapping/build install --record /home/user/ros2_ws/build/project_mapping/install.log --single-version-externally-managed
[9.901s] DEBUG:colcon.colcon_core.event_handler.log_command:Invoking command in '/home/user/ros2_ws/src/ros2_nav_files/nav2_project': PYTHONPATH=/home/user/ros2_ws/build/nav2_project/prefix_override:/home/user/ros2_ws/install/nav2_project/lib/python3.10/site-packages:${PYTHONPATH} _=/usr/bin/env /usr/bin/python3 setup.py egg_info --egg-base ../../../build/nav2_project build --build-base /home/user/ros2_ws/build/nav2_project/build install --record /home/user/ros2_ws/build/nav2_project/install.log --install-scripts $base/lib/nav2_project --single-version-externally-managed
[11.906s] Level 1:colcon.colcon_core.environment:checking '/home/user/ros2_ws/install/project_localization' for CMake module files
[11.907s] DEBUG:colcon.colcon_core.event_handler.log_command:Invoked command in '/home/user/ros2_ws/src/project_localization' returned '0': PYTHONPATH=/home/user/ros2_ws/build/project_localization/prefix_override:/home/user/ros2_ws/install/project_localization/lib/python3.10/site-packages:${PYTHONPATH} _=/usr/bin/env /usr/bin/python3 setup.py egg_info --egg-base ../../build/project_localization build --build-base /home/user/ros2_ws/build/project_localization/build install --record /home/user/ros2_ws/build/project_localization/install.log --single-version-externally-managed
[11.912s] Level 1:colcon.colcon_core.environment:checking '/home/user/ros2_ws/install/project_localization' for CMake config files
[11.912s] Level 1:colcon.colcon_core.environment:checking '/home/user/ros2_ws/install/project_localization/lib'
[11.913s] Level 1:colcon.colcon_core.environment:checking '/home/user/ros2_ws/install/project_localization/bin'
[11.913s] Level 1:colcon.colcon_core.environment:checking '/home/user/ros2_ws/install/project_localization/lib/pkgconfig/project_localization.pc'
[11.913s] Level 1:colcon.colcon_core.environment:checking '/home/user/ros2_ws/install/project_localization/lib/python3.10/site-packages'
[11.913s] Level 1:colcon.colcon_core.shell:create_environment_hook('project_localization', 'pythonpath')
[11.915s] INFO:colcon.colcon_core.shell:Creating environment hook '/home/user/ros2_ws/install/project_localization/share/project_localization/hook/pythonpath.ps1'
[11.916s] INFO:colcon.colcon_core.shell:Creating environment descriptor '/home/user/ros2_ws/install/project_localization/share/project_localization/hook/pythonpath.dsv'
[11.917s] INFO:colcon.colcon_core.shell:Creating environment hook '/home/user/ros2_ws/install/project_localization/share/project_localization/hook/pythonpath.sh'
[11.917s] Level 1:colcon.colcon_core.environment:checking '/home/user/ros2_ws/install/project_localization/bin'
[11.917s] Level 1:colcon.colcon_core.environment:create_environment_scripts_only(project_localization)
[11.919s] INFO:colcon.colcon_core.shell:Creating package script '/home/user/ros2_ws/install/project_localization/share/project_localization/package.ps1'
[11.920s] INFO:colcon.colcon_core.shell:Creating package descriptor '/home/user/ros2_ws/install/project_localization/share/project_localization/package.dsv'
[11.920s] INFO:colcon.colcon_core.shell:Creating package script '/home/user/ros2_ws/install/project_localization/share/project_localization/package.sh'
[11.921s] INFO:colcon.colcon_core.shell:Creating package script '/home/user/ros2_ws/install/project_localization/share/project_localization/package.bash'
[11.922s] INFO:colcon.colcon_core.shell:Creating package script '/home/user/ros2_ws/install/project_localization/share/project_localization/package.zsh'
[11.922s] Level 1:colcon.colcon_core.environment:create_file_with_runtime_dependencies(/home/user/ros2_ws/install/project_localization/share/colcon-core/packages/project_localization)
[11.927s] Level 1:colcon.colcon_core.environment:checking '/home/user/ros2_ws/install/project_mapping' for CMake module files
[11.927s] DEBUG:colcon.colcon_core.event_handler.log_command:Invoked command in '/home/user/ros2_ws/src/project_mapping' returned '0': PYTHONPATH=/home/user/ros2_ws/build/project_mapping/prefix_override:/home/user/ros2_ws/install/project_mapping/lib/python3.10/site-packages:${PYTHONPATH} _=/usr/bin/env /usr/bin/python3 setup.py egg_info --egg-base ../../build/project_mapping build --build-base /home/user/ros2_ws/build/project_mapping/build install --record /home/user/ros2_ws/build/project_mapping/install.log --single-version-externally-managed
[11.929s] Level 1:colcon.colcon_core.environment:checking '/home/user/ros2_ws/install/project_mapping' for CMake config files
[11.929s] Level 1:colcon.colcon_core.environment:checking '/home/user/ros2_ws/install/project_mapping/lib'
[11.929s] Level 1:colcon.colcon_core.environment:checking '/home/user/ros2_ws/install/project_mapping/bin'
[11.930s] Level 1:colcon.colcon_core.environment:checking '/home/user/ros2_ws/install/project_mapping/lib/pkgconfig/project_mapping.pc'
[11.988s] Level 1:colcon.colcon_core.environment:checking '/home/user/ros2_ws/install/project_mapping/lib/python3.10/site-packages'
[11.988s] Level 1:colcon.colcon_core.shell:create_environment_hook('project_mapping', 'pythonpath')
[11.990s] INFO:colcon.colcon_core.shell:Creating environment hook '/home/user/ros2_ws/install/project_mapping/share/project_mapping/hook/pythonpath.ps1'
[11.991s] INFO:colcon.colcon_core.shell:Creating environment descriptor '/home/user/ros2_ws/install/project_mapping/share/project_mapping/hook/pythonpath.dsv'
[11.992s] INFO:colcon.colcon_core.shell:Creating environment hook '/home/user/ros2_ws/install/project_mapping/share/project_mapping/hook/pythonpath.sh'
[11.993s] Level 1:colcon.colcon_core.environment:checking '/home/user/ros2_ws/install/project_mapping/bin'
[11.993s] Level 1:colcon.colcon_core.environment:create_environment_scripts_only(project_mapping)
[11.996s] INFO:colcon.colcon_core.shell:Creating package script '/home/user/ros2_ws/install/project_mapping/share/project_mapping/package.ps1'
[11.997s] INFO:colcon.colcon_core.shell:Creating package descriptor '/home/user/ros2_ws/install/project_mapping/share/project_mapping/package.dsv'
[11.998s] INFO:colcon.colcon_core.shell:Creating package script '/home/user/ros2_ws/install/project_mapping/share/project_mapping/package.sh'
[11.998s] INFO:colcon.colcon_core.shell:Creating package script '/home/user/ros2_ws/install/project_mapping/share/project_mapping/package.bash'
[11.999s] INFO:colcon.colcon_core.shell:Creating package script '/home/user/ros2_ws/install/project_mapping/share/project_mapping/package.zsh'
[12.000s] Level 1:colcon.colcon_core.environment:create_file_with_runtime_dependencies(/home/user/ros2_ws/install/project_mapping/share/colcon-core/packages/project_mapping)
[12.095s] DEBUG:colcon.colcon_core.event_handler.log_command:Invoked command in '/home/user/ros2_ws/src/ros2_nav_files/nav2_project' returned '0': PYTHONPATH=/home/user/ros2_ws/build/nav2_project/prefix_override:/home/user/ros2_ws/install/nav2_project/lib/python3.10/site-packages:${PYTHONPATH} _=/usr/bin/env /usr/bin/python3 setup.py egg_info --egg-base ../../../build/nav2_project build --build-base /home/user/ros2_ws/build/nav2_project/build install --record /home/user/ros2_ws/build/nav2_project/install.log --install-scripts $base/lib/nav2_project --single-version-externally-managed
[12.106s] Level 1:colcon.colcon_core.environment:checking '/home/user/ros2_ws/install/nav2_project' for CMake module files
[12.108s] Level 1:colcon.colcon_core.environment:checking '/home/user/ros2_ws/install/nav2_project' for CMake config files
[12.110s] Level 1:colcon.colcon_core.environment:checking '/home/user/ros2_ws/install/nav2_project/lib'
[12.110s] Level 1:colcon.colcon_core.environment:checking '/home/user/ros2_ws/install/nav2_project/bin'
[12.111s] Level 1:colcon.colcon_core.environment:checking '/home/user/ros2_ws/install/nav2_project/lib/pkgconfig/nav2_project.pc'
[12.111s] Level 1:colcon.colcon_core.environment:checking '/home/user/ros2_ws/install/nav2_project/lib/python3.10/site-packages'
[12.112s] Level 1:colcon.colcon_core.shell:create_environment_hook('nav2_project', 'pythonpath')
[12.116s] INFO:colcon.colcon_core.shell:Creating environment hook '/home/user/ros2_ws/install/nav2_project/share/nav2_project/hook/pythonpath.ps1'
[12.119s] INFO:colcon.colcon_core.shell:Creating environment descriptor '/home/user/ros2_ws/install/nav2_project/share/nav2_project/hook/pythonpath.dsv'
[12.120s] INFO:colcon.colcon_core.shell:Creating environment hook '/home/user/ros2_ws/install/nav2_project/share/nav2_project/hook/pythonpath.sh'
[12.121s] Level 1:colcon.colcon_core.environment:checking '/home/user/ros2_ws/install/nav2_project/bin'
[12.122s] Level 1:colcon.colcon_core.environment:create_environment_scripts_only(nav2_project)
[12.191s] INFO:colcon.colcon_core.shell:Creating package script '/home/user/ros2_ws/install/nav2_project/share/nav2_project/package.ps1'
[12.192s] INFO:colcon.colcon_core.shell:Creating package descriptor '/home/user/ros2_ws/install/nav2_project/share/nav2_project/package.dsv'
[12.193s] INFO:colcon.colcon_core.shell:Creating package script '/home/user/ros2_ws/install/nav2_project/share/nav2_project/package.sh'
[12.194s] INFO:colcon.colcon_core.shell:Creating package script '/home/user/ros2_ws/install/nav2_project/share/nav2_project/package.bash'
[12.195s] INFO:colcon.colcon_core.shell:Creating package script '/home/user/ros2_ws/install/nav2_project/share/nav2_project/package.zsh'
[12.196s] Level 1:colcon.colcon_core.environment:create_file_with_runtime_dependencies(/home/user/ros2_ws/install/nav2_project/share/colcon-core/packages/nav2_project)
[12.200s] DEBUG:colcon.colcon_parallel_executor.executor.parallel:closing loop
[12.200s] DEBUG:colcon.colcon_parallel_executor.executor.parallel:loop closed
[12.200s] DEBUG:colcon.colcon_parallel_executor.executor.parallel:run_until_complete finished with '0'
[12.200s] DEBUG:colcon.colcon_core.event_reactor:joining thread
[12.214s] INFO:colcon.colcon_core.plugin_system:Skipping extension 'colcon_notification.desktop_notification.notify_send': Could not find 'notify-send'
[12.214s] INFO:colcon.colcon_core.plugin_system:Skipping extension 'colcon_notification.desktop_notification.terminal_notifier': Not used on non-Darwin systems
[12.214s] INFO:colcon.colcon_core.plugin_system:Skipping extension 'colcon_notification.desktop_notification.win32': Not used on non-Windows systems
[12.215s] INFO:colcon.colcon_notification.desktop_notification:Sending desktop notification using 'notify2'
[12.218s] DEBUG:colcon.colcon_notification.desktop_notification.notify2:Failed to initialize notify2: org.freedesktop.DBus.Error.Spawn.ExecFailed: /usr/bin/dbus-launch terminated abnormally without any error message
[12.218s] DEBUG:colcon.colcon_core.event_reactor:joined thread
[12.223s] INFO:colcon.colcon_core.shell:Creating prefix script '/home/user/ros2_ws/install/local_setup.ps1'
[12.225s] INFO:colcon.colcon_core.shell:Creating prefix util module '/home/user/ros2_ws/install/_local_setup_util_ps1.py'
[12.228s] INFO:colcon.colcon_core.shell:Creating prefix chain script '/home/user/ros2_ws/install/setup.ps1'
[12.234s] INFO:colcon.colcon_core.shell:Creating prefix script '/home/user/ros2_ws/install/local_setup.sh'
[12.234s] INFO:colcon.colcon_core.shell:Creating prefix util module '/home/user/ros2_ws/install/_local_setup_util_sh.py'
[12.235s] INFO:colcon.colcon_core.shell:Creating prefix chain script '/home/user/ros2_ws/install/setup.sh'
[12.245s] INFO:colcon.colcon_core.shell:Creating prefix script '/home/user/ros2_ws/install/local_setup.bash'
[12.246s] INFO:colcon.colcon_core.shell:Creating prefix chain script '/home/user/ros2_ws/install/setup.bash'
[12.252s] INFO:colcon.colcon_core.shell:Creating prefix script '/home/user/ros2_ws/install/local_setup.zsh'
[12.252s] INFO:colcon.colcon_core.shell:Creating prefix chain script '/home/user/ros2_ws/install/setup.zsh'
