[10.883s] Invoking command in '/home/user/ros2_ws/src/project_mapping': PYTHONPATH=/home/user/ros2_ws/build/project_mapping/prefix_override:/home/user/ros2_ws/install/project_mapping/lib/python3.10/site-packages:${PYTHONPATH} _=/usr/bin/env /usr/bin/python3 setup.py egg_info --egg-base ../../build/project_mapping build --build-base /home/user/ros2_ws/build/project_mapping/build install --record /home/user/ros2_ws/build/project_mapping/install.log --single-version-externally-managed
[13.643s] running egg_info
[13.644s] writing ../../build/project_mapping/project_mapping.egg-info/PKG-INFO
[13.645s] writing dependency_links to ../../build/project_mapping/project_mapping.egg-info/dependency_links.txt
[13.645s] writing entry points to ../../build/project_mapping/project_mapping.egg-info/entry_points.txt
[13.645s] writing requirements to ../../build/project_mapping/project_mapping.egg-info/requires.txt
[13.645s] writing top-level names to ../../build/project_mapping/project_mapping.egg-info/top_level.txt
[13.649s] reading manifest file '../../build/project_mapping/project_mapping.egg-info/SOURCES.txt'
[13.652s] writing manifest file '../../build/project_mapping/project_mapping.egg-info/SOURCES.txt'
[13.653s] running build
[13.653s] running build_py
[13.653s] running install
[13.653s] /usr/lib/python3/dist-packages/setuptools/command/install.py:34: SetuptoolsDeprecationWarning: setup.py install is deprecated. Use build and pip and other standards-based tools.
[13.655s]   warnings.warn(
[13.656s] running install_lib
[13.657s] running install_data
[13.658s] running install_egg_info
[13.664s] removing '/home/user/ros2_ws/install/project_mapping/lib/python3.10/site-packages/project_mapping-0.0.0-py3.10.egg-info' (and everything under it)
[13.664s] Copying ../../build/project_mapping/project_mapping.egg-info to /home/user/ros2_ws/install/project_mapping/lib/python3.10/site-packages/project_mapping-0.0.0-py3.10.egg-info
[13.665s] running install_scripts
[13.755s] writing list of installed files to '/home/user/ros2_ws/build/project_mapping/install.log'
[13.949s] Invoked command in '/home/user/ros2_ws/src/project_mapping' returned '0': PYTHONPATH=/home/user/ros2_ws/build/project_mapping/prefix_override:/home/user/ros2_ws/install/project_mapping/lib/python3.10/site-packages:${PYTHONPATH} _=/usr/bin/env /usr/bin/python3 setup.py egg_info --egg-base ../../build/project_mapping build --build-base /home/user/ros2_ws/build/project_mapping/build install --record /home/user/ros2_ws/build/project_mapping/install.log --single-version-externally-managed
