[13.965s] Invoking command in '/home/user/ros2_ws/src/ros2_nav_files/nav2_project': PYTHONPATH=/home/user/ros2_ws/build/nav2_project/prefix_override:/home/user/ros2_ws/install/nav2_project/lib/python3.10/site-packages:${PYTHONPATH} _=/usr/bin/env /usr/bin/python3 setup.py egg_info --egg-base ../../../build/nav2_project build --build-base /home/user/ros2_ws/build/nav2_project/build install --record /home/user/ros2_ws/build/nav2_project/install.log --install-scripts $base/lib/nav2_project --single-version-externally-managed
[16.237s] /usr/lib/python3/dist-packages/setuptools/dist.py:723: UserWarning: Usage of dash-separated 'script-dir' will not be supported in future versions. Please use the underscore name 'script_dir' instead
[16.237s]   warnings.warn(
[16.267s] running egg_info
[16.326s] writing ../../../build/nav2_project/nav2_project.egg-info/PKG-INFO
[16.326s] writing dependency_links to ../../../build/nav2_project/nav2_project.egg-info/dependency_links.txt
[16.326s] writing entry points to ../../../build/nav2_project/nav2_project.egg-info/entry_points.txt
[16.326s] writing requirements to ../../../build/nav2_project/nav2_project.egg-info/requires.txt
[16.330s] writing top-level names to ../../../build/nav2_project/nav2_project.egg-info/top_level.txt
[16.334s] reading manifest file '../../../build/nav2_project/nav2_project.egg-info/SOURCES.txt'
[16.337s] writing manifest file '../../../build/nav2_project/nav2_project.egg-info/SOURCES.txt'
[16.337s] running build
[16.338s] running build_py
[16.339s] running install
[16.339s] /usr/lib/python3/dist-packages/setuptools/command/install.py:34: SetuptoolsDeprecationWarning: setup.py install is deprecated. Use build and pip and other standards-based tools.
[16.340s]   warnings.warn(
[16.342s] running install_lib
[16.350s] running install_data
[16.352s] running install_egg_info
[16.423s] removing '/home/user/ros2_ws/install/nav2_project/lib/python3.10/site-packages/nav2_project-0.0.0-py3.10.egg-info' (and everything under it)
[16.424s] Copying ../../../build/nav2_project/nav2_project.egg-info to /home/user/ros2_ws/install/nav2_project/lib/python3.10/site-packages/nav2_project-0.0.0-py3.10.egg-info
[16.425s] running install_scripts
[16.553s] Installing go_to_pose script to /home/user/ros2_ws/install/nav2_project/lib/nav2_project
[16.554s] Installing spot_recorder script to /home/user/ros2_ws/install/nav2_project/lib/nav2_project
[16.561s] writing list of installed files to '/home/user/ros2_ws/build/nav2_project/install.log'
[16.658s] Invoked command in '/home/user/ros2_ws/src/ros2_nav_files/nav2_project' returned '0': PYTHONPATH=/home/user/ros2_ws/build/nav2_project/prefix_override:/home/user/ros2_ws/install/nav2_project/lib/python3.10/site-packages:${PYTHONPATH} _=/usr/bin/env /usr/bin/python3 setup.py egg_info --egg-base ../../../build/nav2_project build --build-base /home/user/ros2_ws/build/nav2_project/build install --record /home/user/ros2_ws/build/nav2_project/install.log --install-scripts $base/lib/nav2_project --single-version-externally-managed
