[3.644s] Invoking command in '/home/user/ros2_ws/src/project_mapping': PYTHONPATH=/home/user/ros2_ws/build/project_mapping/prefix_override:/home/user/ros2_ws/install/project_mapping/lib/python3.10/site-packages:${PYTHONPATH} _=/usr/bin/env /usr/bin/python3 setup.py egg_info --egg-base ../../build/project_mapping build --build-base /home/user/ros2_ws/build/project_mapping/build install --record /home/user/ros2_ws/build/project_mapping/install.log --single-version-externally-managed
[4.684s] running egg_info
[4.738s] writing ../../build/project_mapping/project_mapping.egg-info/PKG-INFO
[4.738s] writing dependency_links to ../../build/project_mapping/project_mapping.egg-info/dependency_links.txt
[4.738s] writing entry points to ../../build/project_mapping/project_mapping.egg-info/entry_points.txt
[4.738s] writing requirements to ../../build/project_mapping/project_mapping.egg-info/requires.txt
[4.738s] writing top-level names to ../../build/project_mapping/project_mapping.egg-info/top_level.txt
[4.741s] reading manifest file '../../build/project_mapping/project_mapping.egg-info/SOURCES.txt'
[4.742s] writing manifest file '../../build/project_mapping/project_mapping.egg-info/SOURCES.txt'
[4.742s] running build
[4.743s] running build_py
[4.743s] running install
[4.743s] /usr/lib/python3/dist-packages/setuptools/command/install.py:34: SetuptoolsDeprecationWarning: setup.py install is deprecated. Use build and pip and other standards-based tools.
[4.743s]   warnings.warn(
[4.743s] running install_lib
[4.745s] running install_data
[4.746s] copying config/turtlebot_area_real.pgm -> /home/user/ros2_ws/install/project_mapping/share/project_mapping/config
[4.746s] running install_egg_info
[4.749s] removing '/home/user/ros2_ws/install/project_mapping/lib/python3.10/site-packages/project_mapping-0.0.0-py3.10.egg-info' (and everything under it)
[4.750s] Copying ../../build/project_mapping/project_mapping.egg-info to /home/user/ros2_ws/install/project_mapping/lib/python3.10/site-packages/project_mapping-0.0.0-py3.10.egg-info
[4.751s] running install_scripts
[4.861s] writing list of installed files to '/home/user/ros2_ws/build/project_mapping/install.log'
[4.948s] Invoked command in '/home/user/ros2_ws/src/project_mapping' returned '0': PYTHONPATH=/home/user/ros2_ws/build/project_mapping/prefix_override:/home/user/ros2_ws/install/project_mapping/lib/python3.10/site-packages:${PYTHONPATH} _=/usr/bin/env /usr/bin/python3 setup.py egg_info --egg-base ../../build/project_mapping build --build-base /home/user/ros2_ws/build/project_mapping/build install --record /home/user/ros2_ws/build/project_mapping/install.log --single-version-externally-managed
