[11.502s] Invoking command in '/home/user/ros2_ws/src/project_mapping': PYTHONPATH=/home/user/ros2_ws/build/project_mapping/prefix_override:/home/user/ros2_ws/install/project_mapping/lib/python3.10/site-packages:${PYTHONPATH} _=/usr/bin/env /usr/bin/python3 setup.py egg_info --egg-base ../../build/project_mapping build --build-base /home/user/ros2_ws/build/project_mapping/build install --record /home/user/ros2_ws/build/project_mapping/install.log --single-version-externally-managed
[14.205s] running egg_info
[14.207s] writing ../../build/project_mapping/project_mapping.egg-info/PKG-INFO
[14.208s] writing dependency_links to ../../build/project_mapping/project_mapping.egg-info/dependency_links.txt
[14.208s] writing entry points to ../../build/project_mapping/project_mapping.egg-info/entry_points.txt
[14.208s] writing requirements to ../../build/project_mapping/project_mapping.egg-info/requires.txt
[14.209s] writing top-level names to ../../build/project_mapping/project_mapping.egg-info/top_level.txt
[14.212s] reading manifest file '../../build/project_mapping/project_mapping.egg-info/SOURCES.txt'
[14.214s] writing manifest file '../../build/project_mapping/project_mapping.egg-info/SOURCES.txt'
[14.214s] running build
[14.215s] running build_py
[14.215s] running install
[14.216s] /usr/lib/python3/dist-packages/setuptools/command/install.py:34: SetuptoolsDeprecationWarning: setup.py install is deprecated. Use build and pip and other standards-based tools.
[14.216s]   warnings.warn(
[14.217s] running install_lib
[14.219s] running install_data
[14.221s] running install_egg_info
[14.225s] removing '/home/user/ros2_ws/install/project_mapping/lib/python3.10/site-packages/project_mapping-0.0.0-py3.10.egg-info' (and everything under it)
[14.226s] Copying ../../build/project_mapping/project_mapping.egg-info to /home/user/ros2_ws/install/project_mapping/lib/python3.10/site-packages/project_mapping-0.0.0-py3.10.egg-info
[14.228s] running install_scripts
[14.398s] writing list of installed files to '/home/user/ros2_ws/build/project_mapping/install.log'
[14.524s] Invoked command in '/home/user/ros2_ws/src/project_mapping' returned '0': PYTHONPATH=/home/user/ros2_ws/build/project_mapping/prefix_override:/home/user/ros2_ws/install/project_mapping/lib/python3.10/site-packages:${PYTHONPATH} _=/usr/bin/env /usr/bin/python3 setup.py egg_info --egg-base ../../build/project_mapping build --build-base /home/user/ros2_ws/build/project_mapping/build install --record /home/user/ros2_ws/build/project_mapping/install.log --single-version-externally-managed
