[12.005s] Invoking command in '/home/user/ros2_ws/src/path_planner_server': PYTHONPATH=/home/user/ros2_ws/build/path_planner_server/prefix_override:/home/user/ros2_ws/install/path_planner_server/lib/python3.10/site-packages:${PYTHONPATH} _=/usr/bin/env /usr/bin/python3 setup.py egg_info --egg-base ../../build/path_planner_server build --build-base /home/user/ros2_ws/build/path_planner_server/build install --record /home/user/ros2_ws/build/path_planner_server/install.log --single-version-externally-managed
[14.021s] running egg_info
[14.023s] writing ../../build/path_planner_server/path_planner_server.egg-info/PKG-INFO
[14.023s] writing dependency_links to ../../build/path_planner_server/path_planner_server.egg-info/dependency_links.txt
[14.023s] writing entry points to ../../build/path_planner_server/path_planner_server.egg-info/entry_points.txt
[14.023s] writing requirements to ../../build/path_planner_server/path_planner_server.egg-info/requires.txt
[14.024s] writing top-level names to ../../build/path_planner_server/path_planner_server.egg-info/top_level.txt
[14.097s] /usr/lib/python3/dist-packages/setuptools/command/install.py:34: SetuptoolsDeprecationWarning: setup.py install is deprecated. Use build and pip and other standards-based tools.
[14.097s]   warnings.warn(
[14.101s] reading manifest file '../../build/path_planner_server/path_planner_server.egg-info/SOURCES.txt'
[14.102s] writing manifest file '../../build/path_planner_server/path_planner_server.egg-info/SOURCES.txt'
[14.102s] running build
[14.102s] running build_py
[14.103s] copying path_planner_server/nav_to_pose_action_client copy.py -> /home/user/ros2_ws/build/path_planner_server/build/lib/path_planner_server
[14.103s] running install
[14.103s] running install_lib
[14.103s] copying /home/user/ros2_ws/build/path_planner_server/build/lib/path_planner_server/nav_to_pose_action_client copy.py -> /home/user/ros2_ws/install/path_planner_server/lib/python3.10/site-packages/path_planner_server
[14.104s] byte-compiling /home/user/ros2_ws/install/path_planner_server/lib/python3.10/site-packages/path_planner_server/nav_to_pose_action_client copy.py to nav_to_pose_action_client copy.cpython-310.pyc
[14.104s] running install_data
[14.105s] running install_egg_info
[14.109s] removing '/home/user/ros2_ws/install/path_planner_server/lib/python3.10/site-packages/path_planner_server-0.0.0-py3.10.egg-info' (and everything under it)
[14.110s] Copying ../../build/path_planner_server/path_planner_server.egg-info to /home/user/ros2_ws/install/path_planner_server/lib/python3.10/site-packages/path_planner_server-0.0.0-py3.10.egg-info
[14.112s] running install_scripts
[14.311s] Installing nav_to_pose script to /home/user/ros2_ws/install/path_planner_server/lib/path_planner_server
[14.311s] Installing nav_to_pose2 script to /home/user/ros2_ws/install/path_planner_server/lib/path_planner_server
[14.312s] writing list of installed files to '/home/user/ros2_ws/build/path_planner_server/install.log'
[14.614s] Invoked command in '/home/user/ros2_ws/src/path_planner_server' returned '0': PYTHONPATH=/home/user/ros2_ws/build/path_planner_server/prefix_override:/home/user/ros2_ws/install/path_planner_server/lib/python3.10/site-packages:${PYTHONPATH} _=/usr/bin/env /usr/bin/python3 setup.py egg_info --egg-base ../../build/path_planner_server build --build-base /home/user/ros2_ws/build/path_planner_server/build install --record /home/user/ros2_ws/build/path_planner_server/install.log --single-version-externally-managed
