[13.892s] Invoking command in '/home/user/ros2_ws/src/path_planner_server': PYTHONPATH=/home/user/ros2_ws/build/path_planner_server/prefix_override:/home/user/ros2_ws/install/path_planner_server/lib/python3.10/site-packages:${PYTHONPATH} _=/usr/bin/env /usr/bin/python3 setup.py egg_info --egg-base ../../build/path_planner_server build --build-base /home/user/ros2_ws/build/path_planner_server/build install --record /home/user/ros2_ws/build/path_planner_server/install.log --single-version-externally-managed
[16.209s] running egg_info
[16.210s] writing ../../build/path_planner_server/path_planner_server.egg-info/PKG-INFO
[16.210s] writing dependency_links to ../../build/path_planner_server/path_planner_server.egg-info/dependency_links.txt
[16.211s] writing entry points to ../../build/path_planner_server/path_planner_server.egg-info/entry_points.txt
[16.218s] writing requirements to ../../build/path_planner_server/path_planner_server.egg-info/requires.txt
[16.221s] writing top-level names to ../../build/path_planner_server/path_planner_server.egg-info/top_level.txt
[16.226s] reading manifest file '../../build/path_planner_server/path_planner_server.egg-info/SOURCES.txt'
[16.230s] writing manifest file '../../build/path_planner_server/path_planner_server.egg-info/SOURCES.txt'
[16.231s] running build
[16.231s] running build_py
[16.231s] copying path_planner_server/nav_to_pose_action_client.py -> /home/user/ros2_ws/build/path_planner_server/build/lib/path_planner_server
[16.232s] running install
[16.233s] /usr/lib/python3/dist-packages/setuptools/command/install.py:34: SetuptoolsDeprecationWarning: setup.py install is deprecated. Use build and pip and other standards-based tools.
[16.233s]   warnings.warn(
[16.234s] running install_lib
[16.288s] copying /home/user/ros2_ws/build/path_planner_server/build/lib/path_planner_server/nav_to_pose_action_client.py -> /home/user/ros2_ws/install/path_planner_server/lib/python3.10/site-packages/path_planner_server
[16.288s] byte-compiling /home/user/ros2_ws/install/path_planner_server/lib/python3.10/site-packages/path_planner_server/nav_to_pose_action_client.py to nav_to_pose_action_client.cpython-310.pyc
[16.289s] running install_data
[16.289s] running install_egg_info
[16.296s] removing '/home/user/ros2_ws/install/path_planner_server/lib/python3.10/site-packages/path_planner_server-0.0.0-py3.10.egg-info' (and everything under it)
[16.296s] Copying ../../build/path_planner_server/path_planner_server.egg-info to /home/user/ros2_ws/install/path_planner_server/lib/python3.10/site-packages/path_planner_server-0.0.0-py3.10.egg-info
[16.298s] running install_scripts
[16.520s] Installing nav_to_pose script to /home/user/ros2_ws/install/path_planner_server/lib/path_planner_server
[16.520s] writing list of installed files to '/home/user/ros2_ws/build/path_planner_server/install.log'
[16.714s] Invoked command in '/home/user/ros2_ws/src/path_planner_server' returned '0': PYTHONPATH=/home/user/ros2_ws/build/path_planner_server/prefix_override:/home/user/ros2_ws/install/path_planner_server/lib/python3.10/site-packages:${PYTHONPATH} _=/usr/bin/env /usr/bin/python3 setup.py egg_info --egg-base ../../build/path_planner_server build --build-base /home/user/ros2_ws/build/path_planner_server/build install --record /home/user/ros2_ws/build/path_planner_server/install.log --single-version-externally-managed
