[0.176s] Invoking command in '/home/user/ros2_ws/build/nav2_course': CMAKE_PREFIX_PATH=${CMAKE_PREFIX_PATH}:/home/simulations/ros2_sims_ws/install/rclrs_tests:/home/simulations/ros2_sims_ws/install/examples_rclrs_minimal_client_service:/home/simulations/ros2_sims_ws/install/sensor_msgs_py:/home/simulations/ros2_sims_ws/install/examples_rclrs_minimal_pub_sub:/home/simulations/ros2_sims_ws/install/examples_rclrs_message_demo:/home/simulations/ros2_sims_ws/install/rclrs:/home/simulations/ros2_sims_ws/install/rosidl_runtime_rs:/home/user/ros2_ws/install/project_mapping:/home/user/ros2_ws/install/project_localization:/home/user/ros2_ws/install/path_planner_server:/home/user/ros2_ws/install/nav2_project:/opt/ros/humble _=/usr/bin/env /usr/bin/cmake --build /home/user/ros2_ws/build/nav2_course -- -j8 -l8
[5.237s] Invoked command in '/home/user/ros2_ws/build/nav2_course' returned '0': CMAKE_PREFIX_PATH=${CMAKE_PREFIX_PATH}:/home/simulations/ros2_sims_ws/install/rclrs_tests:/home/simulations/ros2_sims_ws/install/examples_rclrs_minimal_client_service:/home/simulations/ros2_sims_ws/install/sensor_msgs_py:/home/simulations/ros2_sims_ws/install/examples_rclrs_minimal_pub_sub:/home/simulations/ros2_sims_ws/install/examples_rclrs_message_demo:/home/simulations/ros2_sims_ws/install/rclrs:/home/simulations/ros2_sims_ws/install/rosidl_runtime_rs:/home/user/ros2_ws/install/project_mapping:/home/user/ros2_ws/install/project_localization:/home/user/ros2_ws/install/path_planner_server:/home/user/ros2_ws/install/nav2_project:/opt/ros/humble _=/usr/bin/env /usr/bin/cmake --build /home/user/ros2_ws/build/nav2_course -- -j8 -l8
[5.519s] Invoking command in '/home/user/ros2_ws/build/nav2_course': CMAKE_PREFIX_PATH=${CMAKE_PREFIX_PATH}:/home/simulations/ros2_sims_ws/install/rclrs_tests:/home/simulations/ros2_sims_ws/install/examples_rclrs_minimal_client_service:/home/simulations/ros2_sims_ws/install/sensor_msgs_py:/home/simulations/ros2_sims_ws/install/examples_rclrs_minimal_pub_sub:/home/simulations/ros2_sims_ws/install/examples_rclrs_message_demo:/home/simulations/ros2_sims_ws/install/rclrs:/home/simulations/ros2_sims_ws/install/rosidl_runtime_rs:/home/user/ros2_ws/install/project_mapping:/home/user/ros2_ws/install/project_localization:/home/user/ros2_ws/install/path_planner_server:/home/user/ros2_ws/install/nav2_project:/opt/ros/humble _=/usr/bin/env /usr/bin/cmake --install /home/user/ros2_ws/build/nav2_course
[5.598s] -- Install configuration: "Release"
[5.598s] -- Up-to-date: /home/user/ros2_ws/install/nav2_course/share/nav2_course/launch
[5.598s] -- Up-to-date: /home/user/ros2_ws/install/nav2_course/share/nav2_course/launch/map_saver.launch.py
[5.599s] -- Up-to-date: /home/user/ros2_ws/install/nav2_course/share/nav2_course/launch/localization_launch.py
[5.599s] -- Up-to-date: /home/user/ros2_ws/install/nav2_course/share/nav2_course/launch/rviz.launch.py
[5.599s] -- Up-to-date: /home/user/ros2_ws/install/nav2_course/share/nav2_course/launch/map_server_launch.py
[5.599s] -- Up-to-date: /home/user/ros2_ws/install/nav2_course/share/nav2_course/launch/nav2_demo.launch.py
[5.599s] -- Up-to-date: /home/user/ros2_ws/install/nav2_course/share/nav2_course/launch/tb3_world_navigation_with_tools_launch.py
[5.599s] -- Up-to-date: /home/user/ros2_ws/install/nav2_course/share/nav2_course/launch/nav2_complete.launch.py
[5.600s] -- Up-to-date: /home/user/ros2_ws/install/nav2_course/share/nav2_course/launch/navigation2_launch.py
[5.600s] -- Up-to-date: /home/user/ros2_ws/install/nav2_course/share/nav2_course/config
[5.600s] -- Up-to-date: /home/user/ros2_ws/install/nav2_course/share/nav2_course/config/nav2_house_sim_params.yaml
[5.600s] -- Up-to-date: /home/user/ros2_ws/install/nav2_course/share/nav2_course/config/navigate_w_replanning_and_recovery_old.xml
[5.600s] -- Up-to-date: /home/user/ros2_ws/install/nav2_course/share/nav2_course/config/turtlebot3_world.yaml
[5.600s] -- Up-to-date: /home/user/ros2_ws/install/nav2_course/share/nav2_course/config/turtlebot3_world.pgm
[5.601s] -- Up-to-date: /home/user/ros2_ws/install/nav2_course/share/nav2_course/config/default.rviz
[5.601s] -- Up-to-date: /home/user/ros2_ws/install/nav2_course/share/nav2_course/config/navigate_w_replanning_and_recovery.xml
[5.601s] -- Up-to-date: /home/user/ros2_ws/install/nav2_course/share/nav2_course/config/nav2_default_view.rviz
[5.601s] -- Up-to-date: /home/user/ros2_ws/install/nav2_course/share/nav2_course/config/nav2.yaml
[5.601s] -- Up-to-date: /home/user/ros2_ws/install/nav2_course/share/nav2_course/config/localization_params.yaml
[5.601s] -- Up-to-date: /home/user/ros2_ws/install/nav2_course/share/nav2_course/config/nav2_params.yaml
[5.602s] -- Up-to-date: /home/user/ros2_ws/install/nav2_course/share/nav2_course/worlds
[5.602s] -- Up-to-date: /home/user/ros2_ws/install/nav2_course/share/nav2_course/worlds/waffle.model
[5.602s] -- Up-to-date: /home/user/ros2_ws/install/nav2_course/share/nav2_course/worlds/world_only.model
[5.602s] -- Up-to-date: /home/user/ros2_ws/install/nav2_course/share/nav2_course/worlds/house_waffle.model
[5.602s] -- Up-to-date: /home/user/ros2_ws/install/nav2_course/share/nav2_course/maps
[5.602s] -- Up-to-date: /home/user/ros2_ws/install/nav2_course/share/nav2_course/maps/turtlebot_area.yaml
[5.602s] -- Up-to-date: /home/user/ros2_ws/install/nav2_course/share/nav2_course/maps/turtlebot_area.pgm
[5.602s] -- Up-to-date: /home/user/ros2_ws/install/nav2_course/share/ament_index/resource_index/package_run_dependencies/nav2_course
[5.602s] -- Up-to-date: /home/user/ros2_ws/install/nav2_course/share/ament_index/resource_index/parent_prefix_path/nav2_course
[5.602s] -- Up-to-date: /home/user/ros2_ws/install/nav2_course/share/nav2_course/environment/ament_prefix_path.sh
[5.602s] -- Up-to-date: /home/user/ros2_ws/install/nav2_course/share/nav2_course/environment/ament_prefix_path.dsv
[5.602s] -- Up-to-date: /home/user/ros2_ws/install/nav2_course/share/nav2_course/environment/path.sh
[5.603s] -- Up-to-date: /home/user/ros2_ws/install/nav2_course/share/nav2_course/environment/path.dsv
[5.603s] -- Up-to-date: /home/user/ros2_ws/install/nav2_course/share/nav2_course/local_setup.bash
[5.603s] -- Up-to-date: /home/user/ros2_ws/install/nav2_course/share/nav2_course/local_setup.sh
[5.603s] -- Up-to-date: /home/user/ros2_ws/install/nav2_course/share/nav2_course/local_setup.zsh
[5.603s] -- Up-to-date: /home/user/ros2_ws/install/nav2_course/share/nav2_course/local_setup.dsv
[5.604s] -- Installing: /home/user/ros2_ws/install/nav2_course/share/nav2_course/package.dsv
[5.604s] -- Up-to-date: /home/user/ros2_ws/install/nav2_course/share/ament_index/resource_index/packages/nav2_course
[5.604s] -- Up-to-date: /home/user/ros2_ws/install/nav2_course/share/nav2_course/cmake/nav2_courseConfig.cmake
[5.604s] -- Up-to-date: /home/user/ros2_ws/install/nav2_course/share/nav2_course/cmake/nav2_courseConfig-version.cmake
[5.604s] -- Up-to-date: /home/user/ros2_ws/install/nav2_course/share/nav2_course/package.xml
[5.607s] Invoked command in '/home/user/ros2_ws/build/nav2_course' returned '0': CMAKE_PREFIX_PATH=${CMAKE_PREFIX_PATH}:/home/simulations/ros2_sims_ws/install/rclrs_tests:/home/simulations/ros2_sims_ws/install/examples_rclrs_minimal_client_service:/home/simulations/ros2_sims_ws/install/sensor_msgs_py:/home/simulations/ros2_sims_ws/install/examples_rclrs_minimal_pub_sub:/home/simulations/ros2_sims_ws/install/examples_rclrs_message_demo:/home/simulations/ros2_sims_ws/install/rclrs:/home/simulations/ros2_sims_ws/install/rosidl_runtime_rs:/home/user/ros2_ws/install/project_mapping:/home/user/ros2_ws/install/project_localization:/home/user/ros2_ws/install/path_planner_server:/home/user/ros2_ws/install/nav2_project:/opt/ros/humble _=/usr/bin/env /usr/bin/cmake --install /home/user/ros2_ws/build/nav2_course
