[2.770s] Invoking command in '/home/user/ros2_ws/src/project_mapping': PYTHONPATH=/home/user/ros2_ws/build/project_mapping/prefix_override:/home/user/ros2_ws/install/project_mapping/lib/python3.10/site-packages:${PYTHONPATH} _=/usr/bin/env /usr/bin/python3 setup.py egg_info --egg-base ../../build/project_mapping build --build-base /home/user/ros2_ws/build/project_mapping/build install --record /home/user/ros2_ws/build/project_mapping/install.log --single-version-externally-managed
[3.384s] running egg_info
[3.385s] creating ../../build/project_mapping/project_mapping.egg-info
[3.385s] writing ../../build/project_mapping/project_mapping.egg-info/PKG-INFO
[3.385s] writing dependency_links to ../../build/project_mapping/project_mapping.egg-info/dependency_links.txt
[3.385s] writing entry points to ../../build/project_mapping/project_mapping.egg-info/entry_points.txt
[3.386s] writing requirements to ../../build/project_mapping/project_mapping.egg-info/requires.txt
[3.386s] writing top-level names to ../../build/project_mapping/project_mapping.egg-info/top_level.txt
[3.386s] writing manifest file '../../build/project_mapping/project_mapping.egg-info/SOURCES.txt'
[3.388s] reading manifest file '../../build/project_mapping/project_mapping.egg-info/SOURCES.txt'
[3.390s] writing manifest file '../../build/project_mapping/project_mapping.egg-info/SOURCES.txt'
[3.390s] running build
[3.390s] running build_py
[3.390s] creating /home/user/ros2_ws/build/project_mapping/build
[3.390s] creating /home/user/ros2_ws/build/project_mapping/build/lib
[3.391s] creating /home/user/ros2_ws/build/project_mapping/build/lib/project_mapping
[3.391s] copying project_mapping/__init__.py -> /home/user/ros2_ws/build/project_mapping/build/lib/project_mapping
[3.391s] running install
[3.391s] /usr/lib/python3/dist-packages/setuptools/command/install.py:34: SetuptoolsDeprecationWarning: setup.py install is deprecated. Use build and pip and other standards-based tools.
[3.391s]   warnings.warn(
[3.392s] running install_lib
[3.393s] creating /home/user/ros2_ws/install/project_mapping/lib/python3.10/site-packages/project_mapping
[3.393s] copying /home/user/ros2_ws/build/project_mapping/build/lib/project_mapping/__init__.py -> /home/user/ros2_ws/install/project_mapping/lib/python3.10/site-packages/project_mapping
[3.395s] byte-compiling /home/user/ros2_ws/install/project_mapping/lib/python3.10/site-packages/project_mapping/__init__.py to __init__.cpython-310.pyc
[3.395s] running install_data
[3.396s] creating /home/user/ros2_ws/install/project_mapping/share/ament_index
[3.396s] creating /home/user/ros2_ws/install/project_mapping/share/ament_index/resource_index
[3.397s] creating /home/user/ros2_ws/install/project_mapping/share/ament_index/resource_index/packages
[3.397s] copying resource/project_mapping -> /home/user/ros2_ws/install/project_mapping/share/ament_index/resource_index/packages
[3.398s] copying package.xml -> /home/user/ros2_ws/install/project_mapping/share/project_mapping
[3.398s] creating /home/user/ros2_ws/install/project_mapping/share/project_mapping/launch
[3.398s] copying launch/map_saver.launch.py -> /home/user/ros2_ws/install/project_mapping/share/project_mapping/launch
[3.399s] copying launch/cartographer.launch.py -> /home/user/ros2_ws/install/project_mapping/share/project_mapping/launch
[3.399s] creating /home/user/ros2_ws/install/project_mapping/share/project_mapping/config
[3.399s] copying config/cartographer.lua -> /home/user/ros2_ws/install/project_mapping/share/project_mapping/config
[3.399s] running install_egg_info
[3.400s] Copying ../../build/project_mapping/project_mapping.egg-info to /home/user/ros2_ws/install/project_mapping/lib/python3.10/site-packages/project_mapping-0.0.0-py3.10.egg-info
[3.402s] running install_scripts
[3.440s] writing list of installed files to '/home/user/ros2_ws/build/project_mapping/install.log'
[3.481s] Invoked command in '/home/user/ros2_ws/src/project_mapping' returned '0': PYTHONPATH=/home/user/ros2_ws/build/project_mapping/prefix_override:/home/user/ros2_ws/install/project_mapping/lib/python3.10/site-packages:${PYTHONPATH} _=/usr/bin/env /usr/bin/python3 setup.py egg_info --egg-base ../../build/project_mapping build --build-base /home/user/ros2_ws/build/project_mapping/build install --record /home/user/ros2_ws/build/project_mapping/install.log --single-version-externally-managed
