[5.699s] Invoking command in '/home/user/ros2_ws/src/project_mapping': PYTHONPATH=/home/user/ros2_ws/build/project_mapping/prefix_override:/home/user/ros2_ws/install/project_mapping/lib/python3.10/site-packages:${PYTHONPATH} _=/usr/bin/env /usr/bin/python3 setup.py egg_info --egg-base ../../build/project_mapping build --build-base /home/user/ros2_ws/build/project_mapping/build install --record /home/user/ros2_ws/build/project_mapping/install.log --single-version-externally-managed
[6.788s] running egg_info
[6.789s] writing ../../build/project_mapping/project_mapping.egg-info/PKG-INFO
[6.790s] writing dependency_links to ../../build/project_mapping/project_mapping.egg-info/dependency_links.txt
[6.790s] writing entry points to ../../build/project_mapping/project_mapping.egg-info/entry_points.txt
[6.790s] writing requirements to ../../build/project_mapping/project_mapping.egg-info/requires.txt
[6.790s] writing top-level names to ../../build/project_mapping/project_mapping.egg-info/top_level.txt
[6.794s] reading manifest file '../../build/project_mapping/project_mapping.egg-info/SOURCES.txt'
[6.863s] writing manifest file '../../build/project_mapping/project_mapping.egg-info/SOURCES.txt'
[6.863s] running build
[6.863s] running build_py
[6.864s] running install
[6.864s] /usr/lib/python3/dist-packages/setuptools/command/install.py:34: SetuptoolsDeprecationWarning: setup.py install is deprecated. Use build and pip and other standards-based tools.
[6.864s]   warnings.warn(
[6.866s] running install_lib
[6.869s] running install_data
[6.869s] copying config/turtlebot_area_real.yaml -> /home/user/ros2_ws/install/project_mapping/share/project_mapping/config
[6.869s] running install_egg_info
[6.874s] removing '/home/user/ros2_ws/install/project_mapping/lib/python3.10/site-packages/project_mapping-0.0.0-py3.10.egg-info' (and everything under it)
[6.874s] Copying ../../build/project_mapping/project_mapping.egg-info to /home/user/ros2_ws/install/project_mapping/lib/python3.10/site-packages/project_mapping-0.0.0-py3.10.egg-info
[6.882s] running install_scripts
[6.978s] writing list of installed files to '/home/user/ros2_ws/build/project_mapping/install.log'
[7.079s] Invoked command in '/home/user/ros2_ws/src/project_mapping' returned '0': PYTHONPATH=/home/user/ros2_ws/build/project_mapping/prefix_override:/home/user/ros2_ws/install/project_mapping/lib/python3.10/site-packages:${PYTHONPATH} _=/usr/bin/env /usr/bin/python3 setup.py egg_info --egg-base ../../build/project_mapping build --build-base /home/user/ros2_ws/build/project_mapping/build install --record /home/user/ros2_ws/build/project_mapping/install.log --single-version-externally-managed
