[2.852s] Invoking command in '/home/user/ros2_ws/src/ros2_nav_files/nav2_project': PYTHONPATH=/home/user/ros2_ws/build/nav2_project/prefix_override:/home/user/ros2_ws/install/nav2_project/lib/python3.10/site-packages:${PYTHONPATH} _=/usr/bin/env /usr/bin/python3 setup.py egg_info --egg-base ../../../build/nav2_project build --build-base /home/user/ros2_ws/build/nav2_project/build install --record /home/user/ros2_ws/build/nav2_project/install.log --install-scripts $base/lib/nav2_project --single-version-externally-managed
[3.557s] /usr/lib/python3/dist-packages/setuptools/dist.py:723: UserWarning: Usage of dash-separated 'script-dir' will not be supported in future versions. Please use the underscore name 'script_dir' instead
[3.558s]   warnings.warn(
[3.571s] running egg_info
[3.572s] writing ../../../build/nav2_project/nav2_project.egg-info/PKG-INFO
[3.573s] writing dependency_links to ../../../build/nav2_project/nav2_project.egg-info/dependency_links.txt
[3.573s] writing entry points to ../../../build/nav2_project/nav2_project.egg-info/entry_points.txt
[3.573s] writing requirements to ../../../build/nav2_project/nav2_project.egg-info/requires.txt
[3.573s] writing top-level names to ../../../build/nav2_project/nav2_project.egg-info/top_level.txt
[3.576s] reading manifest file '../../../build/nav2_project/nav2_project.egg-info/SOURCES.txt'
[3.578s] writing manifest file '../../../build/nav2_project/nav2_project.egg-info/SOURCES.txt'
[3.578s] running build
[3.578s] running build_py
[3.579s] running install
[3.580s] /usr/lib/python3/dist-packages/setuptools/command/install.py:34: SetuptoolsDeprecationWarning: setup.py install is deprecated. Use build and pip and other standards-based tools.
[3.580s]   warnings.warn(
[3.581s] running install_lib
[3.583s] running install_data
[3.584s] running install_egg_info
[3.586s] removing '/home/user/ros2_ws/install/nav2_project/lib/python3.10/site-packages/nav2_project-0.0.0-py3.10.egg-info' (and everything under it)
[3.587s] Copying ../../../build/nav2_project/nav2_project.egg-info to /home/user/ros2_ws/install/nav2_project/lib/python3.10/site-packages/nav2_project-0.0.0-py3.10.egg-info
[3.590s] running install_scripts
[3.666s] Installing go_to_pose script to /home/user/ros2_ws/install/nav2_project/lib/nav2_project
[3.667s] Installing spot_recorder script to /home/user/ros2_ws/install/nav2_project/lib/nav2_project
[3.667s] writing list of installed files to '/home/user/ros2_ws/build/nav2_project/install.log'
[3.762s] Invoked command in '/home/user/ros2_ws/src/ros2_nav_files/nav2_project' returned '0': PYTHONPATH=/home/user/ros2_ws/build/nav2_project/prefix_override:/home/user/ros2_ws/install/nav2_project/lib/python3.10/site-packages:${PYTHONPATH} _=/usr/bin/env /usr/bin/python3 setup.py egg_info --egg-base ../../../build/nav2_project build --build-base /home/user/ros2_ws/build/nav2_project/build install --record /home/user/ros2_ws/build/nav2_project/install.log --install-scripts $base/lib/nav2_project --single-version-externally-managed
