[2.501s] Invoking command in '/home/user/ros2_ws/src/project_localization': PYTHONPATH=/home/user/ros2_ws/build/project_localization/prefix_override:/home/user/ros2_ws/install/project_localization/lib/python3.10/site-packages:${PYTHONPATH} _=/usr/bin/env /usr/bin/python3 setup.py egg_info --egg-base ../../build/project_localization build --build-base /home/user/ros2_ws/build/project_localization/build install --record /home/user/ros2_ws/build/project_localization/install.log --single-version-externally-managed
[3.223s] running egg_info
[3.224s] writing ../../build/project_localization/project_localization.egg-info/PKG-INFO
[3.225s] writing dependency_links to ../../build/project_localization/project_localization.egg-info/dependency_links.txt
[3.225s] writing entry points to ../../build/project_localization/project_localization.egg-info/entry_points.txt
[3.225s] writing requirements to ../../build/project_localization/project_localization.egg-info/requires.txt
[3.226s] writing top-level names to ../../build/project_localization/project_localization.egg-info/top_level.txt
[3.228s] reading manifest file '../../build/project_localization/project_localization.egg-info/SOURCES.txt'
[3.230s] writing manifest file '../../build/project_localization/project_localization.egg-info/SOURCES.txt'
[3.230s] running build
[3.230s] running build_py
[3.231s] copying project_localization/initial_pose_pub.py -> /home/user/ros2_ws/build/project_localization/build/lib/project_localization
[3.231s] running install
[3.232s] /usr/lib/python3/dist-packages/setuptools/command/install.py:34: SetuptoolsDeprecationWarning: setup.py install is deprecated. Use build and pip and other standards-based tools.
[3.232s]   warnings.warn(
[3.232s] running install_lib
[3.234s] copying /home/user/ros2_ws/build/project_localization/build/lib/project_localization/initial_pose_pub.py -> /home/user/ros2_ws/install/project_localization/lib/python3.10/site-packages/project_localization
[3.235s] byte-compiling /home/user/ros2_ws/install/project_localization/lib/python3.10/site-packages/project_localization/initial_pose_pub.py to initial_pose_pub.cpython-310.pyc
[3.236s] running install_data
[3.237s] copying launch/init_robot.launch.py -> /home/user/ros2_ws/install/project_localization/share/project_localization/launch
[3.237s] running install_egg_info
[3.241s] removing '/home/user/ros2_ws/install/project_localization/lib/python3.10/site-packages/project_localization-0.0.0-py3.10.egg-info' (and everything under it)
[3.241s] Copying ../../build/project_localization/project_localization.egg-info to /home/user/ros2_ws/install/project_localization/lib/python3.10/site-packages/project_localization-0.0.0-py3.10.egg-info
[3.242s] running install_scripts
[3.341s] Installing initial_pose_pub script to /home/user/ros2_ws/install/project_localization/lib/project_localization
[3.343s] writing list of installed files to '/home/user/ros2_ws/build/project_localization/install.log'
[3.383s] Invoked command in '/home/user/ros2_ws/src/project_localization' returned '0': PYTHONPATH=/home/user/ros2_ws/build/project_localization/prefix_override:/home/user/ros2_ws/install/project_localization/lib/python3.10/site-packages:${PYTHONPATH} _=/usr/bin/env /usr/bin/python3 setup.py egg_info --egg-base ../../build/project_localization build --build-base /home/user/ros2_ws/build/project_localization/build install --record /home/user/ros2_ws/build/project_localization/install.log --single-version-externally-managed
