[2.508s] Invoking command in '/home/user/ros2_ws/src/project_mapping': PYTHONPATH=/home/user/ros2_ws/build/project_mapping/prefix_override:/home/user/ros2_ws/install/project_mapping/lib/python3.10/site-packages:${PYTHONPATH} _=/usr/bin/env /usr/bin/python3 setup.py egg_info --egg-base ../../build/project_mapping build --build-base /home/user/ros2_ws/build/project_mapping/build install --record /home/user/ros2_ws/build/project_mapping/install.log --single-version-externally-managed
[3.342s] running egg_info
[3.347s] writing ../../build/project_mapping/project_mapping.egg-info/PKG-INFO
[3.347s] writing dependency_links to ../../build/project_mapping/project_mapping.egg-info/dependency_links.txt
[3.347s] writing entry points to ../../build/project_mapping/project_mapping.egg-info/entry_points.txt
[3.347s] writing requirements to ../../build/project_mapping/project_mapping.egg-info/requires.txt
[3.347s] writing top-level names to ../../build/project_mapping/project_mapping.egg-info/top_level.txt
[3.348s] reading manifest file '../../build/project_mapping/project_mapping.egg-info/SOURCES.txt'
[3.350s] writing manifest file '../../build/project_mapping/project_mapping.egg-info/SOURCES.txt'
[3.358s] running build
[3.359s] running build_py
[3.360s] running install
[3.360s] /usr/lib/python3/dist-packages/setuptools/command/install.py:34: SetuptoolsDeprecationWarning: setup.py install is deprecated. Use build and pip and other standards-based tools.
[3.360s]   warnings.warn(
[3.360s] running install_lib
[3.360s] running install_data
[3.360s] running install_egg_info
[3.360s] removing '/home/user/ros2_ws/install/project_mapping/lib/python3.10/site-packages/project_mapping-0.0.0-py3.10.egg-info' (and everything under it)
[3.361s] Copying ../../build/project_mapping/project_mapping.egg-info to /home/user/ros2_ws/install/project_mapping/lib/python3.10/site-packages/project_mapping-0.0.0-py3.10.egg-info
[3.363s] running install_scripts
[3.456s] writing list of installed files to '/home/user/ros2_ws/build/project_mapping/install.log'
[3.490s] Invoked command in '/home/user/ros2_ws/src/project_mapping' returned '0': PYTHONPATH=/home/user/ros2_ws/build/project_mapping/prefix_override:/home/user/ros2_ws/install/project_mapping/lib/python3.10/site-packages:${PYTHONPATH} _=/usr/bin/env /usr/bin/python3 setup.py egg_info --egg-base ../../build/project_mapping build --build-base /home/user/ros2_ws/build/project_mapping/build install --record /home/user/ros2_ws/build/project_mapping/install.log --single-version-externally-managed
